[1.628s] Invoking command in '/home/user/Documents/Capstone/RCETI/rceti_controller': PYTHONPATH=/home/user/Documents/Capstone/RCETI/build/rceti_controller/prefix_override:/usr/lib/python3/dist-packages/colcon_core/task/python/colcon_distutils_commands:/home/user/Documents/Capstone/RCETI/install/rceti_controller/lib/python3.10/site-packages:${PYTHONPATH} /usr/bin/python3 -W ignore:setup.py install is deprecated -W ignore:easy_install command is deprecated setup.py egg_info --egg-base ../build/rceti_controller build --build-base /home/user/Documents/Capstone/RCETI/build/rceti_controller/build install --record /home/user/Documents/Capstone/RCETI/build/rceti_controller/install.log --single-version-externally-managed install_data
[1.933s] running egg_info
[1.933s] writing ../build/rceti_controller/rceti_controller.egg-info/PKG-INFO
[1.933s] writing dependency_links to ../build/rceti_controller/rceti_controller.egg-info/dependency_links.txt
[1.933s] writing entry points to ../build/rceti_controller/rceti_controller.egg-info/entry_points.txt
[1.933s] writing requirements to ../build/rceti_controller/rceti_controller.egg-info/requires.txt
[1.933s] writing top-level names to ../build/rceti_controller/rceti_controller.egg-info/top_level.txt
[1.940s] reading manifest file '../build/rceti_controller/rceti_controller.egg-info/SOURCES.txt'
[1.941s] adding license file 'LICENSE'
[1.946s] writing manifest file '../build/rceti_controller/rceti_controller.egg-info/SOURCES.txt'
[1.949s] running build
[1.949s] running build_py
[1.949s] running install
[1.949s] running install_lib
[1.951s] running install_data
[1.951s] running install_egg_info
[1.953s] removing '/home/user/Documents/Capstone/RCETI/install/rceti_controller/lib/python3.10/site-packages/rceti_controller-0.0.0-py3.10.egg-info' (and everything under it)
[1.960s] Copying ../build/rceti_controller/rceti_controller.egg-info to /home/user/Documents/Capstone/RCETI/install/rceti_controller/lib/python3.10/site-packages/rceti_controller-0.0.0-py3.10.egg-info
[1.960s] running install_scripts
[2.007s] Installing rceti_controller script to /home/user/Documents/Capstone/RCETI/install/rceti_controller/lib/rceti_controller
[2.010s] writing list of installed files to '/home/user/Documents/Capstone/RCETI/build/rceti_controller/install.log'
[2.035s] Invoked command in '/home/user/Documents/Capstone/RCETI/rceti_controller' returned '0': PYTHONPATH=/home/user/Documents/Capstone/RCETI/build/rceti_controller/prefix_override:/usr/lib/python3/dist-packages/colcon_core/task/python/colcon_distutils_commands:/home/user/Documents/Capstone/RCETI/install/rceti_controller/lib/python3.10/site-packages:${PYTHONPATH} /usr/bin/python3 -W ignore:setup.py install is deprecated -W ignore:easy_install command is deprecated setup.py egg_info --egg-base ../build/rceti_controller build --build-base /home/user/Documents/Capstone/RCETI/build/rceti_controller/build install --record /home/user/Documents/Capstone/RCETI/build/rceti_controller/install.log --single-version-externally-managed install_data
