[1.091s] Invoking command in '/home/user/Documents/Capstone/RCETI/build/rceti_support': CMAKE_PREFIX_PATH=${CMAKE_PREFIX_PATH}:/home/user/Documents/Capstone/RCETI/install/rceti_keyboard:/home/user/Documents/Capstone/RCETI/install/rceti_controller:/opt/ros/humble /usr/bin/cmake --build /home/user/Documents/Capstone/RCETI/build/rceti_support -- -j4 -l4
[1.222s] Invoked command in '/home/user/Documents/Capstone/RCETI/build/rceti_support' returned '0': CMAKE_PREFIX_PATH=${CMAKE_PREFIX_PATH}:/home/user/Documents/Capstone/RCETI/install/rceti_keyboard:/home/user/Documents/Capstone/RCETI/install/rceti_controller:/opt/ros/humble /usr/bin/cmake --build /home/user/Documents/Capstone/RCETI/build/rceti_support -- -j4 -l4
[1.235s] Invoking command in '/home/user/Documents/Capstone/RCETI/build/rceti_support': CMAKE_PREFIX_PATH=${CMAKE_PREFIX_PATH}:/home/user/Documents/Capstone/RCETI/install/rceti_keyboard:/home/user/Documents/Capstone/RCETI/install/rceti_controller:/opt/ros/humble /usr/bin/cmake --install /home/user/Documents/Capstone/RCETI/build/rceti_support
[1.240s] -- Install configuration: ""
[1.240s] -- Up-to-date: /home/user/Documents/Capstone/RCETI/install/rceti_support/share/rceti_support/config
[1.240s] -- Up-to-date: /home/user/Documents/Capstone/RCETI/install/rceti_support/share/rceti_support/config/visualize_description.rviz
[1.240s] -- Up-to-date: /home/user/Documents/Capstone/RCETI/install/rceti_support/share/rceti_support/launch
[1.241s] -- Up-to-date: /home/user/Documents/Capstone/RCETI/install/rceti_support/share/rceti_support/launch/load_rceti.launch.xml
[1.241s] -- Up-to-date: /home/user/Documents/Capstone/RCETI/install/rceti_support/share/rceti_support/launch/test_rceti.launch.xml
[1.241s] -- Up-to-date: /home/user/Documents/Capstone/RCETI/install/rceti_support/share/rceti_support/meshes
[1.241s] -- Up-to-date: /home/user/Documents/Capstone/RCETI/install/rceti_support/share/rceti_support/meshes/visual
[1.241s] -- Up-to-date: /home/user/Documents/Capstone/RCETI/install/rceti_support/share/rceti_support/meshes/visual/IF_body_frame_m.STL
[1.241s] -- Up-to-date: /home/user/Documents/Capstone/RCETI/install/rceti_support/share/rceti_support/meshes/visual/LA_slider_m.stl
[1.241s] -- Up-to-date: /home/user/Documents/Capstone/RCETI/install/rceti_support/share/rceti_support/meshes/visual/LA_rail.stl
[1.247s] -- Up-to-date: /home/user/Documents/Capstone/RCETI/install/rceti_support/share/rceti_support/meshes/visual/rot_m.STL
[1.247s] -- Up-to-date: /home/user/Documents/Capstone/RCETI/install/rceti_support/share/rceti_support/meshes/visual/rot_mot_m.STL
[1.248s] -- Up-to-date: /home/user/Documents/Capstone/RCETI/install/rceti_support/share/rceti_support/meshes/visual/IF_camera_frame_m.STL
[1.248s] -- Up-to-date: /home/user/Documents/Capstone/RCETI/install/rceti_support/share/rceti_support/urdf
[1.248s] -- Up-to-date: /home/user/Documents/Capstone/RCETI/install/rceti_support/share/rceti_support/urdf/rceti.xacro
[1.248s] -- Up-to-date: /home/user/Documents/Capstone/RCETI/install/rceti_support/share/rceti_support/urdf/rceti_macro.xacro
[1.248s] -- Up-to-date: /home/user/Documents/Capstone/RCETI/install/rceti_support/share/ament_index/resource_index/package_run_dependencies/rceti_support
[1.248s] -- Up-to-date: /home/user/Documents/Capstone/RCETI/install/rceti_support/share/ament_index/resource_index/parent_prefix_path/rceti_support
[1.248s] -- Up-to-date: /home/user/Documents/Capstone/RCETI/install/rceti_support/share/rceti_support/environment/ament_prefix_path.sh
[1.248s] -- Up-to-date: /home/user/Documents/Capstone/RCETI/install/rceti_support/share/rceti_support/environment/ament_prefix_path.dsv
[1.248s] -- Up-to-date: /home/user/Documents/Capstone/RCETI/install/rceti_support/share/rceti_support/environment/path.sh
[1.248s] -- Up-to-date: /home/user/Documents/Capstone/RCETI/install/rceti_support/share/rceti_support/environment/path.dsv
[1.249s] -- Up-to-date: /home/user/Documents/Capstone/RCETI/install/rceti_support/share/rceti_support/local_setup.bash
[1.249s] -- Up-to-date: /home/user/Documents/Capstone/RCETI/install/rceti_support/share/rceti_support/local_setup.sh
[1.249s] -- Up-to-date: /home/user/Documents/Capstone/RCETI/install/rceti_support/share/rceti_support/local_setup.zsh
[1.249s] -- Up-to-date: /home/user/Documents/Capstone/RCETI/install/rceti_support/share/rceti_support/local_setup.dsv
[1.249s] -- Installing: /home/user/Documents/Capstone/RCETI/install/rceti_support/share/rceti_support/package.dsv
[1.249s] -- Up-to-date: /home/user/Documents/Capstone/RCETI/install/rceti_support/share/ament_index/resource_index/packages/rceti_support
[1.249s] -- Up-to-date: /home/user/Documents/Capstone/RCETI/install/rceti_support/share/rceti_support/cmake/rceti_supportConfig.cmake
[1.250s] -- Up-to-date: /home/user/Documents/Capstone/RCETI/install/rceti_support/share/rceti_support/cmake/rceti_supportConfig-version.cmake
[1.250s] -- Up-to-date: /home/user/Documents/Capstone/RCETI/install/rceti_support/share/rceti_support/package.xml
[1.259s] Invoked command in '/home/user/Documents/Capstone/RCETI/build/rceti_support' returned '0': CMAKE_PREFIX_PATH=${CMAKE_PREFIX_PATH}:/home/user/Documents/Capstone/RCETI/install/rceti_keyboard:/home/user/Documents/Capstone/RCETI/install/rceti_controller:/opt/ros/humble /usr/bin/cmake --install /home/user/Documents/Capstone/RCETI/build/rceti_support
