[0.306s] DEBUG:colcon:Command line arguments: ['/usr/bin/colcon', 'build']
[0.306s] DEBUG:colcon:Parsed command line arguments: Namespace(log_base=None, log_level=None, verb_name='build', build_base='build', install_base='install', merge_install=False, symlink_install=False, test_result_base=None, continue_on_error=False, executor='parallel', parallel_workers=4, event_handlers=None, ignore_user_meta=False, metas=['./colcon.meta'], base_paths=['.'], packages_ignore=None, packages_ignore_regex=None, paths=None, packages_up_to=None, packages_up_to_regex=None, packages_above=None, packages_above_and_dependencies=None, packages_above_depth=None, packages_select_by_dep=None, packages_skip_by_dep=None, packages_skip_up_to=None, packages_select_build_failed=False, packages_skip_build_finished=False, packages_select_test_failures=False, packages_skip_test_passed=False, packages_select=None, packages_skip=None, packages_select_regex=None, packages_skip_regex=None, packages_start=None, packages_end=None, allow_overriding=[], cmake_args=None, cmake_target=None, cmake_target_skip_unavailable=False, cmake_clean_cache=False, cmake_clean_first=False, cmake_force_configure=False, ament_cmake_args=None, catkin_cmake_args=None, catkin_skip_building_tests=False, mixin_files=None, mixin=None, verb_parser=<colcon_mixin.mixin.mixin_argument.MixinArgumentDecorator object at 0x739d6ef6c340>, verb_extension=<colcon_core.verb.build.BuildVerb object at 0x739d6ef3fd30>, main=<bound method BuildVerb.main of <colcon_core.verb.build.BuildVerb object at 0x739d6ef3fd30>>, mixin_verb=('build',))
[0.775s] Level 1:colcon.colcon_core.package_discovery:discover_packages(colcon_meta) check parameters
[0.775s] Level 1:colcon.colcon_core.package_discovery:discover_packages(recursive) check parameters
[0.776s] Level 1:colcon.colcon_core.package_discovery:discover_packages(ignore) check parameters
[0.776s] Level 1:colcon.colcon_core.package_discovery:discover_packages(path) check parameters
[0.776s] Level 1:colcon.colcon_core.package_discovery:discover_packages(colcon_meta) discover
[0.776s] Level 1:colcon.colcon_core.package_discovery:discover_packages(recursive) discover
[0.776s] INFO:colcon.colcon_core.package_discovery:Crawling recursively for packages in '/home/user/Documents/Capstone/RCETI'
[0.777s] Level 1:colcon.colcon_core.package_identification:_identify(.) by extensions ['ignore', 'ignore_ament_install']
[0.777s] Level 1:colcon.colcon_core.package_identification:_identify(.) by extension 'ignore'
[0.778s] Level 1:colcon.colcon_core.package_identification:_identify(.) by extension 'ignore_ament_install'
[0.778s] Level 1:colcon.colcon_core.package_identification:_identify(.) by extensions ['colcon_pkg']
[0.778s] Level 1:colcon.colcon_core.package_identification:_identify(.) by extension 'colcon_pkg'
[0.778s] Level 1:colcon.colcon_core.package_identification:_identify(.) by extensions ['colcon_meta']
[0.778s] Level 1:colcon.colcon_core.package_identification:_identify(.) by extension 'colcon_meta'
[0.778s] Level 1:colcon.colcon_core.package_identification:_identify(.) by extensions ['ros']
[0.778s] Level 1:colcon.colcon_core.package_identification:_identify(.) by extension 'ros'
[0.799s] Level 1:colcon.colcon_core.package_identification:_identify(.) by extensions ['cmake', 'python']
[0.799s] Level 1:colcon.colcon_core.package_identification:_identify(.) by extension 'cmake'
[0.799s] Level 1:colcon.colcon_core.package_identification:_identify(.) by extension 'python'
[0.799s] Level 1:colcon.colcon_core.package_identification:_identify(.) by extensions ['python_setup_py']
[0.799s] Level 1:colcon.colcon_core.package_identification:_identify(.) by extension 'python_setup_py'
[0.800s] Level 1:colcon.colcon_core.package_identification:_identify(build) by extensions ['ignore', 'ignore_ament_install']
[0.800s] Level 1:colcon.colcon_core.package_identification:_identify(build) by extension 'ignore'
[0.801s] Level 1:colcon.colcon_core.package_identification:_identify(build) ignored
[0.801s] Level 1:colcon.colcon_core.package_identification:_identify(install) by extensions ['ignore', 'ignore_ament_install']
[0.802s] Level 1:colcon.colcon_core.package_identification:_identify(install) by extension 'ignore'
[0.802s] Level 1:colcon.colcon_core.package_identification:_identify(install) ignored
[0.802s] Level 1:colcon.colcon_core.package_identification:_identify(log) by extensions ['ignore', 'ignore_ament_install']
[0.802s] Level 1:colcon.colcon_core.package_identification:_identify(log) by extension 'ignore'
[0.802s] Level 1:colcon.colcon_core.package_identification:_identify(log) ignored
[0.803s] Level 1:colcon.colcon_core.package_identification:_identify(rceti_controller) by extensions ['ignore', 'ignore_ament_install']
[0.803s] Level 1:colcon.colcon_core.package_identification:_identify(rceti_controller) by extension 'ignore'
[0.803s] Level 1:colcon.colcon_core.package_identification:_identify(rceti_controller) by extension 'ignore_ament_install'
[0.803s] Level 1:colcon.colcon_core.package_identification:_identify(rceti_controller) by extensions ['colcon_pkg']
[0.804s] Level 1:colcon.colcon_core.package_identification:_identify(rceti_controller) by extension 'colcon_pkg'
[0.804s] Level 1:colcon.colcon_core.package_identification:_identify(rceti_controller) by extensions ['colcon_meta']
[0.804s] Level 1:colcon.colcon_core.package_identification:_identify(rceti_controller) by extension 'colcon_meta'
[0.804s] Level 1:colcon.colcon_core.package_identification:_identify(rceti_controller) by extensions ['ros']
[0.804s] Level 1:colcon.colcon_core.package_identification:_identify(rceti_controller) by extension 'ros'
[0.808s] DEBUG:colcon.colcon_core.package_identification:Package 'rceti_controller' with type 'ros.ament_python' and name 'rceti_controller'
[0.809s] Level 1:colcon.colcon_core.package_identification:_identify(rceti_deployment) by extensions ['ignore', 'ignore_ament_install']
[0.809s] Level 1:colcon.colcon_core.package_identification:_identify(rceti_deployment) by extension 'ignore'
[0.809s] Level 1:colcon.colcon_core.package_identification:_identify(rceti_deployment) by extension 'ignore_ament_install'
[0.809s] Level 1:colcon.colcon_core.package_identification:_identify(rceti_deployment) by extensions ['colcon_pkg']
[0.809s] Level 1:colcon.colcon_core.package_identification:_identify(rceti_deployment) by extension 'colcon_pkg'
[0.809s] Level 1:colcon.colcon_core.package_identification:_identify(rceti_deployment) by extensions ['colcon_meta']
[0.809s] Level 1:colcon.colcon_core.package_identification:_identify(rceti_deployment) by extension 'colcon_meta'
[0.809s] Level 1:colcon.colcon_core.package_identification:_identify(rceti_deployment) by extensions ['ros']
[0.809s] Level 1:colcon.colcon_core.package_identification:_identify(rceti_deployment) by extension 'ros'
[0.810s] DEBUG:colcon.colcon_core.package_identification:Package 'rceti_deployment' with type 'ros.ament_cmake' and name 'rceti_deployment'
[0.811s] Level 1:colcon.colcon_core.package_identification:_identify(rceti_keyboard) by extensions ['ignore', 'ignore_ament_install']
[0.812s] Level 1:colcon.colcon_core.package_identification:_identify(rceti_keyboard) by extension 'ignore'
[0.812s] Level 1:colcon.colcon_core.package_identification:_identify(rceti_keyboard) by extension 'ignore_ament_install'
[0.812s] Level 1:colcon.colcon_core.package_identification:_identify(rceti_keyboard) by extensions ['colcon_pkg']
[0.812s] Level 1:colcon.colcon_core.package_identification:_identify(rceti_keyboard) by extension 'colcon_pkg'
[0.812s] Level 1:colcon.colcon_core.package_identification:_identify(rceti_keyboard) by extensions ['colcon_meta']
[0.812s] Level 1:colcon.colcon_core.package_identification:_identify(rceti_keyboard) by extension 'colcon_meta'
[0.812s] Level 1:colcon.colcon_core.package_identification:_identify(rceti_keyboard) by extensions ['ros']
[0.812s] Level 1:colcon.colcon_core.package_identification:_identify(rceti_keyboard) by extension 'ros'
[0.813s] DEBUG:colcon.colcon_core.package_identification:Package 'rceti_keyboard' with type 'ros.ament_python' and name 'rceti_keyboard'
[0.814s] Level 1:colcon.colcon_core.package_identification:_identify(rceti_support) by extensions ['ignore', 'ignore_ament_install']
[0.815s] Level 1:colcon.colcon_core.package_identification:_identify(rceti_support) by extension 'ignore'
[0.815s] Level 1:colcon.colcon_core.package_identification:_identify(rceti_support) by extension 'ignore_ament_install'
[0.815s] Level 1:colcon.colcon_core.package_identification:_identify(rceti_support) by extensions ['colcon_pkg']
[0.815s] Level 1:colcon.colcon_core.package_identification:_identify(rceti_support) by extension 'colcon_pkg'
[0.815s] Level 1:colcon.colcon_core.package_identification:_identify(rceti_support) by extensions ['colcon_meta']
[0.815s] Level 1:colcon.colcon_core.package_identification:_identify(rceti_support) by extension 'colcon_meta'
[0.815s] Level 1:colcon.colcon_core.package_identification:_identify(rceti_support) by extensions ['ros']
[0.815s] Level 1:colcon.colcon_core.package_identification:_identify(rceti_support) by extension 'ros'
[0.816s] DEBUG:colcon.colcon_core.package_identification:Package 'rceti_support' with type 'ros.ament_cmake' and name 'rceti_support'
[0.817s] Level 1:colcon.colcon_core.package_discovery:discover_packages(recursive) using defaults
[0.817s] Level 1:colcon.colcon_core.package_discovery:discover_packages(ignore) discover
[0.817s] Level 1:colcon.colcon_core.package_discovery:discover_packages(ignore) using defaults
[0.817s] Level 1:colcon.colcon_core.package_discovery:discover_packages(path) discover
[0.817s] Level 1:colcon.colcon_core.package_discovery:discover_packages(path) using defaults
[0.875s] Level 1:colcon.colcon_core.package_discovery:discover_packages(prefix_path) check parameters
[0.876s] Level 1:colcon.colcon_core.package_discovery:discover_packages(prefix_path) discover
[0.882s] DEBUG:colcon.colcon_installed_package_information.package_discovery:Found 271 installed packages in /opt/ros/humble
[0.885s] Level 1:colcon.colcon_core.package_discovery:discover_packages(prefix_path) using defaults
[0.996s] Level 5:colcon.colcon_core.verb:set package 'rceti_controller' build argument 'cmake_args' from command line to 'None'
[0.996s] Level 5:colcon.colcon_core.verb:set package 'rceti_controller' build argument 'cmake_target' from command line to 'None'
[0.996s] Level 5:colcon.colcon_core.verb:set package 'rceti_controller' build argument 'cmake_target_skip_unavailable' from command line to 'False'
[0.996s] Level 5:colcon.colcon_core.verb:set package 'rceti_controller' build argument 'cmake_clean_cache' from command line to 'False'
[0.996s] Level 5:colcon.colcon_core.verb:set package 'rceti_controller' build argument 'cmake_clean_first' from command line to 'False'
[0.996s] Level 5:colcon.colcon_core.verb:set package 'rceti_controller' build argument 'cmake_force_configure' from command line to 'False'
[0.996s] Level 5:colcon.colcon_core.verb:set package 'rceti_controller' build argument 'ament_cmake_args' from command line to 'None'
[0.996s] Level 5:colcon.colcon_core.verb:set package 'rceti_controller' build argument 'catkin_cmake_args' from command line to 'None'
[0.996s] Level 5:colcon.colcon_core.verb:set package 'rceti_controller' build argument 'catkin_skip_building_tests' from command line to 'False'
[0.997s] DEBUG:colcon.colcon_core.verb:Building package 'rceti_controller' with the following arguments: {'ament_cmake_args': None, 'build_base': '/home/user/Documents/Capstone/RCETI/build/rceti_controller', 'catkin_cmake_args': None, 'catkin_skip_building_tests': False, 'cmake_args': None, 'cmake_clean_cache': False, 'cmake_clean_first': False, 'cmake_force_configure': False, 'cmake_target': None, 'cmake_target_skip_unavailable': False, 'install_base': '/home/user/Documents/Capstone/RCETI/install/rceti_controller', 'merge_install': False, 'path': '/home/user/Documents/Capstone/RCETI/rceti_controller', 'symlink_install': False, 'test_result_base': None}
[0.997s] Level 5:colcon.colcon_core.verb:set package 'rceti_deployment' build argument 'cmake_args' from command line to 'None'
[0.997s] Level 5:colcon.colcon_core.verb:set package 'rceti_deployment' build argument 'cmake_target' from command line to 'None'
[0.997s] Level 5:colcon.colcon_core.verb:set package 'rceti_deployment' build argument 'cmake_target_skip_unavailable' from command line to 'False'
[0.997s] Level 5:colcon.colcon_core.verb:set package 'rceti_deployment' build argument 'cmake_clean_cache' from command line to 'False'
[0.997s] Level 5:colcon.colcon_core.verb:set package 'rceti_deployment' build argument 'cmake_clean_first' from command line to 'False'
[0.997s] Level 5:colcon.colcon_core.verb:set package 'rceti_deployment' build argument 'cmake_force_configure' from command line to 'False'
[0.997s] Level 5:colcon.colcon_core.verb:set package 'rceti_deployment' build argument 'ament_cmake_args' from command line to 'None'
[0.997s] Level 5:colcon.colcon_core.verb:set package 'rceti_deployment' build argument 'catkin_cmake_args' from command line to 'None'
[0.997s] Level 5:colcon.colcon_core.verb:set package 'rceti_deployment' build argument 'catkin_skip_building_tests' from command line to 'False'
[0.998s] DEBUG:colcon.colcon_core.verb:Building package 'rceti_deployment' with the following arguments: {'ament_cmake_args': None, 'build_base': '/home/user/Documents/Capstone/RCETI/build/rceti_deployment', 'catkin_cmake_args': None, 'catkin_skip_building_tests': False, 'cmake_args': None, 'cmake_clean_cache': False, 'cmake_clean_first': False, 'cmake_force_configure': False, 'cmake_target': None, 'cmake_target_skip_unavailable': False, 'install_base': '/home/user/Documents/Capstone/RCETI/install/rceti_deployment', 'merge_install': False, 'path': '/home/user/Documents/Capstone/RCETI/rceti_deployment', 'symlink_install': False, 'test_result_base': None}
[0.998s] Level 5:colcon.colcon_core.verb:set package 'rceti_keyboard' build argument 'cmake_args' from command line to 'None'
[0.998s] Level 5:colcon.colcon_core.verb:set package 'rceti_keyboard' build argument 'cmake_target' from command line to 'None'
[0.998s] Level 5:colcon.colcon_core.verb:set package 'rceti_keyboard' build argument 'cmake_target_skip_unavailable' from command line to 'False'
[0.998s] Level 5:colcon.colcon_core.verb:set package 'rceti_keyboard' build argument 'cmake_clean_cache' from command line to 'False'
[0.998s] Level 5:colcon.colcon_core.verb:set package 'rceti_keyboard' build argument 'cmake_clean_first' from command line to 'False'
[0.998s] Level 5:colcon.colcon_core.verb:set package 'rceti_keyboard' build argument 'cmake_force_configure' from command line to 'False'
[0.999s] Level 5:colcon.colcon_core.verb:set package 'rceti_keyboard' build argument 'ament_cmake_args' from command line to 'None'
[0.999s] Level 5:colcon.colcon_core.verb:set package 'rceti_keyboard' build argument 'catkin_cmake_args' from command line to 'None'
[0.999s] Level 5:colcon.colcon_core.verb:set package 'rceti_keyboard' build argument 'catkin_skip_building_tests' from command line to 'False'
[0.999s] DEBUG:colcon.colcon_core.verb:Building package 'rceti_keyboard' with the following arguments: {'ament_cmake_args': None, 'build_base': '/home/user/Documents/Capstone/RCETI/build/rceti_keyboard', 'catkin_cmake_args': None, 'catkin_skip_building_tests': False, 'cmake_args': None, 'cmake_clean_cache': False, 'cmake_clean_first': False, 'cmake_force_configure': False, 'cmake_target': None, 'cmake_target_skip_unavailable': False, 'install_base': '/home/user/Documents/Capstone/RCETI/install/rceti_keyboard', 'merge_install': False, 'path': '/home/user/Documents/Capstone/RCETI/rceti_keyboard', 'symlink_install': False, 'test_result_base': None}
[1.000s] Level 5:colcon.colcon_core.verb:set package 'rceti_support' build argument 'cmake_args' from command line to 'None'
[1.000s] Level 5:colcon.colcon_core.verb:set package 'rceti_support' build argument 'cmake_target' from command line to 'None'
[1.000s] Level 5:colcon.colcon_core.verb:set package 'rceti_support' build argument 'cmake_target_skip_unavailable' from command line to 'False'
[1.000s] Level 5:colcon.colcon_core.verb:set package 'rceti_support' build argument 'cmake_clean_cache' from command line to 'False'
[1.000s] Level 5:colcon.colcon_core.verb:set package 'rceti_support' build argument 'cmake_clean_first' from command line to 'False'
[1.000s] Level 5:colcon.colcon_core.verb:set package 'rceti_support' build argument 'cmake_force_configure' from command line to 'False'
[1.000s] Level 5:colcon.colcon_core.verb:set package 'rceti_support' build argument 'ament_cmake_args' from command line to 'None'
[1.000s] Level 5:colcon.colcon_core.verb:set package 'rceti_support' build argument 'catkin_cmake_args' from command line to 'None'
[1.000s] Level 5:colcon.colcon_core.verb:set package 'rceti_support' build argument 'catkin_skip_building_tests' from command line to 'False'
[1.000s] DEBUG:colcon.colcon_core.verb:Building package 'rceti_support' with the following arguments: {'ament_cmake_args': None, 'build_base': '/home/user/Documents/Capstone/RCETI/build/rceti_support', 'catkin_cmake_args': None, 'catkin_skip_building_tests': False, 'cmake_args': None, 'cmake_clean_cache': False, 'cmake_clean_first': False, 'cmake_force_configure': False, 'cmake_target': None, 'cmake_target_skip_unavailable': False, 'install_base': '/home/user/Documents/Capstone/RCETI/install/rceti_support', 'merge_install': False, 'path': '/home/user/Documents/Capstone/RCETI/rceti_support', 'symlink_install': False, 'test_result_base': None}
[1.000s] INFO:colcon.colcon_core.executor:Executing jobs using 'parallel' executor
[1.002s] DEBUG:colcon.colcon_parallel_executor.executor.parallel:run_until_complete
[1.003s] INFO:colcon.colcon_ros.task.ament_python.build:Building ROS package in '/home/user/Documents/Capstone/RCETI/rceti_controller' with build type 'ament_python'
[1.003s] Level 1:colcon.colcon_core.shell:create_environment_hook('rceti_controller', 'ament_prefix_path')
[1.008s] INFO:colcon.colcon_core.plugin_system:Skipping extension 'colcon_core.shell.bat': Not used on non-Windows systems
[1.008s] INFO:colcon.colcon_core.shell:Creating environment hook '/home/user/Documents/Capstone/RCETI/install/rceti_controller/share/rceti_controller/hook/ament_prefix_path.ps1'
[1.011s] INFO:colcon.colcon_core.shell:Creating environment descriptor '/home/user/Documents/Capstone/RCETI/install/rceti_controller/share/rceti_controller/hook/ament_prefix_path.dsv'
[1.012s] INFO:colcon.colcon_core.shell:Creating environment hook '/home/user/Documents/Capstone/RCETI/install/rceti_controller/share/rceti_controller/hook/ament_prefix_path.sh'
[1.014s] INFO:colcon.colcon_core.shell:Skip shell extension 'powershell' for command environment: Not usable outside of PowerShell
[1.014s] DEBUG:colcon.colcon_core.shell:Skip shell extension 'dsv' for command environment
[1.021s] INFO:colcon.colcon_ros.task.ament_cmake.build:Building ROS package in '/home/user/Documents/Capstone/RCETI/rceti_deployment' with build type 'ament_cmake'
[1.022s] INFO:colcon.colcon_cmake.task.cmake.build:Building CMake package in '/home/user/Documents/Capstone/RCETI/rceti_deployment'
[1.022s] INFO:colcon.colcon_core.shell:Skip shell extension 'powershell' for command environment: Not usable outside of PowerShell
[1.023s] DEBUG:colcon.colcon_core.shell:Skip shell extension 'dsv' for command environment
[1.029s] INFO:colcon.colcon_ros.task.ament_python.build:Building ROS package in '/home/user/Documents/Capstone/RCETI/rceti_keyboard' with build type 'ament_python'
[1.029s] Level 1:colcon.colcon_core.shell:create_environment_hook('rceti_keyboard', 'ament_prefix_path')
[1.030s] INFO:colcon.colcon_core.shell:Creating environment hook '/home/user/Documents/Capstone/RCETI/install/rceti_keyboard/share/rceti_keyboard/hook/ament_prefix_path.ps1'
[1.033s] INFO:colcon.colcon_core.shell:Creating environment descriptor '/home/user/Documents/Capstone/RCETI/install/rceti_keyboard/share/rceti_keyboard/hook/ament_prefix_path.dsv'
[1.035s] INFO:colcon.colcon_core.shell:Creating environment hook '/home/user/Documents/Capstone/RCETI/install/rceti_keyboard/share/rceti_keyboard/hook/ament_prefix_path.sh'
[1.037s] INFO:colcon.colcon_core.shell:Skip shell extension 'powershell' for command environment: Not usable outside of PowerShell
[1.037s] DEBUG:colcon.colcon_core.shell:Skip shell extension 'dsv' for command environment
[1.044s] INFO:colcon.colcon_ros.task.ament_cmake.build:Building ROS package in '/home/user/Documents/Capstone/RCETI/rceti_support' with build type 'ament_cmake'
[1.044s] INFO:colcon.colcon_cmake.task.cmake.build:Building CMake package in '/home/user/Documents/Capstone/RCETI/rceti_support'
[1.045s] INFO:colcon.colcon_core.shell:Skip shell extension 'powershell' for command environment: Not usable outside of PowerShell
[1.046s] DEBUG:colcon.colcon_core.shell:Skip shell extension 'dsv' for command environment
[1.474s] INFO:colcon.colcon_core.task.python.build:Building Python package in '/home/user/Documents/Capstone/RCETI/rceti_controller'
[1.475s] INFO:colcon.colcon_core.shell:Skip shell extension 'powershell' for command environment: Not usable outside of PowerShell
[1.476s] DEBUG:colcon.colcon_core.shell:Skip shell extension 'dsv' for command environment
[1.491s] DEBUG:colcon.colcon_core.event_handler.log_command:Invoking command in '/home/user/Documents/Capstone/RCETI/build/rceti_deployment': CMAKE_PREFIX_PATH=/opt/ros/humble /usr/bin/cmake --build /home/user/Documents/Capstone/RCETI/build/rceti_deployment -- -j4 -l4
[1.981s] INFO:colcon.colcon_core.task.python.build:Building Python package in '/home/user/Documents/Capstone/RCETI/rceti_keyboard'
[1.982s] INFO:colcon.colcon_core.shell:Skip shell extension 'powershell' for command environment: Not usable outside of PowerShell
[1.983s] DEBUG:colcon.colcon_core.shell:Skip shell extension 'dsv' for command environment
[2.008s] DEBUG:colcon.colcon_core.event_handler.log_command:Invoking command in '/home/user/Documents/Capstone/RCETI/build/rceti_support': CMAKE_PREFIX_PATH=/opt/ros/humble /usr/bin/cmake --build /home/user/Documents/Capstone/RCETI/build/rceti_support -- -j4 -l4
[2.009s] DEBUG:colcon.colcon_core.event_handler.log_command:Invoked command in '/home/user/Documents/Capstone/RCETI/build/rceti_deployment' returned '0': CMAKE_PREFIX_PATH=/opt/ros/humble /usr/bin/cmake --build /home/user/Documents/Capstone/RCETI/build/rceti_deployment -- -j4 -l4
[2.025s] DEBUG:colcon.colcon_core.event_handler.log_command:Invoking command in '/home/user/Documents/Capstone/RCETI/build/rceti_deployment': CMAKE_PREFIX_PATH=/opt/ros/humble /usr/bin/cmake --install /home/user/Documents/Capstone/RCETI/build/rceti_deployment
[2.060s] Level 1:colcon.colcon_core.environment:create_environment_scripts_only(rceti_deployment)
[2.083s] DEBUG:colcon.colcon_core.event_handler.log_command:Invoked command in '/home/user/Documents/Capstone/RCETI/build/rceti_deployment' returned '0': CMAKE_PREFIX_PATH=/opt/ros/humble /usr/bin/cmake --install /home/user/Documents/Capstone/RCETI/build/rceti_deployment
[2.088s] Level 1:colcon.colcon_core.environment:checking '/home/user/Documents/Capstone/RCETI/install/rceti_deployment' for CMake module files
[2.090s] Level 1:colcon.colcon_core.environment:checking '/home/user/Documents/Capstone/RCETI/install/rceti_deployment' for CMake config files
[2.091s] Level 1:colcon.colcon_core.shell:create_environment_hook('rceti_deployment', 'cmake_prefix_path')
[2.091s] INFO:colcon.colcon_core.shell:Creating environment hook '/home/user/Documents/Capstone/RCETI/install/rceti_deployment/share/rceti_deployment/hook/cmake_prefix_path.ps1'
[2.094s] INFO:colcon.colcon_core.shell:Creating environment descriptor '/home/user/Documents/Capstone/RCETI/install/rceti_deployment/share/rceti_deployment/hook/cmake_prefix_path.dsv'
[2.095s] INFO:colcon.colcon_core.shell:Creating environment hook '/home/user/Documents/Capstone/RCETI/install/rceti_deployment/share/rceti_deployment/hook/cmake_prefix_path.sh'
[2.098s] Level 1:colcon.colcon_core.environment:checking '/home/user/Documents/Capstone/RCETI/install/rceti_deployment/bin'
[2.098s] Level 1:colcon.colcon_core.environment:checking '/home/user/Documents/Capstone/RCETI/install/rceti_deployment/lib/pkgconfig/rceti_deployment.pc'
[2.099s] Level 1:colcon.colcon_core.environment:checking '/home/user/Documents/Capstone/RCETI/install/rceti_deployment/lib/python3.10/site-packages'
[2.100s] Level 1:colcon.colcon_core.environment:checking '/home/user/Documents/Capstone/RCETI/install/rceti_deployment/bin'
[2.101s] INFO:colcon.colcon_core.shell:Creating package script '/home/user/Documents/Capstone/RCETI/install/rceti_deployment/share/rceti_deployment/package.ps1'
[2.104s] INFO:colcon.colcon_core.shell:Creating package descriptor '/home/user/Documents/Capstone/RCETI/install/rceti_deployment/share/rceti_deployment/package.dsv'
[2.106s] INFO:colcon.colcon_core.shell:Creating package script '/home/user/Documents/Capstone/RCETI/install/rceti_deployment/share/rceti_deployment/package.sh'
[2.107s] INFO:colcon.colcon_core.shell:Creating package script '/home/user/Documents/Capstone/RCETI/install/rceti_deployment/share/rceti_deployment/package.bash'
[2.110s] INFO:colcon.colcon_core.shell:Creating package script '/home/user/Documents/Capstone/RCETI/install/rceti_deployment/share/rceti_deployment/package.zsh'
[2.112s] Level 1:colcon.colcon_core.environment:create_file_with_runtime_dependencies(/home/user/Documents/Capstone/RCETI/install/rceti_deployment/share/colcon-core/packages/rceti_deployment)
[2.114s] Level 1:colcon.colcon_core.environment:create_environment_scripts_only(rceti_deployment)
[2.115s] Level 1:colcon.colcon_core.environment:checking '/home/user/Documents/Capstone/RCETI/install/rceti_deployment' for CMake module files
[2.116s] Level 1:colcon.colcon_core.environment:checking '/home/user/Documents/Capstone/RCETI/install/rceti_deployment' for CMake config files
[2.116s] Level 1:colcon.colcon_core.shell:create_environment_hook('rceti_deployment', 'cmake_prefix_path')
[2.117s] INFO:colcon.colcon_core.shell:Creating environment hook '/home/user/Documents/Capstone/RCETI/install/rceti_deployment/share/rceti_deployment/hook/cmake_prefix_path.ps1'
[2.119s] INFO:colcon.colcon_core.shell:Creating environment descriptor '/home/user/Documents/Capstone/RCETI/install/rceti_deployment/share/rceti_deployment/hook/cmake_prefix_path.dsv'
[2.120s] INFO:colcon.colcon_core.shell:Creating environment hook '/home/user/Documents/Capstone/RCETI/install/rceti_deployment/share/rceti_deployment/hook/cmake_prefix_path.sh'
[2.122s] Level 1:colcon.colcon_core.environment:checking '/home/user/Documents/Capstone/RCETI/install/rceti_deployment/bin'
[2.122s] Level 1:colcon.colcon_core.environment:checking '/home/user/Documents/Capstone/RCETI/install/rceti_deployment/lib/pkgconfig/rceti_deployment.pc'
[2.123s] Level 1:colcon.colcon_core.environment:checking '/home/user/Documents/Capstone/RCETI/install/rceti_deployment/lib/python3.10/site-packages'
[2.123s] Level 1:colcon.colcon_core.environment:checking '/home/user/Documents/Capstone/RCETI/install/rceti_deployment/bin'
[2.124s] INFO:colcon.colcon_core.shell:Creating package script '/home/user/Documents/Capstone/RCETI/install/rceti_deployment/share/rceti_deployment/package.ps1'
[2.126s] INFO:colcon.colcon_core.shell:Creating package descriptor '/home/user/Documents/Capstone/RCETI/install/rceti_deployment/share/rceti_deployment/package.dsv'
[2.128s] INFO:colcon.colcon_core.shell:Creating package script '/home/user/Documents/Capstone/RCETI/install/rceti_deployment/share/rceti_deployment/package.sh'
[2.130s] INFO:colcon.colcon_core.shell:Creating package script '/home/user/Documents/Capstone/RCETI/install/rceti_deployment/share/rceti_deployment/package.bash'
[2.131s] INFO:colcon.colcon_core.shell:Creating package script '/home/user/Documents/Capstone/RCETI/install/rceti_deployment/share/rceti_deployment/package.zsh'
[2.133s] Level 1:colcon.colcon_core.environment:create_file_with_runtime_dependencies(/home/user/Documents/Capstone/RCETI/install/rceti_deployment/share/colcon-core/packages/rceti_deployment)
[2.142s] DEBUG:colcon.colcon_core.event_handler.log_command:Invoked command in '/home/user/Documents/Capstone/RCETI/build/rceti_support' returned '0': CMAKE_PREFIX_PATH=/opt/ros/humble /usr/bin/cmake --build /home/user/Documents/Capstone/RCETI/build/rceti_support -- -j4 -l4
[2.148s] DEBUG:colcon.colcon_core.event_handler.log_command:Invoking command in '/home/user/Documents/Capstone/RCETI/build/rceti_support': CMAKE_PREFIX_PATH=/opt/ros/humble /usr/bin/cmake --install /home/user/Documents/Capstone/RCETI/build/rceti_support
[2.178s] Level 1:colcon.colcon_core.environment:create_environment_scripts_only(rceti_support)
[2.179s] Level 1:colcon.colcon_core.environment:checking '/home/user/Documents/Capstone/RCETI/install/rceti_support' for CMake module files
[2.183s] Level 1:colcon.colcon_core.environment:checking '/home/user/Documents/Capstone/RCETI/install/rceti_support' for CMake config files
[2.183s] Level 1:colcon.colcon_core.shell:create_environment_hook('rceti_support', 'cmake_prefix_path')
[2.184s] INFO:colcon.colcon_core.shell:Creating environment hook '/home/user/Documents/Capstone/RCETI/install/rceti_support/share/rceti_support/hook/cmake_prefix_path.ps1'
[2.185s] INFO:colcon.colcon_core.shell:Creating environment descriptor '/home/user/Documents/Capstone/RCETI/install/rceti_support/share/rceti_support/hook/cmake_prefix_path.dsv'
[2.185s] INFO:colcon.colcon_core.shell:Creating environment hook '/home/user/Documents/Capstone/RCETI/install/rceti_support/share/rceti_support/hook/cmake_prefix_path.sh'
[2.187s] Level 1:colcon.colcon_core.environment:checking '/home/user/Documents/Capstone/RCETI/install/rceti_support/bin'
[2.187s] Level 1:colcon.colcon_core.environment:checking '/home/user/Documents/Capstone/RCETI/install/rceti_support/lib/pkgconfig/rceti_support.pc'
[2.189s] Level 1:colcon.colcon_core.environment:checking '/home/user/Documents/Capstone/RCETI/install/rceti_support/lib/python3.10/site-packages'
[2.190s] Level 1:colcon.colcon_core.environment:checking '/home/user/Documents/Capstone/RCETI/install/rceti_support/bin'
[2.192s] INFO:colcon.colcon_core.shell:Creating package script '/home/user/Documents/Capstone/RCETI/install/rceti_support/share/rceti_support/package.ps1'
[2.196s] INFO:colcon.colcon_core.shell:Creating package descriptor '/home/user/Documents/Capstone/RCETI/install/rceti_support/share/rceti_support/package.dsv'
[2.198s] INFO:colcon.colcon_core.shell:Creating package script '/home/user/Documents/Capstone/RCETI/install/rceti_support/share/rceti_support/package.sh'
[2.199s] INFO:colcon.colcon_core.shell:Creating package script '/home/user/Documents/Capstone/RCETI/install/rceti_support/share/rceti_support/package.bash'
[2.204s] INFO:colcon.colcon_core.shell:Creating package script '/home/user/Documents/Capstone/RCETI/install/rceti_support/share/rceti_support/package.zsh'
[2.206s] Level 1:colcon.colcon_core.environment:create_file_with_runtime_dependencies(/home/user/Documents/Capstone/RCETI/install/rceti_support/share/colcon-core/packages/rceti_support)
[2.213s] Level 1:colcon.colcon_core.environment:create_environment_scripts_only(rceti_support)
[2.214s] Level 1:colcon.colcon_core.environment:checking '/home/user/Documents/Capstone/RCETI/install/rceti_support' for CMake module files
[2.220s] DEBUG:colcon.colcon_core.event_handler.log_command:Invoked command in '/home/user/Documents/Capstone/RCETI/build/rceti_support' returned '0': CMAKE_PREFIX_PATH=/opt/ros/humble /usr/bin/cmake --install /home/user/Documents/Capstone/RCETI/build/rceti_support
[2.220s] Level 1:colcon.colcon_core.environment:checking '/home/user/Documents/Capstone/RCETI/install/rceti_support' for CMake config files
[2.221s] Level 1:colcon.colcon_core.shell:create_environment_hook('rceti_support', 'cmake_prefix_path')
[2.222s] INFO:colcon.colcon_core.shell:Creating environment hook '/home/user/Documents/Capstone/RCETI/install/rceti_support/share/rceti_support/hook/cmake_prefix_path.ps1'
[2.225s] INFO:colcon.colcon_core.shell:Creating environment descriptor '/home/user/Documents/Capstone/RCETI/install/rceti_support/share/rceti_support/hook/cmake_prefix_path.dsv'
[2.226s] INFO:colcon.colcon_core.shell:Creating environment hook '/home/user/Documents/Capstone/RCETI/install/rceti_support/share/rceti_support/hook/cmake_prefix_path.sh'
[2.229s] Level 1:colcon.colcon_core.environment:checking '/home/user/Documents/Capstone/RCETI/install/rceti_support/bin'
[2.229s] Level 1:colcon.colcon_core.environment:checking '/home/user/Documents/Capstone/RCETI/install/rceti_support/lib/pkgconfig/rceti_support.pc'
[2.230s] Level 1:colcon.colcon_core.environment:checking '/home/user/Documents/Capstone/RCETI/install/rceti_support/lib/python3.10/site-packages'
[2.231s] Level 1:colcon.colcon_core.environment:checking '/home/user/Documents/Capstone/RCETI/install/rceti_support/bin'
[2.232s] INFO:colcon.colcon_core.shell:Creating package script '/home/user/Documents/Capstone/RCETI/install/rceti_support/share/rceti_support/package.ps1'
[2.234s] INFO:colcon.colcon_core.shell:Creating package descriptor '/home/user/Documents/Capstone/RCETI/install/rceti_support/share/rceti_support/package.dsv'
[2.237s] INFO:colcon.colcon_core.shell:Creating package script '/home/user/Documents/Capstone/RCETI/install/rceti_support/share/rceti_support/package.sh'
[2.243s] INFO:colcon.colcon_core.shell:Creating package script '/home/user/Documents/Capstone/RCETI/install/rceti_support/share/rceti_support/package.bash'
[2.248s] INFO:colcon.colcon_core.shell:Creating package script '/home/user/Documents/Capstone/RCETI/install/rceti_support/share/rceti_support/package.zsh'
[2.250s] Level 1:colcon.colcon_core.environment:create_file_with_runtime_dependencies(/home/user/Documents/Capstone/RCETI/install/rceti_support/share/colcon-core/packages/rceti_support)
[2.632s] DEBUG:colcon.colcon_core.event_handler.log_command:Invoking command in '/home/user/Documents/Capstone/RCETI/rceti_keyboard': PYTHONPATH=/home/user/Documents/Capstone/RCETI/build/rceti_keyboard/prefix_override:/usr/lib/python3/dist-packages/colcon_core/task/python/colcon_distutils_commands:/home/user/Documents/Capstone/RCETI/install/rceti_keyboard/lib/python3.10/site-packages:${PYTHONPATH} /usr/bin/python3 -W ignore:setup.py install is deprecated -W ignore:easy_install command is deprecated setup.py egg_info --egg-base ../build/rceti_keyboard build --build-base /home/user/Documents/Capstone/RCETI/build/rceti_keyboard/build install --record /home/user/Documents/Capstone/RCETI/build/rceti_keyboard/install.log --single-version-externally-managed install_data
[2.632s] DEBUG:colcon.colcon_core.event_handler.log_command:Invoking command in '/home/user/Documents/Capstone/RCETI/rceti_controller': PYTHONPATH=/home/user/Documents/Capstone/RCETI/build/rceti_controller/prefix_override:/usr/lib/python3/dist-packages/colcon_core/task/python/colcon_distutils_commands:/home/user/Documents/Capstone/RCETI/install/rceti_controller/lib/python3.10/site-packages:${PYTHONPATH} /usr/bin/python3 -W ignore:setup.py install is deprecated -W ignore:easy_install command is deprecated setup.py egg_info --egg-base ../build/rceti_controller build --build-base /home/user/Documents/Capstone/RCETI/build/rceti_controller/build install --record /home/user/Documents/Capstone/RCETI/build/rceti_controller/install.log --single-version-externally-managed install_data
[3.039s] Level 1:colcon.colcon_core.environment:checking '/home/user/Documents/Capstone/RCETI/install/rceti_controller' for CMake module files
[3.040s] DEBUG:colcon.colcon_core.event_handler.log_command:Invoked command in '/home/user/Documents/Capstone/RCETI/rceti_controller' returned '0': PYTHONPATH=/home/user/Documents/Capstone/RCETI/build/rceti_controller/prefix_override:/usr/lib/python3/dist-packages/colcon_core/task/python/colcon_distutils_commands:/home/user/Documents/Capstone/RCETI/install/rceti_controller/lib/python3.10/site-packages:${PYTHONPATH} /usr/bin/python3 -W ignore:setup.py install is deprecated -W ignore:easy_install command is deprecated setup.py egg_info --egg-base ../build/rceti_controller build --build-base /home/user/Documents/Capstone/RCETI/build/rceti_controller/build install --record /home/user/Documents/Capstone/RCETI/build/rceti_controller/install.log --single-version-externally-managed install_data
[3.040s] Level 1:colcon.colcon_core.environment:checking '/home/user/Documents/Capstone/RCETI/install/rceti_controller' for CMake config files
[3.041s] Level 1:colcon.colcon_core.environment:checking '/home/user/Documents/Capstone/RCETI/install/rceti_controller/lib'
[3.042s] Level 1:colcon.colcon_core.environment:checking '/home/user/Documents/Capstone/RCETI/install/rceti_controller/bin'
[3.042s] Level 1:colcon.colcon_core.environment:checking '/home/user/Documents/Capstone/RCETI/install/rceti_controller/lib/pkgconfig/rceti_controller.pc'
[3.042s] Level 1:colcon.colcon_core.environment:checking '/home/user/Documents/Capstone/RCETI/install/rceti_controller/lib/python3.10/site-packages'
[3.042s] Level 1:colcon.colcon_core.shell:create_environment_hook('rceti_controller', 'pythonpath')
[3.043s] INFO:colcon.colcon_core.shell:Creating environment hook '/home/user/Documents/Capstone/RCETI/install/rceti_controller/share/rceti_controller/hook/pythonpath.ps1'
[3.044s] INFO:colcon.colcon_core.shell:Creating environment descriptor '/home/user/Documents/Capstone/RCETI/install/rceti_controller/share/rceti_controller/hook/pythonpath.dsv'
[3.045s] INFO:colcon.colcon_core.shell:Creating environment hook '/home/user/Documents/Capstone/RCETI/install/rceti_controller/share/rceti_controller/hook/pythonpath.sh'
[3.046s] Level 1:colcon.colcon_core.environment:checking '/home/user/Documents/Capstone/RCETI/install/rceti_controller/bin'
[3.046s] Level 1:colcon.colcon_core.environment:create_environment_scripts_only(rceti_controller)
[3.046s] INFO:colcon.colcon_core.shell:Creating package script '/home/user/Documents/Capstone/RCETI/install/rceti_controller/share/rceti_controller/package.ps1'
[3.047s] INFO:colcon.colcon_core.shell:Creating package descriptor '/home/user/Documents/Capstone/RCETI/install/rceti_controller/share/rceti_controller/package.dsv'
[3.048s] INFO:colcon.colcon_core.shell:Creating package script '/home/user/Documents/Capstone/RCETI/install/rceti_controller/share/rceti_controller/package.sh'
[3.049s] INFO:colcon.colcon_core.shell:Creating package script '/home/user/Documents/Capstone/RCETI/install/rceti_controller/share/rceti_controller/package.bash'
[3.050s] INFO:colcon.colcon_core.shell:Creating package script '/home/user/Documents/Capstone/RCETI/install/rceti_controller/share/rceti_controller/package.zsh'
[3.051s] Level 1:colcon.colcon_core.environment:create_file_with_runtime_dependencies(/home/user/Documents/Capstone/RCETI/install/rceti_controller/share/colcon-core/packages/rceti_controller)
[3.065s] Level 1:colcon.colcon_core.environment:checking '/home/user/Documents/Capstone/RCETI/install/rceti_keyboard' for CMake module files
[3.066s] DEBUG:colcon.colcon_core.event_handler.log_command:Invoked command in '/home/user/Documents/Capstone/RCETI/rceti_keyboard' returned '0': PYTHONPATH=/home/user/Documents/Capstone/RCETI/build/rceti_keyboard/prefix_override:/usr/lib/python3/dist-packages/colcon_core/task/python/colcon_distutils_commands:/home/user/Documents/Capstone/RCETI/install/rceti_keyboard/lib/python3.10/site-packages:${PYTHONPATH} /usr/bin/python3 -W ignore:setup.py install is deprecated -W ignore:easy_install command is deprecated setup.py egg_info --egg-base ../build/rceti_keyboard build --build-base /home/user/Documents/Capstone/RCETI/build/rceti_keyboard/build install --record /home/user/Documents/Capstone/RCETI/build/rceti_keyboard/install.log --single-version-externally-managed install_data
[3.067s] Level 1:colcon.colcon_core.environment:checking '/home/user/Documents/Capstone/RCETI/install/rceti_keyboard' for CMake config files
[3.068s] Level 1:colcon.colcon_core.environment:checking '/home/user/Documents/Capstone/RCETI/install/rceti_keyboard/lib'
[3.068s] Level 1:colcon.colcon_core.environment:checking '/home/user/Documents/Capstone/RCETI/install/rceti_keyboard/bin'
[3.069s] Level 1:colcon.colcon_core.environment:checking '/home/user/Documents/Capstone/RCETI/install/rceti_keyboard/lib/pkgconfig/rceti_keyboard.pc'
[3.069s] Level 1:colcon.colcon_core.environment:checking '/home/user/Documents/Capstone/RCETI/install/rceti_keyboard/lib/python3.10/site-packages'
[3.069s] Level 1:colcon.colcon_core.shell:create_environment_hook('rceti_keyboard', 'pythonpath')
[3.069s] INFO:colcon.colcon_core.shell:Creating environment hook '/home/user/Documents/Capstone/RCETI/install/rceti_keyboard/share/rceti_keyboard/hook/pythonpath.ps1'
[3.071s] INFO:colcon.colcon_core.shell:Creating environment descriptor '/home/user/Documents/Capstone/RCETI/install/rceti_keyboard/share/rceti_keyboard/hook/pythonpath.dsv'
[3.071s] INFO:colcon.colcon_core.shell:Creating environment hook '/home/user/Documents/Capstone/RCETI/install/rceti_keyboard/share/rceti_keyboard/hook/pythonpath.sh'
[3.072s] Level 1:colcon.colcon_core.environment:checking '/home/user/Documents/Capstone/RCETI/install/rceti_keyboard/bin'
[3.072s] Level 1:colcon.colcon_core.environment:create_environment_scripts_only(rceti_keyboard)
[3.073s] INFO:colcon.colcon_core.shell:Creating package script '/home/user/Documents/Capstone/RCETI/install/rceti_keyboard/share/rceti_keyboard/package.ps1'
[3.074s] INFO:colcon.colcon_core.shell:Creating package descriptor '/home/user/Documents/Capstone/RCETI/install/rceti_keyboard/share/rceti_keyboard/package.dsv'
[3.075s] INFO:colcon.colcon_core.shell:Creating package script '/home/user/Documents/Capstone/RCETI/install/rceti_keyboard/share/rceti_keyboard/package.sh'
[3.076s] INFO:colcon.colcon_core.shell:Creating package script '/home/user/Documents/Capstone/RCETI/install/rceti_keyboard/share/rceti_keyboard/package.bash'
[3.077s] INFO:colcon.colcon_core.shell:Creating package script '/home/user/Documents/Capstone/RCETI/install/rceti_keyboard/share/rceti_keyboard/package.zsh'
[3.077s] Level 1:colcon.colcon_core.environment:create_file_with_runtime_dependencies(/home/user/Documents/Capstone/RCETI/install/rceti_keyboard/share/colcon-core/packages/rceti_keyboard)
[3.078s] DEBUG:colcon.colcon_parallel_executor.executor.parallel:closing loop
[3.079s] DEBUG:colcon.colcon_parallel_executor.executor.parallel:loop closed
[3.079s] DEBUG:colcon.colcon_parallel_executor.executor.parallel:run_until_complete finished with '0'
[3.079s] DEBUG:colcon.colcon_core.event_reactor:joining thread
[3.088s] INFO:colcon.colcon_core.plugin_system:Skipping extension 'colcon_notification.desktop_notification.terminal_notifier': Not used on non-Darwin systems
[3.090s] INFO:colcon.colcon_core.plugin_system:Skipping extension 'colcon_notification.desktop_notification.win32': Not used on non-Windows systems
[3.090s] INFO:colcon.colcon_notification.desktop_notification:Sending desktop notification using 'notify2'
[3.121s] DEBUG:colcon.colcon_core.event_reactor:joined thread
[3.121s] INFO:colcon.colcon_core.shell:Creating prefix script '/home/user/Documents/Capstone/RCETI/install/local_setup.ps1'
[3.123s] INFO:colcon.colcon_core.shell:Creating prefix util module '/home/user/Documents/Capstone/RCETI/install/_local_setup_util_ps1.py'
[3.125s] INFO:colcon.colcon_core.shell:Creating prefix chain script '/home/user/Documents/Capstone/RCETI/install/setup.ps1'
[3.127s] INFO:colcon.colcon_core.shell:Creating prefix script '/home/user/Documents/Capstone/RCETI/install/local_setup.sh'
[3.128s] INFO:colcon.colcon_core.shell:Creating prefix util module '/home/user/Documents/Capstone/RCETI/install/_local_setup_util_sh.py'
[3.129s] INFO:colcon.colcon_core.shell:Creating prefix chain script '/home/user/Documents/Capstone/RCETI/install/setup.sh'
[3.130s] INFO:colcon.colcon_core.shell:Creating prefix script '/home/user/Documents/Capstone/RCETI/install/local_setup.bash'
[3.131s] INFO:colcon.colcon_core.shell:Creating prefix chain script '/home/user/Documents/Capstone/RCETI/install/setup.bash'
[3.132s] INFO:colcon.colcon_core.shell:Creating prefix script '/home/user/Documents/Capstone/RCETI/install/local_setup.zsh'
[3.133s] INFO:colcon.colcon_core.shell:Creating prefix chain script '/home/user/Documents/Capstone/RCETI/install/setup.zsh'
