[1.623s] Invoking command in '/home/user/Documents/Capstone/RCETI/rceti_keyboard': PYTHONPATH=/home/user/Documents/Capstone/RCETI/build/rceti_keyboard/prefix_override:/usr/lib/python3/dist-packages/colcon_core/task/python/colcon_distutils_commands:/home/user/Documents/Capstone/RCETI/install/rceti_keyboard/lib/python3.10/site-packages:${PYTHONPATH} /usr/bin/python3 -W ignore:setup.py install is deprecated -W ignore:easy_install command is deprecated setup.py egg_info --egg-base ../build/rceti_keyboard build --build-base /home/user/Documents/Capstone/RCETI/build/rceti_keyboard/build install --record /home/user/Documents/Capstone/RCETI/build/rceti_keyboard/install.log --single-version-externally-managed install_data
[2.167s] running egg_info
[2.169s] writing ../build/rceti_keyboard/rceti_keyboard.egg-info/PKG-INFO
[2.172s] writing dependency_links to ../build/rceti_keyboard/rceti_keyboard.egg-info/dependency_links.txt
[2.173s] writing entry points to ../build/rceti_keyboard/rceti_keyboard.egg-info/entry_points.txt
[2.175s] writing requirements to ../build/rceti_keyboard/rceti_keyboard.egg-info/requires.txt
[2.192s] writing top-level names to ../build/rceti_keyboard/rceti_keyboard.egg-info/top_level.txt
[2.192s] reading manifest file '../build/rceti_keyboard/rceti_keyboard.egg-info/SOURCES.txt'
[2.201s] adding license file 'LICENSE'
[2.202s] writing manifest file '../build/rceti_keyboard/rceti_keyboard.egg-info/SOURCES.txt'
[2.202s] running build
[2.202s] running build_py
[2.211s] copying rceti_keyboard/rceti_keyboard_controller.py -> /home/user/Documents/Capstone/RCETI/build/rceti_keyboard/build/lib/rceti_keyboard
[2.211s] running install
[2.212s] running install_lib
[2.212s] copying /home/user/Documents/Capstone/RCETI/build/rceti_keyboard/build/lib/rceti_keyboard/rceti_keyboard_controller.py -> /home/user/Documents/Capstone/RCETI/install/rceti_keyboard/lib/python3.10/site-packages/rceti_keyboard
[2.214s] byte-compiling /home/user/Documents/Capstone/RCETI/install/rceti_keyboard/lib/python3.10/site-packages/rceti_keyboard/rceti_keyboard_controller.py to rceti_keyboard_controller.cpython-310.pyc
[2.214s] running install_data
[2.214s] running install_egg_info
[2.219s] removing '/home/user/Documents/Capstone/RCETI/install/rceti_keyboard/lib/python3.10/site-packages/rceti_keyboard-0.0.0-py3.10.egg-info' (and everything under it)
[2.227s] Copying ../build/rceti_keyboard/rceti_keyboard.egg-info to /home/user/Documents/Capstone/RCETI/install/rceti_keyboard/lib/python3.10/site-packages/rceti_keyboard-0.0.0-py3.10.egg-info
[2.227s] running install_scripts
[2.405s] Installing rceti_keyboard script to /home/user/Documents/Capstone/RCETI/install/rceti_keyboard/lib/rceti_keyboard
[2.408s] writing list of installed files to '/home/user/Documents/Capstone/RCETI/build/rceti_keyboard/install.log'
[2.506s] Invoked command in '/home/user/Documents/Capstone/RCETI/rceti_keyboard' returned '0': PYTHONPATH=/home/user/Documents/Capstone/RCETI/build/rceti_keyboard/prefix_override:/usr/lib/python3/dist-packages/colcon_core/task/python/colcon_distutils_commands:/home/user/Documents/Capstone/RCETI/install/rceti_keyboard/lib/python3.10/site-packages:${PYTHONPATH} /usr/bin/python3 -W ignore:setup.py install is deprecated -W ignore:easy_install command is deprecated setup.py egg_info --egg-base ../build/rceti_keyboard build --build-base /home/user/Documents/Capstone/RCETI/build/rceti_keyboard/build install --record /home/user/Documents/Capstone/RCETI/build/rceti_keyboard/install.log --single-version-externally-managed install_data
