-- The C compiler identification is GNU 11.4.0
-- The CXX compiler identification is GNU 11.4.0
-- Detecting C compiler ABI info
-- Detecting C compiler ABI info - done
-- Check for working C compiler: /usr/bin/cc - skipped
-- Detecting C compile features
-- Detecting C compile features - done
-- Detecting CXX compiler ABI info
-- Detecting CXX compiler ABI info - done
-- Check for working CXX compiler: /usr/bin/c++ - skipped
-- Detecting CXX compile features
-- Detecting CXX compile features - done
-- Found ament_cmake: 1.3.11 (/opt/ros/humble/share/ament_cmake/cmake)
-- Found Python3: /usr/bin/python3 (found version "3.10.12") found components: Interpreter 
-- Configuring done
-- Generating done
-- Build files have been written to: /home/user/Documents/Capstone/RCETI/build/rceti_deployment
-- Install configuration: ""
-- Installing: /home/user/Documents/Capstone/RCETI/install/rceti_deployment/share/ament_index/resource_index/package_run_dependencies/rceti_deployment
-- Installing: /home/user/Documents/Capstone/RCETI/install/rceti_deployment/share/ament_index/resource_index/parent_prefix_path/rceti_deployment
-- Installing: /home/user/Documents/Capstone/RCETI/install/rceti_deployment/share/rceti_deployment/environment/ament_prefix_path.sh
-- Installing: /home/user/Documents/Capstone/RCETI/install/rceti_deployment/share/rceti_deployment/environment/ament_prefix_path.dsv
-- Installing: /home/user/Documents/Capstone/RCETI/install/rceti_deployment/share/rceti_deployment/environment/path.sh
-- Installing: /home/user/Documents/Capstone/RCETI/install/rceti_deployment/share/rceti_deployment/environment/path.dsv
-- Installing: /home/user/Documents/Capstone/RCETI/install/rceti_deployment/share/rceti_deployment/local_setup.bash
-- Installing: /home/user/Documents/Capstone/RCETI/install/rceti_deployment/share/rceti_deployment/local_setup.sh
-- Installing: /home/user/Documents/Capstone/RCETI/install/rceti_deployment/share/rceti_deployment/local_setup.zsh
-- Installing: /home/user/Documents/Capstone/RCETI/install/rceti_deployment/share/rceti_deployment/local_setup.dsv
-- Installing: /home/user/Documents/Capstone/RCETI/install/rceti_deployment/share/rceti_deployment/package.dsv
-- Installing: /home/user/Documents/Capstone/RCETI/install/rceti_deployment/share/ament_index/resource_index/packages/rceti_deployment
-- Installing: /home/user/Documents/Capstone/RCETI/install/rceti_deployment/share/rceti_deployment/cmake/rceti_deploymentConfig.cmake
-- Installing: /home/user/Documents/Capstone/RCETI/install/rceti_deployment/share/rceti_deployment/cmake/rceti_deploymentConfig-version.cmake
-- Installing: /home/user/Documents/Capstone/RCETI/install/rceti_deployment/share/rceti_deployment/package.xml
-- Up-to-date: /home/user/Documents/Capstone/RCETI/install/rceti_deployment/share/rceti_deployment/config
-- Installing: /home/user/Documents/Capstone/RCETI/install/rceti_deployment/share/rceti_deployment/config/visualize_description.rviz
-- Up-to-date: /home/user/Documents/Capstone/RCETI/install/rceti_deployment/share/rceti_deployment/launch
-- Installing: /home/user/Documents/Capstone/RCETI/install/rceti_deployment/share/rceti_deployment/launch/rceti_deployment.launch.xml
-- Installing: /home/user/Documents/Capstone/RCETI/install/rceti_deployment/share/rceti_deployment/launch/load_rceti_deployment.launch.xml
[31mCMake Error at cmake_install.cmake:105 (file):
  file INSTALL cannot find
  "/home/user/Documents/Capstone/RCETI/rceti_deployment/meshes": No such file
  or directory.

[0m
