[0.545s] Invoking command in '/home/user/Documents/Capstone/RCETI/build/rceti_deployment': CMAKE_PREFIX_PATH=/opt/ros/humble /usr/bin/cmake /home/user/Documents/Capstone/RCETI/rceti_deployment -DCMAKE_INSTALL_PREFIX=/home/user/Documents/Capstone/RCETI/install/rceti_deployment
[1.253s] -- The C compiler identification is GNU 11.4.0
[1.253s] -- The CXX compiler identification is GNU 11.4.0
[1.254s] -- Detecting C compiler ABI info
[1.257s] -- Detecting C compiler ABI info - done
[1.258s] -- Check for working C compiler: /usr/bin/cc - skipped
[1.258s] -- Detecting C compile features
[1.259s] -- Detecting C compile features - done
[1.260s] -- Detecting CXX compiler ABI info
[1.326s] -- Detecting CXX compiler ABI info - done
[1.340s] -- Check for working CXX compiler: /usr/bin/c++ - skipped
[1.341s] -- Detecting CXX compile features
[1.342s] -- Detecting CXX compile features - done
[1.351s] -- Found ament_cmake: 1.3.11 (/opt/ros/humble/share/ament_cmake/cmake)
[1.701s] -- Found Python3: /usr/bin/python3 (found version "3.10.12") found components: Interpreter 
[2.153s] -- Configuring done
[2.153s] -- Generating done
[2.154s] -- Build files have been written to: /home/user/Documents/Capstone/RCETI/build/rceti_deployment
[2.164s] Invoked command in '/home/user/Documents/Capstone/RCETI/build/rceti_deployment' returned '0': CMAKE_PREFIX_PATH=/opt/ros/humble /usr/bin/cmake /home/user/Documents/Capstone/RCETI/rceti_deployment -DCMAKE_INSTALL_PREFIX=/home/user/Documents/Capstone/RCETI/install/rceti_deployment
[2.165s] Invoking command in '/home/user/Documents/Capstone/RCETI/build/rceti_deployment': CMAKE_PREFIX_PATH=/opt/ros/humble /usr/bin/cmake --build /home/user/Documents/Capstone/RCETI/build/rceti_deployment -- -j4 -l4
[2.264s] Invoked command in '/home/user/Documents/Capstone/RCETI/build/rceti_deployment' returned '0': CMAKE_PREFIX_PATH=/opt/ros/humble /usr/bin/cmake --build /home/user/Documents/Capstone/RCETI/build/rceti_deployment -- -j4 -l4
[2.294s] Invoking command in '/home/user/Documents/Capstone/RCETI/build/rceti_deployment': CMAKE_PREFIX_PATH=/opt/ros/humble /usr/bin/cmake --install /home/user/Documents/Capstone/RCETI/build/rceti_deployment
[2.315s] -- Install configuration: ""
[2.316s] -- Installing: /home/user/Documents/Capstone/RCETI/install/rceti_deployment/share/ament_index/resource_index/package_run_dependencies/rceti_deployment
[2.316s] -- Installing: /home/user/Documents/Capstone/RCETI/install/rceti_deployment/share/ament_index/resource_index/parent_prefix_path/rceti_deployment
[2.319s] -- Installing: /home/user/Documents/Capstone/RCETI/install/rceti_deployment/share/rceti_deployment/environment/ament_prefix_path.sh
[2.320s] -- Installing: /home/user/Documents/Capstone/RCETI/install/rceti_deployment/share/rceti_deployment/environment/ament_prefix_path.dsv
[2.320s] -- Installing: /home/user/Documents/Capstone/RCETI/install/rceti_deployment/share/rceti_deployment/environment/path.sh
[2.320s] -- Installing: /home/user/Documents/Capstone/RCETI/install/rceti_deployment/share/rceti_deployment/environment/path.dsv
[2.321s] -- Installing: /home/user/Documents/Capstone/RCETI/install/rceti_deployment/share/rceti_deployment/local_setup.bash
[2.322s] -- Installing: /home/user/Documents/Capstone/RCETI/install/rceti_deployment/share/rceti_deployment/local_setup.sh
[2.322s] -- Installing: /home/user/Documents/Capstone/RCETI/install/rceti_deployment/share/rceti_deployment/local_setup.zsh
[2.323s] -- Installing: /home/user/Documents/Capstone/RCETI/install/rceti_deployment/share/rceti_deployment/local_setup.dsv
[2.323s] -- Installing: /home/user/Documents/Capstone/RCETI/install/rceti_deployment/share/rceti_deployment/package.dsv
[2.324s] -- Installing: /home/user/Documents/Capstone/RCETI/install/rceti_deployment/share/ament_index/resource_index/packages/rceti_deployment
[2.324s] -- Installing: /home/user/Documents/Capstone/RCETI/install/rceti_deployment/share/rceti_deployment/cmake/rceti_deploymentConfig.cmake
[2.325s] -- Installing: /home/user/Documents/Capstone/RCETI/install/rceti_deployment/share/rceti_deployment/cmake/rceti_deploymentConfig-version.cmake
[2.325s] -- Installing: /home/user/Documents/Capstone/RCETI/install/rceti_deployment/share/rceti_deployment/package.xml
[2.327s] -- Up-to-date: /home/user/Documents/Capstone/RCETI/install/rceti_deployment/share/rceti_deployment/config
[2.329s] -- Installing: /home/user/Documents/Capstone/RCETI/install/rceti_deployment/share/rceti_deployment/config/visualize_description.rviz
[2.329s] -- Up-to-date: /home/user/Documents/Capstone/RCETI/install/rceti_deployment/share/rceti_deployment/launch
[2.329s] -- Installing: /home/user/Documents/Capstone/RCETI/install/rceti_deployment/share/rceti_deployment/launch/rceti_deployment.launch.xml
[2.329s] -- Installing: /home/user/Documents/Capstone/RCETI/install/rceti_deployment/share/rceti_deployment/launch/load_rceti_deployment.launch.xml
[2.330s] [31mCMake Error at cmake_install.cmake:105 (file):
[2.330s]   file INSTALL cannot find
[2.330s]   "/home/user/Documents/Capstone/RCETI/rceti_deployment/meshes": No such file
[2.330s]   or directory.
[2.331s] 
[2.333s] [0m
[2.336s] Invoked command in '/home/user/Documents/Capstone/RCETI/build/rceti_deployment' returned '1': CMAKE_PREFIX_PATH=/opt/ros/humble /usr/bin/cmake --install /home/user/Documents/Capstone/RCETI/build/rceti_deployment
