[0.137s] DEBUG:colcon:Command line arguments: ['/usr/bin/colcon', 'build']
[0.137s] DEBUG:colcon:Parsed command line arguments: Namespace(log_base=None, log_level=None, verb_name='build', build_base='build', install_base='install', merge_install=False, symlink_install=False, test_result_base=None, continue_on_error=False, executor='parallel', parallel_workers=4, event_handlers=None, ignore_user_meta=False, metas=['./colcon.meta'], base_paths=['.'], packages_ignore=None, packages_ignore_regex=None, paths=None, packages_up_to=None, packages_up_to_regex=None, packages_above=None, packages_above_and_dependencies=None, packages_above_depth=None, packages_select_by_dep=None, packages_skip_by_dep=None, packages_skip_up_to=None, packages_select_build_failed=False, packages_skip_build_finished=False, packages_select_test_failures=False, packages_skip_test_passed=False, packages_select=None, packages_skip=None, packages_select_regex=None, packages_skip_regex=None, packages_start=None, packages_end=None, allow_overriding=[], cmake_args=None, cmake_target=None, cmake_target_skip_unavailable=False, cmake_clean_cache=False, cmake_clean_first=False, cmake_force_configure=False, ament_cmake_args=None, catkin_cmake_args=None, catkin_skip_building_tests=False, mixin_files=None, mixin=None, verb_parser=<colcon_mixin.mixin.mixin_argument.MixinArgumentDecorator object at 0x77328c760910>, verb_extension=<colcon_core.verb.build.BuildVerb object at 0x77328c760340>, main=<bound method BuildVerb.main of <colcon_core.verb.build.BuildVerb object at 0x77328c760340>>, mixin_verb=('build',))
[0.356s] Level 1:colcon.colcon_core.package_discovery:discover_packages(colcon_meta) check parameters
[0.357s] Level 1:colcon.colcon_core.package_discovery:discover_packages(recursive) check parameters
[0.357s] Level 1:colcon.colcon_core.package_discovery:discover_packages(ignore) check parameters
[0.357s] Level 1:colcon.colcon_core.package_discovery:discover_packages(path) check parameters
[0.357s] Level 1:colcon.colcon_core.package_discovery:discover_packages(colcon_meta) discover
[0.357s] Level 1:colcon.colcon_core.package_discovery:discover_packages(recursive) discover
[0.357s] INFO:colcon.colcon_core.package_discovery:Crawling recursively for packages in '/home/user/Documents/Capstone/RCETI'
[0.357s] Level 1:colcon.colcon_core.package_identification:_identify(.) by extensions ['ignore', 'ignore_ament_install']
[0.357s] Level 1:colcon.colcon_core.package_identification:_identify(.) by extension 'ignore'
[0.357s] Level 1:colcon.colcon_core.package_identification:_identify(.) by extension 'ignore_ament_install'
[0.357s] Level 1:colcon.colcon_core.package_identification:_identify(.) by extensions ['colcon_pkg']
[0.357s] Level 1:colcon.colcon_core.package_identification:_identify(.) by extension 'colcon_pkg'
[0.357s] Level 1:colcon.colcon_core.package_identification:_identify(.) by extensions ['colcon_meta']
[0.357s] Level 1:colcon.colcon_core.package_identification:_identify(.) by extension 'colcon_meta'
[0.358s] Level 1:colcon.colcon_core.package_identification:_identify(.) by extensions ['ros']
[0.358s] Level 1:colcon.colcon_core.package_identification:_identify(.) by extension 'ros'
[0.373s] Level 1:colcon.colcon_core.package_identification:_identify(.) by extensions ['cmake', 'python']
[0.373s] Level 1:colcon.colcon_core.package_identification:_identify(.) by extension 'cmake'
[0.373s] Level 1:colcon.colcon_core.package_identification:_identify(.) by extension 'python'
[0.373s] Level 1:colcon.colcon_core.package_identification:_identify(.) by extensions ['python_setup_py']
[0.374s] Level 1:colcon.colcon_core.package_identification:_identify(.) by extension 'python_setup_py'
[0.374s] Level 1:colcon.colcon_core.package_identification:_identify(build) by extensions ['ignore', 'ignore_ament_install']
[0.374s] Level 1:colcon.colcon_core.package_identification:_identify(build) by extension 'ignore'
[0.375s] Level 1:colcon.colcon_core.package_identification:_identify(build) ignored
[0.375s] Level 1:colcon.colcon_core.package_identification:_identify(install) by extensions ['ignore', 'ignore_ament_install']
[0.376s] Level 1:colcon.colcon_core.package_identification:_identify(install) by extension 'ignore'
[0.376s] Level 1:colcon.colcon_core.package_identification:_identify(install) ignored
[0.376s] Level 1:colcon.colcon_core.package_identification:_identify(log) by extensions ['ignore', 'ignore_ament_install']
[0.376s] Level 1:colcon.colcon_core.package_identification:_identify(log) by extension 'ignore'
[0.377s] Level 1:colcon.colcon_core.package_identification:_identify(log) ignored
[0.377s] Level 1:colcon.colcon_core.package_identification:_identify(rceti_controller) by extensions ['ignore', 'ignore_ament_install']
[0.377s] Level 1:colcon.colcon_core.package_identification:_identify(rceti_controller) by extension 'ignore'
[0.377s] Level 1:colcon.colcon_core.package_identification:_identify(rceti_controller) by extension 'ignore_ament_install'
[0.377s] Level 1:colcon.colcon_core.package_identification:_identify(rceti_controller) by extensions ['colcon_pkg']
[0.378s] Level 1:colcon.colcon_core.package_identification:_identify(rceti_controller) by extension 'colcon_pkg'
[0.378s] Level 1:colcon.colcon_core.package_identification:_identify(rceti_controller) by extensions ['colcon_meta']
[0.378s] Level 1:colcon.colcon_core.package_identification:_identify(rceti_controller) by extension 'colcon_meta'
[0.378s] Level 1:colcon.colcon_core.package_identification:_identify(rceti_controller) by extensions ['ros']
[0.378s] Level 1:colcon.colcon_core.package_identification:_identify(rceti_controller) by extension 'ros'
[0.381s] DEBUG:colcon.colcon_core.package_identification:Package 'rceti_controller' with type 'ros.ament_python' and name 'rceti_controller'
[0.381s] Level 1:colcon.colcon_core.package_identification:_identify(rceti_deployment) by extensions ['ignore', 'ignore_ament_install']
[0.381s] Level 1:colcon.colcon_core.package_identification:_identify(rceti_deployment) by extension 'ignore'
[0.382s] Level 1:colcon.colcon_core.package_identification:_identify(rceti_deployment) by extension 'ignore_ament_install'
[0.382s] Level 1:colcon.colcon_core.package_identification:_identify(rceti_deployment) by extensions ['colcon_pkg']
[0.382s] Level 1:colcon.colcon_core.package_identification:_identify(rceti_deployment) by extension 'colcon_pkg'
[0.382s] Level 1:colcon.colcon_core.package_identification:_identify(rceti_deployment) by extensions ['colcon_meta']
[0.382s] Level 1:colcon.colcon_core.package_identification:_identify(rceti_deployment) by extension 'colcon_meta'
[0.382s] Level 1:colcon.colcon_core.package_identification:_identify(rceti_deployment) by extensions ['ros']
[0.382s] Level 1:colcon.colcon_core.package_identification:_identify(rceti_deployment) by extension 'ros'
[0.383s] DEBUG:colcon.colcon_core.package_identification:Package 'rceti_deployment' with type 'ros.ament_cmake' and name 'rceti_deployment'
[0.383s] Level 1:colcon.colcon_core.package_identification:_identify(rceti_keyboard) by extensions ['ignore', 'ignore_ament_install']
[0.383s] Level 1:colcon.colcon_core.package_identification:_identify(rceti_keyboard) by extension 'ignore'
[0.383s] Level 1:colcon.colcon_core.package_identification:_identify(rceti_keyboard) by extension 'ignore_ament_install'
[0.383s] Level 1:colcon.colcon_core.package_identification:_identify(rceti_keyboard) by extensions ['colcon_pkg']
[0.383s] Level 1:colcon.colcon_core.package_identification:_identify(rceti_keyboard) by extension 'colcon_pkg'
[0.383s] Level 1:colcon.colcon_core.package_identification:_identify(rceti_keyboard) by extensions ['colcon_meta']
[0.383s] Level 1:colcon.colcon_core.package_identification:_identify(rceti_keyboard) by extension 'colcon_meta'
[0.384s] Level 1:colcon.colcon_core.package_identification:_identify(rceti_keyboard) by extensions ['ros']
[0.384s] Level 1:colcon.colcon_core.package_identification:_identify(rceti_keyboard) by extension 'ros'
[0.384s] DEBUG:colcon.colcon_core.package_identification:Package 'rceti_keyboard' with type 'ros.ament_python' and name 'rceti_keyboard'
[0.384s] Level 1:colcon.colcon_core.package_identification:_identify(rceti_support) by extensions ['ignore', 'ignore_ament_install']
[0.384s] Level 1:colcon.colcon_core.package_identification:_identify(rceti_support) by extension 'ignore'
[0.385s] Level 1:colcon.colcon_core.package_identification:_identify(rceti_support) by extension 'ignore_ament_install'
[0.385s] Level 1:colcon.colcon_core.package_identification:_identify(rceti_support) by extensions ['colcon_pkg']
[0.385s] Level 1:colcon.colcon_core.package_identification:_identify(rceti_support) by extension 'colcon_pkg'
[0.385s] Level 1:colcon.colcon_core.package_identification:_identify(rceti_support) by extensions ['colcon_meta']
[0.385s] Level 1:colcon.colcon_core.package_identification:_identify(rceti_support) by extension 'colcon_meta'
[0.385s] Level 1:colcon.colcon_core.package_identification:_identify(rceti_support) by extensions ['ros']
[0.385s] Level 1:colcon.colcon_core.package_identification:_identify(rceti_support) by extension 'ros'
[0.386s] DEBUG:colcon.colcon_core.package_identification:Package 'rceti_support' with type 'ros.ament_cmake' and name 'rceti_support'
[0.386s] Level 1:colcon.colcon_core.package_discovery:discover_packages(recursive) using defaults
[0.386s] Level 1:colcon.colcon_core.package_discovery:discover_packages(ignore) discover
[0.386s] Level 1:colcon.colcon_core.package_discovery:discover_packages(ignore) using defaults
[0.386s] Level 1:colcon.colcon_core.package_discovery:discover_packages(path) discover
[0.386s] Level 1:colcon.colcon_core.package_discovery:discover_packages(path) using defaults
[0.423s] Level 1:colcon.colcon_core.package_discovery:discover_packages(prefix_path) check parameters
[0.423s] Level 1:colcon.colcon_core.package_discovery:discover_packages(prefix_path) discover
[0.426s] DEBUG:colcon.colcon_installed_package_information.package_discovery:Found 4 installed packages in /home/user/Documents/Capstone/RCETI/install
[0.428s] DEBUG:colcon.colcon_installed_package_information.package_discovery:Found 271 installed packages in /opt/ros/humble
[0.430s] Level 1:colcon.colcon_core.package_discovery:discover_packages(prefix_path) using defaults
[0.483s] Level 5:colcon.colcon_core.verb:set package 'rceti_controller' build argument 'cmake_args' from command line to 'None'
[0.483s] Level 5:colcon.colcon_core.verb:set package 'rceti_controller' build argument 'cmake_target' from command line to 'None'
[0.484s] Level 5:colcon.colcon_core.verb:set package 'rceti_controller' build argument 'cmake_target_skip_unavailable' from command line to 'False'
[0.484s] Level 5:colcon.colcon_core.verb:set package 'rceti_controller' build argument 'cmake_clean_cache' from command line to 'False'
[0.484s] Level 5:colcon.colcon_core.verb:set package 'rceti_controller' build argument 'cmake_clean_first' from command line to 'False'
[0.484s] Level 5:colcon.colcon_core.verb:set package 'rceti_controller' build argument 'cmake_force_configure' from command line to 'False'
[0.484s] Level 5:colcon.colcon_core.verb:set package 'rceti_controller' build argument 'ament_cmake_args' from command line to 'None'
[0.484s] Level 5:colcon.colcon_core.verb:set package 'rceti_controller' build argument 'catkin_cmake_args' from command line to 'None'
[0.484s] Level 5:colcon.colcon_core.verb:set package 'rceti_controller' build argument 'catkin_skip_building_tests' from command line to 'False'
[0.484s] DEBUG:colcon.colcon_core.verb:Building package 'rceti_controller' with the following arguments: {'ament_cmake_args': None, 'build_base': '/home/user/Documents/Capstone/RCETI/build/rceti_controller', 'catkin_cmake_args': None, 'catkin_skip_building_tests': False, 'cmake_args': None, 'cmake_clean_cache': False, 'cmake_clean_first': False, 'cmake_force_configure': False, 'cmake_target': None, 'cmake_target_skip_unavailable': False, 'install_base': '/home/user/Documents/Capstone/RCETI/install/rceti_controller', 'merge_install': False, 'path': '/home/user/Documents/Capstone/RCETI/rceti_controller', 'symlink_install': False, 'test_result_base': None}
[0.485s] Level 5:colcon.colcon_core.verb:set package 'rceti_deployment' build argument 'cmake_args' from command line to 'None'
[0.485s] Level 5:colcon.colcon_core.verb:set package 'rceti_deployment' build argument 'cmake_target' from command line to 'None'
[0.485s] Level 5:colcon.colcon_core.verb:set package 'rceti_deployment' build argument 'cmake_target_skip_unavailable' from command line to 'False'
[0.485s] Level 5:colcon.colcon_core.verb:set package 'rceti_deployment' build argument 'cmake_clean_cache' from command line to 'False'
[0.485s] Level 5:colcon.colcon_core.verb:set package 'rceti_deployment' build argument 'cmake_clean_first' from command line to 'False'
[0.485s] Level 5:colcon.colcon_core.verb:set package 'rceti_deployment' build argument 'cmake_force_configure' from command line to 'False'
[0.485s] Level 5:colcon.colcon_core.verb:set package 'rceti_deployment' build argument 'ament_cmake_args' from command line to 'None'
[0.485s] Level 5:colcon.colcon_core.verb:set package 'rceti_deployment' build argument 'catkin_cmake_args' from command line to 'None'
[0.485s] Level 5:colcon.colcon_core.verb:set package 'rceti_deployment' build argument 'catkin_skip_building_tests' from command line to 'False'
[0.485s] DEBUG:colcon.colcon_core.verb:Building package 'rceti_deployment' with the following arguments: {'ament_cmake_args': None, 'build_base': '/home/user/Documents/Capstone/RCETI/build/rceti_deployment', 'catkin_cmake_args': None, 'catkin_skip_building_tests': False, 'cmake_args': None, 'cmake_clean_cache': False, 'cmake_clean_first': False, 'cmake_force_configure': False, 'cmake_target': None, 'cmake_target_skip_unavailable': False, 'install_base': '/home/user/Documents/Capstone/RCETI/install/rceti_deployment', 'merge_install': False, 'path': '/home/user/Documents/Capstone/RCETI/rceti_deployment', 'symlink_install': False, 'test_result_base': None}
[0.486s] Level 5:colcon.colcon_core.verb:set package 'rceti_keyboard' build argument 'cmake_args' from command line to 'None'
[0.486s] Level 5:colcon.colcon_core.verb:set package 'rceti_keyboard' build argument 'cmake_target' from command line to 'None'
[0.486s] Level 5:colcon.colcon_core.verb:set package 'rceti_keyboard' build argument 'cmake_target_skip_unavailable' from command line to 'False'
[0.486s] Level 5:colcon.colcon_core.verb:set package 'rceti_keyboard' build argument 'cmake_clean_cache' from command line to 'False'
[0.486s] Level 5:colcon.colcon_core.verb:set package 'rceti_keyboard' build argument 'cmake_clean_first' from command line to 'False'
[0.486s] Level 5:colcon.colcon_core.verb:set package 'rceti_keyboard' build argument 'cmake_force_configure' from command line to 'False'
[0.486s] Level 5:colcon.colcon_core.verb:set package 'rceti_keyboard' build argument 'ament_cmake_args' from command line to 'None'
[0.486s] Level 5:colcon.colcon_core.verb:set package 'rceti_keyboard' build argument 'catkin_cmake_args' from command line to 'None'
[0.486s] Level 5:colcon.colcon_core.verb:set package 'rceti_keyboard' build argument 'catkin_skip_building_tests' from command line to 'False'
[0.486s] DEBUG:colcon.colcon_core.verb:Building package 'rceti_keyboard' with the following arguments: {'ament_cmake_args': None, 'build_base': '/home/user/Documents/Capstone/RCETI/build/rceti_keyboard', 'catkin_cmake_args': None, 'catkin_skip_building_tests': False, 'cmake_args': None, 'cmake_clean_cache': False, 'cmake_clean_first': False, 'cmake_force_configure': False, 'cmake_target': None, 'cmake_target_skip_unavailable': False, 'install_base': '/home/user/Documents/Capstone/RCETI/install/rceti_keyboard', 'merge_install': False, 'path': '/home/user/Documents/Capstone/RCETI/rceti_keyboard', 'symlink_install': False, 'test_result_base': None}
[0.486s] Level 5:colcon.colcon_core.verb:set package 'rceti_support' build argument 'cmake_args' from command line to 'None'
[0.487s] Level 5:colcon.colcon_core.verb:set package 'rceti_support' build argument 'cmake_target' from command line to 'None'
[0.487s] Level 5:colcon.colcon_core.verb:set package 'rceti_support' build argument 'cmake_target_skip_unavailable' from command line to 'False'
[0.487s] Level 5:colcon.colcon_core.verb:set package 'rceti_support' build argument 'cmake_clean_cache' from command line to 'False'
[0.487s] Level 5:colcon.colcon_core.verb:set package 'rceti_support' build argument 'cmake_clean_first' from command line to 'False'
[0.487s] Level 5:colcon.colcon_core.verb:set package 'rceti_support' build argument 'cmake_force_configure' from command line to 'False'
[0.487s] Level 5:colcon.colcon_core.verb:set package 'rceti_support' build argument 'ament_cmake_args' from command line to 'None'
[0.487s] Level 5:colcon.colcon_core.verb:set package 'rceti_support' build argument 'catkin_cmake_args' from command line to 'None'
[0.487s] Level 5:colcon.colcon_core.verb:set package 'rceti_support' build argument 'catkin_skip_building_tests' from command line to 'False'
[0.487s] DEBUG:colcon.colcon_core.verb:Building package 'rceti_support' with the following arguments: {'ament_cmake_args': None, 'build_base': '/home/user/Documents/Capstone/RCETI/build/rceti_support', 'catkin_cmake_args': None, 'catkin_skip_building_tests': False, 'cmake_args': None, 'cmake_clean_cache': False, 'cmake_clean_first': False, 'cmake_force_configure': False, 'cmake_target': None, 'cmake_target_skip_unavailable': False, 'install_base': '/home/user/Documents/Capstone/RCETI/install/rceti_support', 'merge_install': False, 'path': '/home/user/Documents/Capstone/RCETI/rceti_support', 'symlink_install': False, 'test_result_base': None}
[0.487s] INFO:colcon.colcon_core.executor:Executing jobs using 'parallel' executor
[0.490s] DEBUG:colcon.colcon_parallel_executor.executor.parallel:run_until_complete
[0.490s] INFO:colcon.colcon_ros.task.ament_python.build:Building ROS package in '/home/user/Documents/Capstone/RCETI/rceti_controller' with build type 'ament_python'
[0.491s] Level 1:colcon.colcon_core.shell:create_environment_hook('rceti_controller', 'ament_prefix_path')
[0.493s] INFO:colcon.colcon_core.plugin_system:Skipping extension 'colcon_core.shell.bat': Not used on non-Windows systems
[0.493s] INFO:colcon.colcon_core.shell:Creating environment hook '/home/user/Documents/Capstone/RCETI/install/rceti_controller/share/rceti_controller/hook/ament_prefix_path.ps1'
[0.495s] INFO:colcon.colcon_core.shell:Creating environment descriptor '/home/user/Documents/Capstone/RCETI/install/rceti_controller/share/rceti_controller/hook/ament_prefix_path.dsv'
[0.495s] INFO:colcon.colcon_core.shell:Creating environment hook '/home/user/Documents/Capstone/RCETI/install/rceti_controller/share/rceti_controller/hook/ament_prefix_path.sh'
[0.496s] INFO:colcon.colcon_core.shell:Skip shell extension 'powershell' for command environment: Not usable outside of PowerShell
[0.497s] DEBUG:colcon.colcon_core.shell:Skip shell extension 'dsv' for command environment
[0.502s] INFO:colcon.colcon_ros.task.ament_cmake.build:Building ROS package in '/home/user/Documents/Capstone/RCETI/rceti_deployment' with build type 'ament_cmake'
[0.503s] INFO:colcon.colcon_cmake.task.cmake.build:Building CMake package in '/home/user/Documents/Capstone/RCETI/rceti_deployment'
[0.503s] INFO:colcon.colcon_core.shell:Skip shell extension 'powershell' for command environment: Not usable outside of PowerShell
[0.503s] DEBUG:colcon.colcon_core.shell:Skip shell extension 'dsv' for command environment
[0.508s] INFO:colcon.colcon_ros.task.ament_python.build:Building ROS package in '/home/user/Documents/Capstone/RCETI/rceti_keyboard' with build type 'ament_python'
[0.509s] Level 1:colcon.colcon_core.shell:create_environment_hook('rceti_keyboard', 'ament_prefix_path')
[0.509s] INFO:colcon.colcon_core.shell:Creating environment hook '/home/user/Documents/Capstone/RCETI/install/rceti_keyboard/share/rceti_keyboard/hook/ament_prefix_path.ps1'
[0.511s] INFO:colcon.colcon_core.shell:Creating environment descriptor '/home/user/Documents/Capstone/RCETI/install/rceti_keyboard/share/rceti_keyboard/hook/ament_prefix_path.dsv'
[0.512s] INFO:colcon.colcon_core.shell:Creating environment hook '/home/user/Documents/Capstone/RCETI/install/rceti_keyboard/share/rceti_keyboard/hook/ament_prefix_path.sh'
[0.514s] INFO:colcon.colcon_core.shell:Skip shell extension 'powershell' for command environment: Not usable outside of PowerShell
[0.514s] DEBUG:colcon.colcon_core.shell:Skip shell extension 'dsv' for command environment
[0.519s] INFO:colcon.colcon_ros.task.ament_cmake.build:Building ROS package in '/home/user/Documents/Capstone/RCETI/rceti_support' with build type 'ament_cmake'
[0.519s] INFO:colcon.colcon_cmake.task.cmake.build:Building CMake package in '/home/user/Documents/Capstone/RCETI/rceti_support'
[0.520s] INFO:colcon.colcon_core.shell:Skip shell extension 'powershell' for command environment: Not usable outside of PowerShell
[0.520s] DEBUG:colcon.colcon_core.shell:Skip shell extension 'dsv' for command environment
[0.888s] INFO:colcon.colcon_core.task.python.build:Building Python package in '/home/user/Documents/Capstone/RCETI/rceti_controller'
[0.889s] INFO:colcon.colcon_core.shell:Skip shell extension 'powershell' for command environment: Not usable outside of PowerShell
[0.889s] DEBUG:colcon.colcon_core.shell:Skip shell extension 'dsv' for command environment
[0.909s] DEBUG:colcon.colcon_core.event_handler.log_command:Invoking command in '/home/user/Documents/Capstone/RCETI/build/rceti_deployment': CMAKE_PREFIX_PATH=${CMAKE_PREFIX_PATH}:/home/user/Documents/Capstone/RCETI/install/rceti_keyboard:/home/user/Documents/Capstone/RCETI/install/rceti_controller:/opt/ros/humble /usr/bin/cmake --build /home/user/Documents/Capstone/RCETI/build/rceti_deployment -- -j4 -l4
[1.290s] INFO:colcon.colcon_core.task.python.build:Building Python package in '/home/user/Documents/Capstone/RCETI/rceti_keyboard'
[1.291s] INFO:colcon.colcon_core.shell:Skip shell extension 'powershell' for command environment: Not usable outside of PowerShell
[1.292s] DEBUG:colcon.colcon_core.shell:Skip shell extension 'dsv' for command environment
[1.312s] DEBUG:colcon.colcon_core.event_handler.log_command:Invoking command in '/home/user/Documents/Capstone/RCETI/build/rceti_support': CMAKE_PREFIX_PATH=${CMAKE_PREFIX_PATH}:/home/user/Documents/Capstone/RCETI/install/rceti_keyboard:/home/user/Documents/Capstone/RCETI/install/rceti_controller:/opt/ros/humble /usr/bin/cmake --build /home/user/Documents/Capstone/RCETI/build/rceti_support -- -j4 -l4
[1.317s] DEBUG:colcon.colcon_core.event_handler.log_command:Invoked command in '/home/user/Documents/Capstone/RCETI/build/rceti_deployment' returned '0': CMAKE_PREFIX_PATH=${CMAKE_PREFIX_PATH}:/home/user/Documents/Capstone/RCETI/install/rceti_keyboard:/home/user/Documents/Capstone/RCETI/install/rceti_controller:/opt/ros/humble /usr/bin/cmake --build /home/user/Documents/Capstone/RCETI/build/rceti_deployment -- -j4 -l4
[1.335s] DEBUG:colcon.colcon_core.event_handler.log_command:Invoking command in '/home/user/Documents/Capstone/RCETI/build/rceti_deployment': CMAKE_PREFIX_PATH=${CMAKE_PREFIX_PATH}:/home/user/Documents/Capstone/RCETI/install/rceti_keyboard:/home/user/Documents/Capstone/RCETI/install/rceti_controller:/opt/ros/humble /usr/bin/cmake --install /home/user/Documents/Capstone/RCETI/build/rceti_deployment
[1.361s] Level 1:colcon.colcon_core.environment:create_environment_scripts_only(rceti_deployment)
[1.367s] DEBUG:colcon.colcon_core.event_handler.log_command:Invoked command in '/home/user/Documents/Capstone/RCETI/build/rceti_deployment' returned '0': CMAKE_PREFIX_PATH=${CMAKE_PREFIX_PATH}:/home/user/Documents/Capstone/RCETI/install/rceti_keyboard:/home/user/Documents/Capstone/RCETI/install/rceti_controller:/opt/ros/humble /usr/bin/cmake --install /home/user/Documents/Capstone/RCETI/build/rceti_deployment
[1.382s] Level 1:colcon.colcon_core.environment:checking '/home/user/Documents/Capstone/RCETI/install/rceti_deployment' for CMake module files
[1.383s] Level 1:colcon.colcon_core.environment:checking '/home/user/Documents/Capstone/RCETI/install/rceti_deployment' for CMake config files
[1.383s] Level 1:colcon.colcon_core.shell:create_environment_hook('rceti_deployment', 'cmake_prefix_path')
[1.384s] INFO:colcon.colcon_core.shell:Creating environment hook '/home/user/Documents/Capstone/RCETI/install/rceti_deployment/share/rceti_deployment/hook/cmake_prefix_path.ps1'
[1.384s] INFO:colcon.colcon_core.shell:Creating environment descriptor '/home/user/Documents/Capstone/RCETI/install/rceti_deployment/share/rceti_deployment/hook/cmake_prefix_path.dsv'
[1.385s] INFO:colcon.colcon_core.shell:Creating environment hook '/home/user/Documents/Capstone/RCETI/install/rceti_deployment/share/rceti_deployment/hook/cmake_prefix_path.sh'
[1.386s] Level 1:colcon.colcon_core.environment:checking '/home/user/Documents/Capstone/RCETI/install/rceti_deployment/bin'
[1.386s] Level 1:colcon.colcon_core.environment:checking '/home/user/Documents/Capstone/RCETI/install/rceti_deployment/lib/pkgconfig/rceti_deployment.pc'
[1.387s] Level 1:colcon.colcon_core.environment:checking '/home/user/Documents/Capstone/RCETI/install/rceti_deployment/lib/python3.10/site-packages'
[1.387s] Level 1:colcon.colcon_core.environment:checking '/home/user/Documents/Capstone/RCETI/install/rceti_deployment/bin'
[1.388s] INFO:colcon.colcon_core.shell:Creating package script '/home/user/Documents/Capstone/RCETI/install/rceti_deployment/share/rceti_deployment/package.ps1'
[1.389s] INFO:colcon.colcon_core.shell:Creating package descriptor '/home/user/Documents/Capstone/RCETI/install/rceti_deployment/share/rceti_deployment/package.dsv'
[1.390s] INFO:colcon.colcon_core.shell:Creating package script '/home/user/Documents/Capstone/RCETI/install/rceti_deployment/share/rceti_deployment/package.sh'
[1.391s] INFO:colcon.colcon_core.shell:Creating package script '/home/user/Documents/Capstone/RCETI/install/rceti_deployment/share/rceti_deployment/package.bash'
[1.392s] INFO:colcon.colcon_core.shell:Creating package script '/home/user/Documents/Capstone/RCETI/install/rceti_deployment/share/rceti_deployment/package.zsh'
[1.394s] Level 1:colcon.colcon_core.environment:create_file_with_runtime_dependencies(/home/user/Documents/Capstone/RCETI/install/rceti_deployment/share/colcon-core/packages/rceti_deployment)
[1.395s] Level 1:colcon.colcon_core.environment:create_environment_scripts_only(rceti_deployment)
[1.395s] Level 1:colcon.colcon_core.environment:checking '/home/user/Documents/Capstone/RCETI/install/rceti_deployment' for CMake module files
[1.396s] Level 1:colcon.colcon_core.environment:checking '/home/user/Documents/Capstone/RCETI/install/rceti_deployment' for CMake config files
[1.396s] Level 1:colcon.colcon_core.shell:create_environment_hook('rceti_deployment', 'cmake_prefix_path')
[1.396s] INFO:colcon.colcon_core.shell:Creating environment hook '/home/user/Documents/Capstone/RCETI/install/rceti_deployment/share/rceti_deployment/hook/cmake_prefix_path.ps1'
[1.397s] INFO:colcon.colcon_core.shell:Creating environment descriptor '/home/user/Documents/Capstone/RCETI/install/rceti_deployment/share/rceti_deployment/hook/cmake_prefix_path.dsv'
[1.397s] INFO:colcon.colcon_core.shell:Creating environment hook '/home/user/Documents/Capstone/RCETI/install/rceti_deployment/share/rceti_deployment/hook/cmake_prefix_path.sh'
[1.398s] Level 1:colcon.colcon_core.environment:checking '/home/user/Documents/Capstone/RCETI/install/rceti_deployment/bin'
[1.398s] Level 1:colcon.colcon_core.environment:checking '/home/user/Documents/Capstone/RCETI/install/rceti_deployment/lib/pkgconfig/rceti_deployment.pc'
[1.399s] Level 1:colcon.colcon_core.environment:checking '/home/user/Documents/Capstone/RCETI/install/rceti_deployment/lib/python3.10/site-packages'
[1.399s] Level 1:colcon.colcon_core.environment:checking '/home/user/Documents/Capstone/RCETI/install/rceti_deployment/bin'
[1.399s] INFO:colcon.colcon_core.shell:Creating package script '/home/user/Documents/Capstone/RCETI/install/rceti_deployment/share/rceti_deployment/package.ps1'
[1.400s] INFO:colcon.colcon_core.shell:Creating package descriptor '/home/user/Documents/Capstone/RCETI/install/rceti_deployment/share/rceti_deployment/package.dsv'
[1.401s] INFO:colcon.colcon_core.shell:Creating package script '/home/user/Documents/Capstone/RCETI/install/rceti_deployment/share/rceti_deployment/package.sh'
[1.401s] INFO:colcon.colcon_core.shell:Creating package script '/home/user/Documents/Capstone/RCETI/install/rceti_deployment/share/rceti_deployment/package.bash'
[1.402s] INFO:colcon.colcon_core.shell:Creating package script '/home/user/Documents/Capstone/RCETI/install/rceti_deployment/share/rceti_deployment/package.zsh'
[1.403s] Level 1:colcon.colcon_core.environment:create_file_with_runtime_dependencies(/home/user/Documents/Capstone/RCETI/install/rceti_deployment/share/colcon-core/packages/rceti_deployment)
[1.411s] DEBUG:colcon.colcon_core.event_handler.log_command:Invoked command in '/home/user/Documents/Capstone/RCETI/build/rceti_support' returned '0': CMAKE_PREFIX_PATH=${CMAKE_PREFIX_PATH}:/home/user/Documents/Capstone/RCETI/install/rceti_keyboard:/home/user/Documents/Capstone/RCETI/install/rceti_controller:/opt/ros/humble /usr/bin/cmake --build /home/user/Documents/Capstone/RCETI/build/rceti_support -- -j4 -l4
[1.415s] DEBUG:colcon.colcon_core.event_handler.log_command:Invoking command in '/home/user/Documents/Capstone/RCETI/build/rceti_support': CMAKE_PREFIX_PATH=${CMAKE_PREFIX_PATH}:/home/user/Documents/Capstone/RCETI/install/rceti_keyboard:/home/user/Documents/Capstone/RCETI/install/rceti_controller:/opt/ros/humble /usr/bin/cmake --install /home/user/Documents/Capstone/RCETI/build/rceti_support
[1.439s] Level 1:colcon.colcon_core.environment:create_environment_scripts_only(rceti_support)
[1.440s] DEBUG:colcon.colcon_core.event_handler.log_command:Invoked command in '/home/user/Documents/Capstone/RCETI/build/rceti_support' returned '0': CMAKE_PREFIX_PATH=${CMAKE_PREFIX_PATH}:/home/user/Documents/Capstone/RCETI/install/rceti_keyboard:/home/user/Documents/Capstone/RCETI/install/rceti_controller:/opt/ros/humble /usr/bin/cmake --install /home/user/Documents/Capstone/RCETI/build/rceti_support
[1.440s] Level 1:colcon.colcon_core.environment:checking '/home/user/Documents/Capstone/RCETI/install/rceti_support' for CMake module files
[1.441s] Level 1:colcon.colcon_core.environment:checking '/home/user/Documents/Capstone/RCETI/install/rceti_support' for CMake config files
[1.442s] Level 1:colcon.colcon_core.shell:create_environment_hook('rceti_support', 'cmake_prefix_path')
[1.442s] INFO:colcon.colcon_core.shell:Creating environment hook '/home/user/Documents/Capstone/RCETI/install/rceti_support/share/rceti_support/hook/cmake_prefix_path.ps1'
[1.443s] INFO:colcon.colcon_core.shell:Creating environment descriptor '/home/user/Documents/Capstone/RCETI/install/rceti_support/share/rceti_support/hook/cmake_prefix_path.dsv'
[1.444s] INFO:colcon.colcon_core.shell:Creating environment hook '/home/user/Documents/Capstone/RCETI/install/rceti_support/share/rceti_support/hook/cmake_prefix_path.sh'
[1.445s] Level 1:colcon.colcon_core.environment:checking '/home/user/Documents/Capstone/RCETI/install/rceti_support/bin'
[1.445s] Level 1:colcon.colcon_core.environment:checking '/home/user/Documents/Capstone/RCETI/install/rceti_support/lib/pkgconfig/rceti_support.pc'
[1.445s] Level 1:colcon.colcon_core.environment:checking '/home/user/Documents/Capstone/RCETI/install/rceti_support/lib/python3.10/site-packages'
[1.446s] Level 1:colcon.colcon_core.environment:checking '/home/user/Documents/Capstone/RCETI/install/rceti_support/bin'
[1.446s] INFO:colcon.colcon_core.shell:Creating package script '/home/user/Documents/Capstone/RCETI/install/rceti_support/share/rceti_support/package.ps1'
[1.447s] INFO:colcon.colcon_core.shell:Creating package descriptor '/home/user/Documents/Capstone/RCETI/install/rceti_support/share/rceti_support/package.dsv'
[1.448s] INFO:colcon.colcon_core.shell:Creating package script '/home/user/Documents/Capstone/RCETI/install/rceti_support/share/rceti_support/package.sh'
[1.449s] INFO:colcon.colcon_core.shell:Creating package script '/home/user/Documents/Capstone/RCETI/install/rceti_support/share/rceti_support/package.bash'
[1.450s] INFO:colcon.colcon_core.shell:Creating package script '/home/user/Documents/Capstone/RCETI/install/rceti_support/share/rceti_support/package.zsh'
[1.451s] Level 1:colcon.colcon_core.environment:create_file_with_runtime_dependencies(/home/user/Documents/Capstone/RCETI/install/rceti_support/share/colcon-core/packages/rceti_support)
[1.452s] Level 1:colcon.colcon_core.environment:create_environment_scripts_only(rceti_support)
[1.452s] Level 1:colcon.colcon_core.environment:checking '/home/user/Documents/Capstone/RCETI/install/rceti_support' for CMake module files
[1.453s] Level 1:colcon.colcon_core.environment:checking '/home/user/Documents/Capstone/RCETI/install/rceti_support' for CMake config files
[1.453s] Level 1:colcon.colcon_core.shell:create_environment_hook('rceti_support', 'cmake_prefix_path')
[1.454s] INFO:colcon.colcon_core.shell:Creating environment hook '/home/user/Documents/Capstone/RCETI/install/rceti_support/share/rceti_support/hook/cmake_prefix_path.ps1'
[1.455s] INFO:colcon.colcon_core.shell:Creating environment descriptor '/home/user/Documents/Capstone/RCETI/install/rceti_support/share/rceti_support/hook/cmake_prefix_path.dsv'
[1.455s] INFO:colcon.colcon_core.shell:Creating environment hook '/home/user/Documents/Capstone/RCETI/install/rceti_support/share/rceti_support/hook/cmake_prefix_path.sh'
[1.459s] Level 1:colcon.colcon_core.environment:checking '/home/user/Documents/Capstone/RCETI/install/rceti_support/bin'
[1.459s] Level 1:colcon.colcon_core.environment:checking '/home/user/Documents/Capstone/RCETI/install/rceti_support/lib/pkgconfig/rceti_support.pc'
[1.460s] Level 1:colcon.colcon_core.environment:checking '/home/user/Documents/Capstone/RCETI/install/rceti_support/lib/python3.10/site-packages'
[1.460s] Level 1:colcon.colcon_core.environment:checking '/home/user/Documents/Capstone/RCETI/install/rceti_support/bin'
[1.461s] INFO:colcon.colcon_core.shell:Creating package script '/home/user/Documents/Capstone/RCETI/install/rceti_support/share/rceti_support/package.ps1'
[1.462s] INFO:colcon.colcon_core.shell:Creating package descriptor '/home/user/Documents/Capstone/RCETI/install/rceti_support/share/rceti_support/package.dsv'
[1.463s] INFO:colcon.colcon_core.shell:Creating package script '/home/user/Documents/Capstone/RCETI/install/rceti_support/share/rceti_support/package.sh'
[1.464s] INFO:colcon.colcon_core.shell:Creating package script '/home/user/Documents/Capstone/RCETI/install/rceti_support/share/rceti_support/package.bash'
[1.465s] INFO:colcon.colcon_core.shell:Creating package script '/home/user/Documents/Capstone/RCETI/install/rceti_support/share/rceti_support/package.zsh'
[1.466s] Level 1:colcon.colcon_core.environment:create_file_with_runtime_dependencies(/home/user/Documents/Capstone/RCETI/install/rceti_support/share/colcon-core/packages/rceti_support)
[1.780s] DEBUG:colcon.colcon_core.event_handler.log_command:Invoking command in '/home/user/Documents/Capstone/RCETI/rceti_controller': PYTHONPATH=/home/user/Documents/Capstone/RCETI/build/rceti_controller/prefix_override:/usr/lib/python3/dist-packages/colcon_core/task/python/colcon_distutils_commands:/home/user/Documents/Capstone/RCETI/install/rceti_controller/lib/python3.10/site-packages:${PYTHONPATH} /usr/bin/python3 -W ignore:setup.py install is deprecated -W ignore:easy_install command is deprecated setup.py egg_info --egg-base ../build/rceti_controller build --build-base /home/user/Documents/Capstone/RCETI/build/rceti_controller/build install --record /home/user/Documents/Capstone/RCETI/build/rceti_controller/install.log --single-version-externally-managed install_data
[1.834s] DEBUG:colcon.colcon_core.event_handler.log_command:Invoking command in '/home/user/Documents/Capstone/RCETI/rceti_keyboard': PYTHONPATH=/home/user/Documents/Capstone/RCETI/build/rceti_keyboard/prefix_override:/usr/lib/python3/dist-packages/colcon_core/task/python/colcon_distutils_commands:/home/user/Documents/Capstone/RCETI/install/rceti_keyboard/lib/python3.10/site-packages:${PYTHONPATH} /usr/bin/python3 -W ignore:setup.py install is deprecated -W ignore:easy_install command is deprecated setup.py egg_info --egg-base ../build/rceti_keyboard build --build-base /home/user/Documents/Capstone/RCETI/build/rceti_keyboard/build install --record /home/user/Documents/Capstone/RCETI/build/rceti_keyboard/install.log --single-version-externally-managed install_data
[2.201s] Level 1:colcon.colcon_core.environment:checking '/home/user/Documents/Capstone/RCETI/install/rceti_controller' for CMake module files
[2.203s] DEBUG:colcon.colcon_core.event_handler.log_command:Invoked command in '/home/user/Documents/Capstone/RCETI/rceti_controller' returned '0': PYTHONPATH=/home/user/Documents/Capstone/RCETI/build/rceti_controller/prefix_override:/usr/lib/python3/dist-packages/colcon_core/task/python/colcon_distutils_commands:/home/user/Documents/Capstone/RCETI/install/rceti_controller/lib/python3.10/site-packages:${PYTHONPATH} /usr/bin/python3 -W ignore:setup.py install is deprecated -W ignore:easy_install command is deprecated setup.py egg_info --egg-base ../build/rceti_controller build --build-base /home/user/Documents/Capstone/RCETI/build/rceti_controller/build install --record /home/user/Documents/Capstone/RCETI/build/rceti_controller/install.log --single-version-externally-managed install_data
[2.204s] Level 1:colcon.colcon_core.environment:checking '/home/user/Documents/Capstone/RCETI/install/rceti_controller' for CMake config files
[2.205s] Level 1:colcon.colcon_core.environment:checking '/home/user/Documents/Capstone/RCETI/install/rceti_controller/lib'
[2.206s] Level 1:colcon.colcon_core.environment:checking '/home/user/Documents/Capstone/RCETI/install/rceti_controller/bin'
[2.206s] Level 1:colcon.colcon_core.environment:checking '/home/user/Documents/Capstone/RCETI/install/rceti_controller/lib/pkgconfig/rceti_controller.pc'
[2.206s] Level 1:colcon.colcon_core.environment:checking '/home/user/Documents/Capstone/RCETI/install/rceti_controller/lib/python3.10/site-packages'
[2.206s] Level 1:colcon.colcon_core.shell:create_environment_hook('rceti_controller', 'pythonpath')
[2.206s] INFO:colcon.colcon_core.shell:Creating environment hook '/home/user/Documents/Capstone/RCETI/install/rceti_controller/share/rceti_controller/hook/pythonpath.ps1'
[2.207s] INFO:colcon.colcon_core.shell:Creating environment descriptor '/home/user/Documents/Capstone/RCETI/install/rceti_controller/share/rceti_controller/hook/pythonpath.dsv'
[2.209s] INFO:colcon.colcon_core.shell:Creating environment hook '/home/user/Documents/Capstone/RCETI/install/rceti_controller/share/rceti_controller/hook/pythonpath.sh'
[2.211s] Level 1:colcon.colcon_core.environment:checking '/home/user/Documents/Capstone/RCETI/install/rceti_controller/bin'
[2.211s] Level 1:colcon.colcon_core.environment:create_environment_scripts_only(rceti_controller)
[2.212s] INFO:colcon.colcon_core.shell:Creating package script '/home/user/Documents/Capstone/RCETI/install/rceti_controller/share/rceti_controller/package.ps1'
[2.213s] INFO:colcon.colcon_core.shell:Creating package descriptor '/home/user/Documents/Capstone/RCETI/install/rceti_controller/share/rceti_controller/package.dsv'
[2.218s] INFO:colcon.colcon_core.shell:Creating package script '/home/user/Documents/Capstone/RCETI/install/rceti_controller/share/rceti_controller/package.sh'
[2.219s] INFO:colcon.colcon_core.shell:Creating package script '/home/user/Documents/Capstone/RCETI/install/rceti_controller/share/rceti_controller/package.bash'
[2.220s] INFO:colcon.colcon_core.shell:Creating package script '/home/user/Documents/Capstone/RCETI/install/rceti_controller/share/rceti_controller/package.zsh'
[2.221s] Level 1:colcon.colcon_core.environment:create_file_with_runtime_dependencies(/home/user/Documents/Capstone/RCETI/install/rceti_controller/share/colcon-core/packages/rceti_controller)
[2.267s] Level 1:colcon.colcon_core.environment:checking '/home/user/Documents/Capstone/RCETI/install/rceti_keyboard' for CMake module files
[2.269s] DEBUG:colcon.colcon_core.event_handler.log_command:Invoked command in '/home/user/Documents/Capstone/RCETI/rceti_keyboard' returned '0': PYTHONPATH=/home/user/Documents/Capstone/RCETI/build/rceti_keyboard/prefix_override:/usr/lib/python3/dist-packages/colcon_core/task/python/colcon_distutils_commands:/home/user/Documents/Capstone/RCETI/install/rceti_keyboard/lib/python3.10/site-packages:${PYTHONPATH} /usr/bin/python3 -W ignore:setup.py install is deprecated -W ignore:easy_install command is deprecated setup.py egg_info --egg-base ../build/rceti_keyboard build --build-base /home/user/Documents/Capstone/RCETI/build/rceti_keyboard/build install --record /home/user/Documents/Capstone/RCETI/build/rceti_keyboard/install.log --single-version-externally-managed install_data
[2.270s] Level 1:colcon.colcon_core.environment:checking '/home/user/Documents/Capstone/RCETI/install/rceti_keyboard' for CMake config files
[2.272s] Level 1:colcon.colcon_core.environment:checking '/home/user/Documents/Capstone/RCETI/install/rceti_keyboard/lib'
[2.272s] Level 1:colcon.colcon_core.environment:checking '/home/user/Documents/Capstone/RCETI/install/rceti_keyboard/bin'
[2.272s] Level 1:colcon.colcon_core.environment:checking '/home/user/Documents/Capstone/RCETI/install/rceti_keyboard/lib/pkgconfig/rceti_keyboard.pc'
[2.273s] Level 1:colcon.colcon_core.environment:checking '/home/user/Documents/Capstone/RCETI/install/rceti_keyboard/lib/python3.10/site-packages'
[2.273s] Level 1:colcon.colcon_core.shell:create_environment_hook('rceti_keyboard', 'pythonpath')
[2.274s] INFO:colcon.colcon_core.shell:Creating environment hook '/home/user/Documents/Capstone/RCETI/install/rceti_keyboard/share/rceti_keyboard/hook/pythonpath.ps1'
[2.275s] INFO:colcon.colcon_core.shell:Creating environment descriptor '/home/user/Documents/Capstone/RCETI/install/rceti_keyboard/share/rceti_keyboard/hook/pythonpath.dsv'
[2.276s] INFO:colcon.colcon_core.shell:Creating environment hook '/home/user/Documents/Capstone/RCETI/install/rceti_keyboard/share/rceti_keyboard/hook/pythonpath.sh'
[2.278s] Level 1:colcon.colcon_core.environment:checking '/home/user/Documents/Capstone/RCETI/install/rceti_keyboard/bin'
[2.278s] Level 1:colcon.colcon_core.environment:create_environment_scripts_only(rceti_keyboard)
[2.279s] INFO:colcon.colcon_core.shell:Creating package script '/home/user/Documents/Capstone/RCETI/install/rceti_keyboard/share/rceti_keyboard/package.ps1'
[2.280s] INFO:colcon.colcon_core.shell:Creating package descriptor '/home/user/Documents/Capstone/RCETI/install/rceti_keyboard/share/rceti_keyboard/package.dsv'
[2.282s] INFO:colcon.colcon_core.shell:Creating package script '/home/user/Documents/Capstone/RCETI/install/rceti_keyboard/share/rceti_keyboard/package.sh'
[2.283s] INFO:colcon.colcon_core.shell:Creating package script '/home/user/Documents/Capstone/RCETI/install/rceti_keyboard/share/rceti_keyboard/package.bash'
[2.284s] INFO:colcon.colcon_core.shell:Creating package script '/home/user/Documents/Capstone/RCETI/install/rceti_keyboard/share/rceti_keyboard/package.zsh'
[2.286s] Level 1:colcon.colcon_core.environment:create_file_with_runtime_dependencies(/home/user/Documents/Capstone/RCETI/install/rceti_keyboard/share/colcon-core/packages/rceti_keyboard)
[2.286s] DEBUG:colcon.colcon_parallel_executor.executor.parallel:closing loop
[2.288s] DEBUG:colcon.colcon_parallel_executor.executor.parallel:loop closed
[2.288s] DEBUG:colcon.colcon_parallel_executor.executor.parallel:run_until_complete finished with '0'
[2.288s] DEBUG:colcon.colcon_core.event_reactor:joining thread
[2.296s] INFO:colcon.colcon_core.plugin_system:Skipping extension 'colcon_notification.desktop_notification.terminal_notifier': Not used on non-Darwin systems
[2.297s] INFO:colcon.colcon_core.plugin_system:Skipping extension 'colcon_notification.desktop_notification.win32': Not used on non-Windows systems
[2.297s] INFO:colcon.colcon_notification.desktop_notification:Sending desktop notification using 'notify2'
[2.313s] DEBUG:colcon.colcon_core.event_reactor:joined thread
[2.313s] INFO:colcon.colcon_core.shell:Creating prefix script '/home/user/Documents/Capstone/RCETI/install/local_setup.ps1'
[2.315s] INFO:colcon.colcon_core.shell:Creating prefix util module '/home/user/Documents/Capstone/RCETI/install/_local_setup_util_ps1.py'
[2.318s] INFO:colcon.colcon_core.shell:Creating prefix chain script '/home/user/Documents/Capstone/RCETI/install/setup.ps1'
[2.320s] INFO:colcon.colcon_core.shell:Creating prefix script '/home/user/Documents/Capstone/RCETI/install/local_setup.sh'
[2.322s] INFO:colcon.colcon_core.shell:Creating prefix util module '/home/user/Documents/Capstone/RCETI/install/_local_setup_util_sh.py'
[2.324s] INFO:colcon.colcon_core.shell:Creating prefix chain script '/home/user/Documents/Capstone/RCETI/install/setup.sh'
[2.327s] INFO:colcon.colcon_core.shell:Creating prefix script '/home/user/Documents/Capstone/RCETI/install/local_setup.bash'
[2.328s] INFO:colcon.colcon_core.shell:Creating prefix chain script '/home/user/Documents/Capstone/RCETI/install/setup.bash'
[2.330s] INFO:colcon.colcon_core.shell:Creating prefix script '/home/user/Documents/Capstone/RCETI/install/local_setup.zsh'
[2.332s] INFO:colcon.colcon_core.shell:Creating prefix chain script '/home/user/Documents/Capstone/RCETI/install/setup.zsh'
