[0.206s] DEBUG:colcon:Command line arguments: ['/usr/bin/colcon', 'build']
[0.210s] DEBUG:colcon:Parsed command line arguments: Namespace(log_base=None, log_level=None, verb_name='build', build_base='build', install_base='install', merge_install=False, symlink_install=False, test_result_base=None, continue_on_error=False, executor='parallel', parallel_workers=4, event_handlers=None, ignore_user_meta=False, metas=['./colcon.meta'], base_paths=['.'], packages_ignore=None, packages_ignore_regex=None, paths=None, packages_up_to=None, packages_up_to_regex=None, packages_above=None, packages_above_and_dependencies=None, packages_above_depth=None, packages_select_by_dep=None, packages_skip_by_dep=None, packages_skip_up_to=None, packages_select_build_failed=False, packages_skip_build_finished=False, packages_select_test_failures=False, packages_skip_test_passed=False, packages_select=None, packages_skip=None, packages_select_regex=None, packages_skip_regex=None, packages_start=None, packages_end=None, allow_overriding=[], cmake_args=None, cmake_target=None, cmake_target_skip_unavailable=False, cmake_clean_cache=False, cmake_clean_first=False, cmake_force_configure=False, ament_cmake_args=None, catkin_cmake_args=None, catkin_skip_building_tests=False, mixin_files=None, mixin=None, verb_parser=<colcon_mixin.mixin.mixin_argument.MixinArgumentDecorator object at 0x7d79957646a0>, verb_extension=<colcon_core.verb.build.BuildVerb object at 0x7d7995764160>, main=<bound method BuildVerb.main of <colcon_core.verb.build.BuildVerb object at 0x7d7995764160>>, mixin_verb=('build',))
[0.517s] Level 1:colcon.colcon_core.package_discovery:discover_packages(colcon_meta) check parameters
[0.518s] Level 1:colcon.colcon_core.package_discovery:discover_packages(recursive) check parameters
[0.518s] Level 1:colcon.colcon_core.package_discovery:discover_packages(ignore) check parameters
[0.518s] Level 1:colcon.colcon_core.package_discovery:discover_packages(path) check parameters
[0.518s] Level 1:colcon.colcon_core.package_discovery:discover_packages(colcon_meta) discover
[0.518s] Level 1:colcon.colcon_core.package_discovery:discover_packages(recursive) discover
[0.518s] INFO:colcon.colcon_core.package_discovery:Crawling recursively for packages in '/home/user/Documents/Capstone/RCETI'
[0.518s] Level 1:colcon.colcon_core.package_identification:_identify(.) by extensions ['ignore', 'ignore_ament_install']
[0.519s] Level 1:colcon.colcon_core.package_identification:_identify(.) by extension 'ignore'
[0.519s] Level 1:colcon.colcon_core.package_identification:_identify(.) by extension 'ignore_ament_install'
[0.520s] Level 1:colcon.colcon_core.package_identification:_identify(.) by extensions ['colcon_pkg']
[0.520s] Level 1:colcon.colcon_core.package_identification:_identify(.) by extension 'colcon_pkg'
[0.520s] Level 1:colcon.colcon_core.package_identification:_identify(.) by extensions ['colcon_meta']
[0.520s] Level 1:colcon.colcon_core.package_identification:_identify(.) by extension 'colcon_meta'
[0.520s] Level 1:colcon.colcon_core.package_identification:_identify(.) by extensions ['ros']
[0.520s] Level 1:colcon.colcon_core.package_identification:_identify(.) by extension 'ros'
[0.537s] Level 1:colcon.colcon_core.package_identification:_identify(.) by extensions ['cmake', 'python']
[0.538s] Level 1:colcon.colcon_core.package_identification:_identify(.) by extension 'cmake'
[0.538s] Level 1:colcon.colcon_core.package_identification:_identify(.) by extension 'python'
[0.538s] Level 1:colcon.colcon_core.package_identification:_identify(.) by extensions ['python_setup_py']
[0.538s] Level 1:colcon.colcon_core.package_identification:_identify(.) by extension 'python_setup_py'
[0.538s] Level 1:colcon.colcon_core.package_identification:_identify(build) by extensions ['ignore', 'ignore_ament_install']
[0.539s] Level 1:colcon.colcon_core.package_identification:_identify(build) by extension 'ignore'
[0.539s] Level 1:colcon.colcon_core.package_identification:_identify(build) ignored
[0.539s] Level 1:colcon.colcon_core.package_identification:_identify(install) by extensions ['ignore', 'ignore_ament_install']
[0.539s] Level 1:colcon.colcon_core.package_identification:_identify(install) by extension 'ignore'
[0.540s] Level 1:colcon.colcon_core.package_identification:_identify(install) ignored
[0.540s] Level 1:colcon.colcon_core.package_identification:_identify(log) by extensions ['ignore', 'ignore_ament_install']
[0.541s] Level 1:colcon.colcon_core.package_identification:_identify(log) by extension 'ignore'
[0.541s] Level 1:colcon.colcon_core.package_identification:_identify(log) ignored
[0.542s] Level 1:colcon.colcon_core.package_identification:_identify(rceti_controller) by extensions ['ignore', 'ignore_ament_install']
[0.543s] Level 1:colcon.colcon_core.package_identification:_identify(rceti_controller) by extension 'ignore'
[0.543s] Level 1:colcon.colcon_core.package_identification:_identify(rceti_controller) by extension 'ignore_ament_install'
[0.544s] Level 1:colcon.colcon_core.package_identification:_identify(rceti_controller) by extensions ['colcon_pkg']
[0.544s] Level 1:colcon.colcon_core.package_identification:_identify(rceti_controller) by extension 'colcon_pkg'
[0.544s] Level 1:colcon.colcon_core.package_identification:_identify(rceti_controller) by extensions ['colcon_meta']
[0.545s] Level 1:colcon.colcon_core.package_identification:_identify(rceti_controller) by extension 'colcon_meta'
[0.546s] Level 1:colcon.colcon_core.package_identification:_identify(rceti_controller) by extensions ['ros']
[0.547s] Level 1:colcon.colcon_core.package_identification:_identify(rceti_controller) by extension 'ros'
[0.552s] DEBUG:colcon.colcon_core.package_identification:Package 'rceti_controller' with type 'ros.ament_python' and name 'rceti_controller'
[0.552s] Level 1:colcon.colcon_core.package_identification:_identify(rceti_deployment) by extensions ['ignore', 'ignore_ament_install']
[0.553s] Level 1:colcon.colcon_core.package_identification:_identify(rceti_deployment) by extension 'ignore'
[0.554s] Level 1:colcon.colcon_core.package_identification:_identify(rceti_deployment) by extension 'ignore_ament_install'
[0.554s] Level 1:colcon.colcon_core.package_identification:_identify(rceti_deployment) by extensions ['colcon_pkg']
[0.554s] Level 1:colcon.colcon_core.package_identification:_identify(rceti_deployment) by extension 'colcon_pkg'
[0.555s] Level 1:colcon.colcon_core.package_identification:_identify(rceti_deployment) by extensions ['colcon_meta']
[0.555s] Level 1:colcon.colcon_core.package_identification:_identify(rceti_deployment) by extension 'colcon_meta'
[0.559s] Level 1:colcon.colcon_core.package_identification:_identify(rceti_deployment) by extensions ['ros']
[0.559s] Level 1:colcon.colcon_core.package_identification:_identify(rceti_deployment) by extension 'ros'
[0.561s] DEBUG:colcon.colcon_core.package_identification:Package 'rceti_deployment' with type 'ros.ament_cmake' and name 'rceti_deployment'
[0.562s] Level 1:colcon.colcon_core.package_identification:_identify(rceti_keyboard) by extensions ['ignore', 'ignore_ament_install']
[0.562s] Level 1:colcon.colcon_core.package_identification:_identify(rceti_keyboard) by extension 'ignore'
[0.563s] Level 1:colcon.colcon_core.package_identification:_identify(rceti_keyboard) by extension 'ignore_ament_install'
[0.563s] Level 1:colcon.colcon_core.package_identification:_identify(rceti_keyboard) by extensions ['colcon_pkg']
[0.563s] Level 1:colcon.colcon_core.package_identification:_identify(rceti_keyboard) by extension 'colcon_pkg'
[0.564s] Level 1:colcon.colcon_core.package_identification:_identify(rceti_keyboard) by extensions ['colcon_meta']
[0.564s] Level 1:colcon.colcon_core.package_identification:_identify(rceti_keyboard) by extension 'colcon_meta'
[0.565s] Level 1:colcon.colcon_core.package_identification:_identify(rceti_keyboard) by extensions ['ros']
[0.565s] Level 1:colcon.colcon_core.package_identification:_identify(rceti_keyboard) by extension 'ros'
[0.566s] DEBUG:colcon.colcon_core.package_identification:Package 'rceti_keyboard' with type 'ros.ament_python' and name 'rceti_keyboard'
[0.566s] Level 1:colcon.colcon_core.package_identification:_identify(rceti_support) by extensions ['ignore', 'ignore_ament_install']
[0.567s] Level 1:colcon.colcon_core.package_identification:_identify(rceti_support) by extension 'ignore'
[0.567s] Level 1:colcon.colcon_core.package_identification:_identify(rceti_support) by extension 'ignore_ament_install'
[0.568s] Level 1:colcon.colcon_core.package_identification:_identify(rceti_support) by extensions ['colcon_pkg']
[0.568s] Level 1:colcon.colcon_core.package_identification:_identify(rceti_support) by extension 'colcon_pkg'
[0.569s] Level 1:colcon.colcon_core.package_identification:_identify(rceti_support) by extensions ['colcon_meta']
[0.570s] Level 1:colcon.colcon_core.package_identification:_identify(rceti_support) by extension 'colcon_meta'
[0.570s] Level 1:colcon.colcon_core.package_identification:_identify(rceti_support) by extensions ['ros']
[0.570s] Level 1:colcon.colcon_core.package_identification:_identify(rceti_support) by extension 'ros'
[0.571s] DEBUG:colcon.colcon_core.package_identification:Package 'rceti_support' with type 'ros.ament_cmake' and name 'rceti_support'
[0.572s] Level 1:colcon.colcon_core.package_discovery:discover_packages(recursive) using defaults
[0.572s] Level 1:colcon.colcon_core.package_discovery:discover_packages(ignore) discover
[0.572s] Level 1:colcon.colcon_core.package_discovery:discover_packages(ignore) using defaults
[0.572s] Level 1:colcon.colcon_core.package_discovery:discover_packages(path) discover
[0.572s] Level 1:colcon.colcon_core.package_discovery:discover_packages(path) using defaults
[0.632s] Level 1:colcon.colcon_core.package_discovery:discover_packages(prefix_path) check parameters
[0.632s] Level 1:colcon.colcon_core.package_discovery:discover_packages(prefix_path) discover
[0.637s] DEBUG:colcon.colcon_installed_package_information.package_discovery:Found 1 installed packages in /home/user/Documents/Capstone/RCETI/install
[0.638s] DEBUG:colcon.colcon_installed_package_information.package_discovery:Found 1 installed packages in /home/user/Documents/Capstone/install
[0.641s] DEBUG:colcon.colcon_installed_package_information.package_discovery:Found 271 installed packages in /opt/ros/humble
[0.645s] Level 1:colcon.colcon_core.package_discovery:discover_packages(prefix_path) using defaults
[0.715s] Level 5:colcon.colcon_core.verb:set package 'rceti_controller' build argument 'cmake_args' from command line to 'None'
[0.716s] Level 5:colcon.colcon_core.verb:set package 'rceti_controller' build argument 'cmake_target' from command line to 'None'
[0.716s] Level 5:colcon.colcon_core.verb:set package 'rceti_controller' build argument 'cmake_target_skip_unavailable' from command line to 'False'
[0.716s] Level 5:colcon.colcon_core.verb:set package 'rceti_controller' build argument 'cmake_clean_cache' from command line to 'False'
[0.716s] Level 5:colcon.colcon_core.verb:set package 'rceti_controller' build argument 'cmake_clean_first' from command line to 'False'
[0.716s] Level 5:colcon.colcon_core.verb:set package 'rceti_controller' build argument 'cmake_force_configure' from command line to 'False'
[0.716s] Level 5:colcon.colcon_core.verb:set package 'rceti_controller' build argument 'ament_cmake_args' from command line to 'None'
[0.716s] Level 5:colcon.colcon_core.verb:set package 'rceti_controller' build argument 'catkin_cmake_args' from command line to 'None'
[0.716s] Level 5:colcon.colcon_core.verb:set package 'rceti_controller' build argument 'catkin_skip_building_tests' from command line to 'False'
[0.717s] DEBUG:colcon.colcon_core.verb:Building package 'rceti_controller' with the following arguments: {'ament_cmake_args': None, 'build_base': '/home/user/Documents/Capstone/RCETI/build/rceti_controller', 'catkin_cmake_args': None, 'catkin_skip_building_tests': False, 'cmake_args': None, 'cmake_clean_cache': False, 'cmake_clean_first': False, 'cmake_force_configure': False, 'cmake_target': None, 'cmake_target_skip_unavailable': False, 'install_base': '/home/user/Documents/Capstone/RCETI/install/rceti_controller', 'merge_install': False, 'path': '/home/user/Documents/Capstone/RCETI/rceti_controller', 'symlink_install': False, 'test_result_base': None}
[0.718s] Level 5:colcon.colcon_core.verb:set package 'rceti_deployment' build argument 'cmake_args' from command line to 'None'
[0.718s] Level 5:colcon.colcon_core.verb:set package 'rceti_deployment' build argument 'cmake_target' from command line to 'None'
[0.718s] Level 5:colcon.colcon_core.verb:set package 'rceti_deployment' build argument 'cmake_target_skip_unavailable' from command line to 'False'
[0.718s] Level 5:colcon.colcon_core.verb:set package 'rceti_deployment' build argument 'cmake_clean_cache' from command line to 'False'
[0.718s] Level 5:colcon.colcon_core.verb:set package 'rceti_deployment' build argument 'cmake_clean_first' from command line to 'False'
[0.718s] Level 5:colcon.colcon_core.verb:set package 'rceti_deployment' build argument 'cmake_force_configure' from command line to 'False'
[0.718s] Level 5:colcon.colcon_core.verb:set package 'rceti_deployment' build argument 'ament_cmake_args' from command line to 'None'
[0.720s] Level 5:colcon.colcon_core.verb:set package 'rceti_deployment' build argument 'catkin_cmake_args' from command line to 'None'
[0.720s] Level 5:colcon.colcon_core.verb:set package 'rceti_deployment' build argument 'catkin_skip_building_tests' from command line to 'False'
[0.720s] DEBUG:colcon.colcon_core.verb:Building package 'rceti_deployment' with the following arguments: {'ament_cmake_args': None, 'build_base': '/home/user/Documents/Capstone/RCETI/build/rceti_deployment', 'catkin_cmake_args': None, 'catkin_skip_building_tests': False, 'cmake_args': None, 'cmake_clean_cache': False, 'cmake_clean_first': False, 'cmake_force_configure': False, 'cmake_target': None, 'cmake_target_skip_unavailable': False, 'install_base': '/home/user/Documents/Capstone/RCETI/install/rceti_deployment', 'merge_install': False, 'path': '/home/user/Documents/Capstone/RCETI/rceti_deployment', 'symlink_install': False, 'test_result_base': None}
[0.723s] Level 5:colcon.colcon_core.verb:set package 'rceti_keyboard' build argument 'cmake_args' from command line to 'None'
[0.724s] Level 5:colcon.colcon_core.verb:set package 'rceti_keyboard' build argument 'cmake_target' from command line to 'None'
[0.724s] Level 5:colcon.colcon_core.verb:set package 'rceti_keyboard' build argument 'cmake_target_skip_unavailable' from command line to 'False'
[0.724s] Level 5:colcon.colcon_core.verb:set package 'rceti_keyboard' build argument 'cmake_clean_cache' from command line to 'False'
[0.724s] Level 5:colcon.colcon_core.verb:set package 'rceti_keyboard' build argument 'cmake_clean_first' from command line to 'False'
[0.724s] Level 5:colcon.colcon_core.verb:set package 'rceti_keyboard' build argument 'cmake_force_configure' from command line to 'False'
[0.724s] Level 5:colcon.colcon_core.verb:set package 'rceti_keyboard' build argument 'ament_cmake_args' from command line to 'None'
[0.724s] Level 5:colcon.colcon_core.verb:set package 'rceti_keyboard' build argument 'catkin_cmake_args' from command line to 'None'
[0.724s] Level 5:colcon.colcon_core.verb:set package 'rceti_keyboard' build argument 'catkin_skip_building_tests' from command line to 'False'
[0.724s] DEBUG:colcon.colcon_core.verb:Building package 'rceti_keyboard' with the following arguments: {'ament_cmake_args': None, 'build_base': '/home/user/Documents/Capstone/RCETI/build/rceti_keyboard', 'catkin_cmake_args': None, 'catkin_skip_building_tests': False, 'cmake_args': None, 'cmake_clean_cache': False, 'cmake_clean_first': False, 'cmake_force_configure': False, 'cmake_target': None, 'cmake_target_skip_unavailable': False, 'install_base': '/home/user/Documents/Capstone/RCETI/install/rceti_keyboard', 'merge_install': False, 'path': '/home/user/Documents/Capstone/RCETI/rceti_keyboard', 'symlink_install': False, 'test_result_base': None}
[0.725s] Level 5:colcon.colcon_core.verb:set package 'rceti_support' build argument 'cmake_args' from command line to 'None'
[0.725s] Level 5:colcon.colcon_core.verb:set package 'rceti_support' build argument 'cmake_target' from command line to 'None'
[0.725s] Level 5:colcon.colcon_core.verb:set package 'rceti_support' build argument 'cmake_target_skip_unavailable' from command line to 'False'
[0.725s] Level 5:colcon.colcon_core.verb:set package 'rceti_support' build argument 'cmake_clean_cache' from command line to 'False'
[0.725s] Level 5:colcon.colcon_core.verb:set package 'rceti_support' build argument 'cmake_clean_first' from command line to 'False'
[0.725s] Level 5:colcon.colcon_core.verb:set package 'rceti_support' build argument 'cmake_force_configure' from command line to 'False'
[0.725s] Level 5:colcon.colcon_core.verb:set package 'rceti_support' build argument 'ament_cmake_args' from command line to 'None'
[0.725s] Level 5:colcon.colcon_core.verb:set package 'rceti_support' build argument 'catkin_cmake_args' from command line to 'None'
[0.725s] Level 5:colcon.colcon_core.verb:set package 'rceti_support' build argument 'catkin_skip_building_tests' from command line to 'False'
[0.726s] DEBUG:colcon.colcon_core.verb:Building package 'rceti_support' with the following arguments: {'ament_cmake_args': None, 'build_base': '/home/user/Documents/Capstone/RCETI/build/rceti_support', 'catkin_cmake_args': None, 'catkin_skip_building_tests': False, 'cmake_args': None, 'cmake_clean_cache': False, 'cmake_clean_first': False, 'cmake_force_configure': False, 'cmake_target': None, 'cmake_target_skip_unavailable': False, 'install_base': '/home/user/Documents/Capstone/RCETI/install/rceti_support', 'merge_install': False, 'path': '/home/user/Documents/Capstone/RCETI/rceti_support', 'symlink_install': False, 'test_result_base': None}
[0.726s] INFO:colcon.colcon_core.executor:Executing jobs using 'parallel' executor
[0.734s] DEBUG:colcon.colcon_parallel_executor.executor.parallel:run_until_complete
[0.739s] INFO:colcon.colcon_ros.task.ament_python.build:Building ROS package in '/home/user/Documents/Capstone/RCETI/rceti_controller' with build type 'ament_python'
[0.744s] Level 1:colcon.colcon_core.shell:create_environment_hook('rceti_controller', 'ament_prefix_path')
[0.750s] INFO:colcon.colcon_core.plugin_system:Skipping extension 'colcon_core.shell.bat': Not used on non-Windows systems
[0.751s] INFO:colcon.colcon_core.shell:Creating environment hook '/home/user/Documents/Capstone/RCETI/install/rceti_controller/share/rceti_controller/hook/ament_prefix_path.ps1'
[0.756s] INFO:colcon.colcon_core.shell:Creating environment descriptor '/home/user/Documents/Capstone/RCETI/install/rceti_controller/share/rceti_controller/hook/ament_prefix_path.dsv'
[0.760s] INFO:colcon.colcon_core.shell:Creating environment hook '/home/user/Documents/Capstone/RCETI/install/rceti_controller/share/rceti_controller/hook/ament_prefix_path.sh'
[0.768s] INFO:colcon.colcon_core.shell:Skip shell extension 'powershell' for command environment: Not usable outside of PowerShell
[0.768s] DEBUG:colcon.colcon_core.shell:Skip shell extension 'dsv' for command environment
[0.794s] INFO:colcon.colcon_ros.task.ament_cmake.build:Building ROS package in '/home/user/Documents/Capstone/RCETI/rceti_deployment' with build type 'ament_cmake'
[0.797s] INFO:colcon.colcon_cmake.task.cmake.build:Building CMake package in '/home/user/Documents/Capstone/RCETI/rceti_deployment'
[0.812s] INFO:colcon.colcon_core.shell:Skip shell extension 'powershell' for command environment: Not usable outside of PowerShell
[0.812s] DEBUG:colcon.colcon_core.shell:Skip shell extension 'dsv' for command environment
[0.832s] INFO:colcon.colcon_ros.task.ament_python.build:Building ROS package in '/home/user/Documents/Capstone/RCETI/rceti_keyboard' with build type 'ament_python'
[0.833s] Level 1:colcon.colcon_core.shell:create_environment_hook('rceti_keyboard', 'ament_prefix_path')
[0.833s] INFO:colcon.colcon_core.shell:Creating environment hook '/home/user/Documents/Capstone/RCETI/install/rceti_keyboard/share/rceti_keyboard/hook/ament_prefix_path.ps1'
[0.836s] INFO:colcon.colcon_core.shell:Creating environment descriptor '/home/user/Documents/Capstone/RCETI/install/rceti_keyboard/share/rceti_keyboard/hook/ament_prefix_path.dsv'
[0.838s] INFO:colcon.colcon_core.shell:Creating environment hook '/home/user/Documents/Capstone/RCETI/install/rceti_keyboard/share/rceti_keyboard/hook/ament_prefix_path.sh'
[0.841s] INFO:colcon.colcon_core.shell:Skip shell extension 'powershell' for command environment: Not usable outside of PowerShell
[0.842s] DEBUG:colcon.colcon_core.shell:Skip shell extension 'dsv' for command environment
[0.854s] INFO:colcon.colcon_ros.task.ament_cmake.build:Building ROS package in '/home/user/Documents/Capstone/RCETI/rceti_support' with build type 'ament_cmake'
[0.855s] INFO:colcon.colcon_cmake.task.cmake.build:Building CMake package in '/home/user/Documents/Capstone/RCETI/rceti_support'
[0.856s] INFO:colcon.colcon_core.shell:Skip shell extension 'powershell' for command environment: Not usable outside of PowerShell
[0.857s] DEBUG:colcon.colcon_core.shell:Skip shell extension 'dsv' for command environment
[1.648s] INFO:colcon.colcon_core.task.python.build:Building Python package in '/home/user/Documents/Capstone/RCETI/rceti_controller'
[1.648s] INFO:colcon.colcon_core.shell:Skip shell extension 'powershell' for command environment: Not usable outside of PowerShell
[1.648s] DEBUG:colcon.colcon_core.shell:Skip shell extension 'dsv' for command environment
[1.687s] DEBUG:colcon.colcon_core.event_handler.log_command:Invoking command in '/home/user/Documents/Capstone/RCETI/build/rceti_deployment': CMAKE_PREFIX_PATH=${CMAKE_PREFIX_PATH}:/opt/ros/humble /usr/bin/cmake --build /home/user/Documents/Capstone/RCETI/build/rceti_deployment -- -j4 -l4
[2.330s] INFO:colcon.colcon_core.task.python.build:Building Python package in '/home/user/Documents/Capstone/RCETI/rceti_keyboard'
[2.333s] INFO:colcon.colcon_core.shell:Skip shell extension 'powershell' for command environment: Not usable outside of PowerShell
[2.333s] DEBUG:colcon.colcon_core.shell:Skip shell extension 'dsv' for command environment
[2.360s] DEBUG:colcon.colcon_core.event_handler.log_command:Invoking command in '/home/user/Documents/Capstone/RCETI/build/rceti_support': CMAKE_PREFIX_PATH=${CMAKE_PREFIX_PATH}:/opt/ros/humble /usr/bin/cmake --build /home/user/Documents/Capstone/RCETI/build/rceti_support -- -j4 -l4
[2.405s] DEBUG:colcon.colcon_core.event_handler.log_command:Invoked command in '/home/user/Documents/Capstone/RCETI/build/rceti_deployment' returned '0': CMAKE_PREFIX_PATH=${CMAKE_PREFIX_PATH}:/opt/ros/humble /usr/bin/cmake --build /home/user/Documents/Capstone/RCETI/build/rceti_deployment -- -j4 -l4
[2.452s] DEBUG:colcon.colcon_core.event_handler.log_command:Invoking command in '/home/user/Documents/Capstone/RCETI/build/rceti_deployment': CMAKE_PREFIX_PATH=${CMAKE_PREFIX_PATH}:/opt/ros/humble /usr/bin/cmake --install /home/user/Documents/Capstone/RCETI/build/rceti_deployment
[2.500s] DEBUG:colcon.colcon_core.event_handler.log_command:Invoked command in '/home/user/Documents/Capstone/RCETI/build/rceti_support' returned '0': CMAKE_PREFIX_PATH=${CMAKE_PREFIX_PATH}:/opt/ros/humble /usr/bin/cmake --build /home/user/Documents/Capstone/RCETI/build/rceti_support -- -j4 -l4
[2.520s] Level 1:colcon.colcon_core.environment:create_environment_scripts_only(rceti_deployment)
[2.524s] DEBUG:colcon.colcon_core.event_handler.log_command:Invoking command in '/home/user/Documents/Capstone/RCETI/build/rceti_support': CMAKE_PREFIX_PATH=${CMAKE_PREFIX_PATH}:/opt/ros/humble /usr/bin/cmake --install /home/user/Documents/Capstone/RCETI/build/rceti_support
[2.525s] DEBUG:colcon.colcon_core.event_handler.log_command:Invoked command in '/home/user/Documents/Capstone/RCETI/build/rceti_deployment' returned '1': CMAKE_PREFIX_PATH=${CMAKE_PREFIX_PATH}:/opt/ros/humble /usr/bin/cmake --install /home/user/Documents/Capstone/RCETI/build/rceti_deployment
[2.528s] Level 1:colcon.colcon_core.environment:checking '/home/user/Documents/Capstone/RCETI/install/rceti_deployment' for CMake module files
[2.529s] Level 1:colcon.colcon_core.environment:checking '/home/user/Documents/Capstone/RCETI/install/rceti_deployment' for CMake config files
[2.529s] Level 1:colcon.colcon_core.shell:create_environment_hook('rceti_deployment', 'cmake_prefix_path')
[2.530s] INFO:colcon.colcon_core.shell:Creating environment hook '/home/user/Documents/Capstone/RCETI/install/rceti_deployment/share/rceti_deployment/hook/cmake_prefix_path.ps1'
[2.532s] INFO:colcon.colcon_core.shell:Creating environment descriptor '/home/user/Documents/Capstone/RCETI/install/rceti_deployment/share/rceti_deployment/hook/cmake_prefix_path.dsv'
[2.533s] INFO:colcon.colcon_core.shell:Creating environment hook '/home/user/Documents/Capstone/RCETI/install/rceti_deployment/share/rceti_deployment/hook/cmake_prefix_path.sh'
[2.536s] Level 1:colcon.colcon_core.environment:checking '/home/user/Documents/Capstone/RCETI/install/rceti_deployment/bin'
[2.536s] Level 1:colcon.colcon_core.environment:checking '/home/user/Documents/Capstone/RCETI/install/rceti_deployment/lib/pkgconfig/rceti_deployment.pc'
[2.537s] Level 1:colcon.colcon_core.environment:checking '/home/user/Documents/Capstone/RCETI/install/rceti_deployment/lib/python3.10/site-packages'
[2.537s] Level 1:colcon.colcon_core.environment:checking '/home/user/Documents/Capstone/RCETI/install/rceti_deployment/bin'
[2.538s] INFO:colcon.colcon_core.shell:Creating package script '/home/user/Documents/Capstone/RCETI/install/rceti_deployment/share/rceti_deployment/package.ps1'
[2.540s] INFO:colcon.colcon_core.shell:Creating package descriptor '/home/user/Documents/Capstone/RCETI/install/rceti_deployment/share/rceti_deployment/package.dsv'
[2.542s] INFO:colcon.colcon_core.shell:Creating package script '/home/user/Documents/Capstone/RCETI/install/rceti_deployment/share/rceti_deployment/package.sh'
[2.571s] INFO:colcon.colcon_core.shell:Creating package script '/home/user/Documents/Capstone/RCETI/install/rceti_deployment/share/rceti_deployment/package.bash'
[2.575s] INFO:colcon.colcon_core.shell:Creating package script '/home/user/Documents/Capstone/RCETI/install/rceti_deployment/share/rceti_deployment/package.zsh'
[2.577s] Level 1:colcon.colcon_core.environment:create_file_with_runtime_dependencies(/home/user/Documents/Capstone/RCETI/install/rceti_deployment/share/colcon-core/packages/rceti_deployment)
[3.514s] DEBUG:colcon.colcon_parallel_executor.executor.parallel:closing loop
[3.515s] DEBUG:colcon.colcon_parallel_executor.executor.parallel:loop closed
[3.515s] DEBUG:colcon.colcon_parallel_executor.executor.parallel:run_until_complete finished with '1'
[3.515s] DEBUG:colcon.colcon_core.event_reactor:joining thread
[3.536s] INFO:colcon.colcon_core.plugin_system:Skipping extension 'colcon_notification.desktop_notification.terminal_notifier': Not used on non-Darwin systems
[3.536s] INFO:colcon.colcon_core.plugin_system:Skipping extension 'colcon_notification.desktop_notification.win32': Not used on non-Windows systems
[3.537s] INFO:colcon.colcon_notification.desktop_notification:Sending desktop notification using 'notify2'
[3.584s] DEBUG:colcon.colcon_core.event_reactor:joined thread
[3.585s] INFO:colcon.colcon_core.shell:Creating prefix script '/home/user/Documents/Capstone/RCETI/install/local_setup.ps1'
[3.588s] INFO:colcon.colcon_core.shell:Creating prefix util module '/home/user/Documents/Capstone/RCETI/install/_local_setup_util_ps1.py'
[3.592s] INFO:colcon.colcon_core.shell:Creating prefix chain script '/home/user/Documents/Capstone/RCETI/install/setup.ps1'
[3.594s] INFO:colcon.colcon_core.shell:Creating prefix script '/home/user/Documents/Capstone/RCETI/install/local_setup.sh'
[3.598s] INFO:colcon.colcon_core.shell:Creating prefix util module '/home/user/Documents/Capstone/RCETI/install/_local_setup_util_sh.py'
[3.600s] INFO:colcon.colcon_core.shell:Creating prefix chain script '/home/user/Documents/Capstone/RCETI/install/setup.sh'
[3.609s] INFO:colcon.colcon_core.shell:Creating prefix script '/home/user/Documents/Capstone/RCETI/install/local_setup.bash'
[3.612s] INFO:colcon.colcon_core.shell:Creating prefix chain script '/home/user/Documents/Capstone/RCETI/install/setup.bash'
[3.619s] INFO:colcon.colcon_core.shell:Creating prefix script '/home/user/Documents/Capstone/RCETI/install/local_setup.zsh'
[3.623s] INFO:colcon.colcon_core.shell:Creating prefix chain script '/home/user/Documents/Capstone/RCETI/install/setup.zsh'
