[3.621s] Invoking command in '/home/user/Documents/Capstone/RCETI/rceti_controller': PYTHONPATH=/home/user/Documents/Capstone/RCETI/build/rceti_controller/prefix_override:/usr/lib/python3/dist-packages/colcon_core/task/python/colcon_distutils_commands:/home/user/Documents/Capstone/RCETI/install/rceti_controller/lib/python3.10/site-packages:${PYTHONPATH} /usr/bin/python3 -W ignore:setup.py install is deprecated -W ignore:easy_install command is deprecated setup.py egg_info --egg-base ../build/rceti_controller build --build-base /home/user/Documents/Capstone/RCETI/build/rceti_controller/build install --record /home/user/Documents/Capstone/RCETI/build/rceti_controller/install.log --single-version-externally-managed install_data
[4.523s] running egg_info
[4.524s] writing ../build/rceti_controller/rceti_controller.egg-info/PKG-INFO
[4.524s] writing dependency_links to ../build/rceti_controller/rceti_controller.egg-info/dependency_links.txt
[4.524s] writing entry points to ../build/rceti_controller/rceti_controller.egg-info/entry_points.txt
[4.524s] writing requirements to ../build/rceti_controller/rceti_controller.egg-info/requires.txt
[4.524s] writing top-level names to ../build/rceti_controller/rceti_controller.egg-info/top_level.txt
[4.526s] reading manifest file '../build/rceti_controller/rceti_controller.egg-info/SOURCES.txt'
[4.527s] adding license file 'LICENSE'
[4.529s] writing manifest file '../build/rceti_controller/rceti_controller.egg-info/SOURCES.txt'
[4.530s] running build
[4.530s] running build_py
[4.531s] running install
[4.534s] running install_lib
[4.540s] running install_data
[4.542s] running install_egg_info
[4.545s] removing '/home/user/Documents/Capstone/RCETI/install/rceti_controller/lib/python3.10/site-packages/rceti_controller-0.0.0-py3.10.egg-info' (and everything under it)
[4.556s] Copying ../build/rceti_controller/rceti_controller.egg-info to /home/user/Documents/Capstone/RCETI/install/rceti_controller/lib/python3.10/site-packages/rceti_controller-0.0.0-py3.10.egg-info
[4.556s] running install_scripts
[4.651s] Installing rceti_controller script to /home/user/Documents/Capstone/RCETI/install/rceti_controller/lib/rceti_controller
[4.653s] writing list of installed files to '/home/user/Documents/Capstone/RCETI/build/rceti_controller/install.log'
[4.712s] Invoked command in '/home/user/Documents/Capstone/RCETI/rceti_controller' returned '0': PYTHONPATH=/home/user/Documents/Capstone/RCETI/build/rceti_controller/prefix_override:/usr/lib/python3/dist-packages/colcon_core/task/python/colcon_distutils_commands:/home/user/Documents/Capstone/RCETI/install/rceti_controller/lib/python3.10/site-packages:${PYTHONPATH} /usr/bin/python3 -W ignore:setup.py install is deprecated -W ignore:easy_install command is deprecated setup.py egg_info --egg-base ../build/rceti_controller build --build-base /home/user/Documents/Capstone/RCETI/build/rceti_controller/build install --record /home/user/Documents/Capstone/RCETI/build/rceti_controller/install.log --single-version-externally-managed install_data
