-- Install configuration: ""
-- Up-to-date: /home/user/Documents/Capstone/RCETI/install/rceti_support/share/rceti_support/config
-- Installing: /home/user/Documents/Capstone/RCETI/install/rceti_support/share/rceti_support/config/visualize_description.rviz
-- Up-to-date: /home/user/Documents/Capstone/RCETI/install/rceti_support/share/rceti_support/launch
-- Installing: /home/user/Documents/Capstone/RCETI/install/rceti_support/share/rceti_support/launch/load_rceti.launch.xml
-- Installing: /home/user/Documents/Capstone/RCETI/install/rceti_support/share/rceti_support/launch/test_rceti.launch.xml
-- Up-to-date: /home/user/Documents/Capstone/RCETI/install/rceti_support/share/rceti_support/meshes
-- Up-to-date: /home/user/Documents/Capstone/RCETI/install/rceti_support/share/rceti_support/meshes/visual
-- Installing: /home/user/Documents/Capstone/RCETI/install/rceti_support/share/rceti_support/meshes/visual/IF_body_frame_m.STL
-- Installing: /home/user/Documents/Capstone/RCETI/install/rceti_support/share/rceti_support/meshes/visual/LA_slider_m.stl
-- Installing: /home/user/Documents/Capstone/RCETI/install/rceti_support/share/rceti_support/meshes/visual/LA_rail.stl
-- Installing: /home/user/Documents/Capstone/RCETI/install/rceti_support/share/rceti_support/meshes/visual/rot_m.STL
-- Installing: /home/user/Documents/Capstone/RCETI/install/rceti_support/share/rceti_support/meshes/visual/rot_mot_m.STL
-- Installing: /home/user/Documents/Capstone/RCETI/install/rceti_support/share/rceti_support/meshes/visual/IF_camera_frame_m.STL
-- Up-to-date: /home/user/Documents/Capstone/RCETI/install/rceti_support/share/rceti_support/urdf
-- Installing: /home/user/Documents/Capstone/RCETI/install/rceti_support/share/rceti_support/urdf/rceti.xacro
-- Installing: /home/user/Documents/Capstone/RCETI/install/rceti_support/share/rceti_support/urdf/rceti_macro.xacro
-- Installing: /home/user/Documents/Capstone/RCETI/install/rceti_support/share/ament_index/resource_index/package_run_dependencies/rceti_support
-- Installing: /home/user/Documents/Capstone/RCETI/install/rceti_support/share/ament_index/resource_index/parent_prefix_path/rceti_support
-- Installing: /home/user/Documents/Capstone/RCETI/install/rceti_support/share/rceti_support/environment/ament_prefix_path.sh
-- Installing: /home/user/Documents/Capstone/RCETI/install/rceti_support/share/rceti_support/environment/ament_prefix_path.dsv
-- Installing: /home/user/Documents/Capstone/RCETI/install/rceti_support/share/rceti_support/environment/path.sh
-- Installing: /home/user/Documents/Capstone/RCETI/install/rceti_support/share/rceti_support/environment/path.dsv
-- Installing: /home/user/Documents/Capstone/RCETI/install/rceti_support/share/rceti_support/local_setup.bash
-- Installing: /home/user/Documents/Capstone/RCETI/install/rceti_support/share/rceti_support/local_setup.sh
-- Installing: /home/user/Documents/Capstone/RCETI/install/rceti_support/share/rceti_support/local_setup.zsh
-- Installing: /home/user/Documents/Capstone/RCETI/install/rceti_support/share/rceti_support/local_setup.dsv
-- Installing: /home/user/Documents/Capstone/RCETI/install/rceti_support/share/rceti_support/package.dsv
-- Installing: /home/user/Documents/Capstone/RCETI/install/rceti_support/share/ament_index/resource_index/packages/rceti_support
-- Installing: /home/user/Documents/Capstone/RCETI/install/rceti_support/share/rceti_support/cmake/rceti_supportConfig.cmake
-- Installing: /home/user/Documents/Capstone/RCETI/install/rceti_support/share/rceti_support/cmake/rceti_supportConfig-version.cmake
-- Installing: /home/user/Documents/Capstone/RCETI/install/rceti_support/share/rceti_support/package.xml
