[1.498s] Invoking command in '/home/user/Documents/Capstone/RCETI/rceti_keyboard': PYTHONPATH=/home/user/Documents/Capstone/RCETI/build/rceti_keyboard/prefix_override:/usr/lib/python3/dist-packages/colcon_core/task/python/colcon_distutils_commands:/home/user/Documents/Capstone/RCETI/install/rceti_keyboard/lib/python3.10/site-packages:${PYTHONPATH} /usr/bin/python3 -W ignore:setup.py install is deprecated -W ignore:easy_install command is deprecated setup.py egg_info --egg-base ../build/rceti_keyboard build --build-base /home/user/Documents/Capstone/RCETI/build/rceti_keyboard/build install --record /home/user/Documents/Capstone/RCETI/build/rceti_keyboard/install.log --single-version-externally-managed install_data
[1.773s] running egg_info
[1.775s] writing ../build/rceti_keyboard/rceti_keyboard.egg-info/PKG-INFO
[1.779s] writing dependency_links to ../build/rceti_keyboard/rceti_keyboard.egg-info/dependency_links.txt
[1.779s] writing entry points to ../build/rceti_keyboard/rceti_keyboard.egg-info/entry_points.txt
[1.780s] writing requirements to ../build/rceti_keyboard/rceti_keyboard.egg-info/requires.txt
[1.781s] writing top-level names to ../build/rceti_keyboard/rceti_keyboard.egg-info/top_level.txt
[1.782s] reading manifest file '../build/rceti_keyboard/rceti_keyboard.egg-info/SOURCES.txt'
[1.782s] adding license file 'LICENSE'
[1.782s] writing manifest file '../build/rceti_keyboard/rceti_keyboard.egg-info/SOURCES.txt'
[1.782s] running build
[1.782s] running build_py
[1.782s] copying rceti_keyboard/rceti_keyboard_controller.py -> /home/user/Documents/Capstone/RCETI/build/rceti_keyboard/build/lib/rceti_keyboard
[1.783s] running install
[1.791s] running install_lib
[1.791s] copying /home/user/Documents/Capstone/RCETI/build/rceti_keyboard/build/lib/rceti_keyboard/rceti_keyboard_controller.py -> /home/user/Documents/Capstone/RCETI/install/rceti_keyboard/lib/python3.10/site-packages/rceti_keyboard
[1.795s] byte-compiling /home/user/Documents/Capstone/RCETI/install/rceti_keyboard/lib/python3.10/site-packages/rceti_keyboard/rceti_keyboard_controller.py to rceti_keyboard_controller.cpython-310.pyc
[1.798s] running install_data
[1.798s] running install_egg_info
[1.799s] removing '/home/user/Documents/Capstone/RCETI/install/rceti_keyboard/lib/python3.10/site-packages/rceti_keyboard-0.0.0-py3.10.egg-info' (and everything under it)
[1.799s] Copying ../build/rceti_keyboard/rceti_keyboard.egg-info to /home/user/Documents/Capstone/RCETI/install/rceti_keyboard/lib/python3.10/site-packages/rceti_keyboard-0.0.0-py3.10.egg-info
[1.799s] running install_scripts
[1.815s] Installing rceti_keyboard script to /home/user/Documents/Capstone/RCETI/install/rceti_keyboard/lib/rceti_keyboard
[1.817s] writing list of installed files to '/home/user/Documents/Capstone/RCETI/build/rceti_keyboard/install.log'
[1.854s] Invoked command in '/home/user/Documents/Capstone/RCETI/rceti_keyboard' returned '0': PYTHONPATH=/home/user/Documents/Capstone/RCETI/build/rceti_keyboard/prefix_override:/usr/lib/python3/dist-packages/colcon_core/task/python/colcon_distutils_commands:/home/user/Documents/Capstone/RCETI/install/rceti_keyboard/lib/python3.10/site-packages:${PYTHONPATH} /usr/bin/python3 -W ignore:setup.py install is deprecated -W ignore:easy_install command is deprecated setup.py egg_info --egg-base ../build/rceti_keyboard build --build-base /home/user/Documents/Capstone/RCETI/build/rceti_keyboard/build install --record /home/user/Documents/Capstone/RCETI/build/rceti_keyboard/install.log --single-version-externally-managed install_data
