-- Install configuration: ""
-- Up-to-date: /home/user/Documents/Capstone/RCETI/install/rceti_deployment/share/ament_index/resource_index/package_run_dependencies/rceti_deployment
-- Up-to-date: /home/user/Documents/Capstone/RCETI/install/rceti_deployment/share/ament_index/resource_index/parent_prefix_path/rceti_deployment
[31mCMake Error at cmake_install.cmake:105 (file):
  file INSTALL cannot find
  "/home/user/Documents/Capstone/RCETI/rceti_deployment/meshes": No such file
  or directory.

[0m
-- Up-to-date: /home/user/Documents/Capstone/RCETI/install/rceti_deployment/share/rceti_deployment/environment/ament_prefix_path.sh
-- Up-to-date: /home/user/Documents/Capstone/RCETI/install/rceti_deployment/share/rceti_deployment/environment/ament_prefix_path.dsv
-- Up-to-date: /home/user/Documents/Capstone/RCETI/install/rceti_deployment/share/rceti_deployment/environment/path.sh
-- Up-to-date: /home/user/Documents/Capstone/RCETI/install/rceti_deployment/share/rceti_deployment/environment/path.dsv
-- Up-to-date: /home/user/Documents/Capstone/RCETI/install/rceti_deployment/share/rceti_deployment/local_setup.bash
-- Up-to-date: /home/user/Documents/Capstone/RCETI/install/rceti_deployment/share/rceti_deployment/local_setup.sh
-- Up-to-date: /home/user/Documents/Capstone/RCETI/install/rceti_deployment/share/rceti_deployment/local_setup.zsh
-- Up-to-date: /home/user/Documents/Capstone/RCETI/install/rceti_deployment/share/rceti_deployment/local_setup.dsv
-- Up-to-date: /home/user/Documents/Capstone/RCETI/install/rceti_deployment/share/rceti_deployment/package.dsv
-- Up-to-date: /home/user/Documents/Capstone/RCETI/install/rceti_deployment/share/ament_index/resource_index/packages/rceti_deployment
-- Up-to-date: /home/user/Documents/Capstone/RCETI/install/rceti_deployment/share/rceti_deployment/cmake/rceti_deploymentConfig.cmake
-- Up-to-date: /home/user/Documents/Capstone/RCETI/install/rceti_deployment/share/rceti_deployment/cmake/rceti_deploymentConfig-version.cmake
-- Up-to-date: /home/user/Documents/Capstone/RCETI/install/rceti_deployment/share/rceti_deployment/package.xml
-- Up-to-date: /home/user/Documents/Capstone/RCETI/install/rceti_deployment/share/rceti_deployment/config
-- Up-to-date: /home/user/Documents/Capstone/RCETI/install/rceti_deployment/share/rceti_deployment/config/visualize_description.rviz
-- Up-to-date: /home/user/Documents/Capstone/RCETI/install/rceti_deployment/share/rceti_deployment/launch
-- Up-to-date: /home/user/Documents/Capstone/RCETI/install/rceti_deployment/share/rceti_deployment/launch/rceti_deployment.launch.xml
-- Up-to-date: /home/user/Documents/Capstone/RCETI/install/rceti_deployment/share/rceti_deployment/launch/load_rceti_deployment.launch.xml
