[1.724s] Invoking command in '/home/user/Documents/Capstone/RCETI/rceti_controller': PYTHONPATH=/home/user/Documents/Capstone/RCETI/build/rceti_controller/prefix_override:/usr/lib/python3/dist-packages/colcon_core/task/python/colcon_distutils_commands:/home/user/Documents/Capstone/RCETI/install/rceti_controller/lib/python3.10/site-packages:${PYTHONPATH} /usr/bin/python3 -W ignore:setup.py install is deprecated -W ignore:easy_install command is deprecated setup.py egg_info --egg-base ../build/rceti_controller build --build-base /home/user/Documents/Capstone/RCETI/build/rceti_controller/build install --record /home/user/Documents/Capstone/RCETI/build/rceti_controller/install.log --single-version-externally-managed install_data
[2.224s] running egg_info
[2.226s] writing ../build/rceti_controller/rceti_controller.egg-info/PKG-INFO
[2.230s] writing dependency_links to ../build/rceti_controller/rceti_controller.egg-info/dependency_links.txt
[2.233s] writing entry points to ../build/rceti_controller/rceti_controller.egg-info/entry_points.txt
[2.233s] writing requirements to ../build/rceti_controller/rceti_controller.egg-info/requires.txt
[2.236s] writing top-level names to ../build/rceti_controller/rceti_controller.egg-info/top_level.txt
[2.245s] reading manifest file '../build/rceti_controller/rceti_controller.egg-info/SOURCES.txt'
[2.255s] adding license file 'LICENSE'
[2.269s] writing manifest file '../build/rceti_controller/rceti_controller.egg-info/SOURCES.txt'
[2.278s] running build
[2.290s] running build_py
[2.290s] running install
[2.291s] running install_lib
[2.291s] running install_data
[2.292s] running install_egg_info
[2.292s] removing '/home/user/Documents/Capstone/RCETI/install/rceti_controller/lib/python3.10/site-packages/rceti_controller-0.0.0-py3.10.egg-info' (and everything under it)
[2.318s] Copying ../build/rceti_controller/rceti_controller.egg-info to /home/user/Documents/Capstone/RCETI/install/rceti_controller/lib/python3.10/site-packages/rceti_controller-0.0.0-py3.10.egg-info
[2.318s] running install_scripts
[2.451s] Installing rceti_controller script to /home/user/Documents/Capstone/RCETI/install/rceti_controller/lib/rceti_controller
[2.451s] writing list of installed files to '/home/user/Documents/Capstone/RCETI/build/rceti_controller/install.log'
[2.681s] Invoked command in '/home/user/Documents/Capstone/RCETI/rceti_controller' returned '0': PYTHONPATH=/home/user/Documents/Capstone/RCETI/build/rceti_controller/prefix_override:/usr/lib/python3/dist-packages/colcon_core/task/python/colcon_distutils_commands:/home/user/Documents/Capstone/RCETI/install/rceti_controller/lib/python3.10/site-packages:${PYTHONPATH} /usr/bin/python3 -W ignore:setup.py install is deprecated -W ignore:easy_install command is deprecated setup.py egg_info --egg-base ../build/rceti_controller build --build-base /home/user/Documents/Capstone/RCETI/build/rceti_controller/build install --record /home/user/Documents/Capstone/RCETI/build/rceti_controller/install.log --single-version-externally-managed install_data
