[0.469s] Invoking command in '/home/user/Documents/Capstone/RCETI/build/rceti_deployment': CMAKE_PREFIX_PATH=/opt/ros/humble /usr/bin/cmake --build /home/user/Documents/Capstone/RCETI/build/rceti_deployment -- -j4 -l4
[0.987s] Invoked command in '/home/user/Documents/Capstone/RCETI/build/rceti_deployment' returned '0': CMAKE_PREFIX_PATH=/opt/ros/humble /usr/bin/cmake --build /home/user/Documents/Capstone/RCETI/build/rceti_deployment -- -j4 -l4
[1.004s] Invoking command in '/home/user/Documents/Capstone/RCETI/build/rceti_deployment': CMAKE_PREFIX_PATH=/opt/ros/humble /usr/bin/cmake --install /home/user/Documents/Capstone/RCETI/build/rceti_deployment
[1.024s] -- Install configuration: ""
[1.024s] -- Up-to-date: /home/user/Documents/Capstone/RCETI/install/rceti_deployment/share/ament_index/resource_index/package_run_dependencies/rceti_deployment
[1.024s] -- Up-to-date: /home/user/Documents/Capstone/RCETI/install/rceti_deployment/share/ament_index/resource_index/parent_prefix_path/rceti_deployment
[1.025s] -- Up-to-date: /home/user/Documents/Capstone/RCETI/install/rceti_deployment/share/rceti_deployment/environment/ament_prefix_path.sh
[1.037s] -- Up-to-date: /home/user/Documents/Capstone/RCETI/install/rceti_deployment/share/rceti_deployment/environment/ament_prefix_path.dsv
[1.040s] -- Up-to-date: /home/user/Documents/Capstone/RCETI/install/rceti_deployment/share/rceti_deployment/environment/path.sh
[1.041s] -- Up-to-date: /home/user/Documents/Capstone/RCETI/install/rceti_deployment/share/rceti_deployment/environment/path.dsv
[1.042s] -- Up-to-date: /home/user/Documents/Capstone/RCETI/install/rceti_deployment/share/rceti_deployment/local_setup.bash
[1.043s] -- Up-to-date: /home/user/Documents/Capstone/RCETI/install/rceti_deployment/share/rceti_deployment/local_setup.sh
[1.043s] -- Up-to-date: /home/user/Documents/Capstone/RCETI/install/rceti_deployment/share/rceti_deployment/local_setup.zsh
[1.043s] -- Up-to-date: /home/user/Documents/Capstone/RCETI/install/rceti_deployment/share/rceti_deployment/local_setup.dsv
[1.043s] -- Installing: /home/user/Documents/Capstone/RCETI/install/rceti_deployment/share/rceti_deployment/package.dsv
[1.043s] -- Up-to-date: /home/user/Documents/Capstone/RCETI/install/rceti_deployment/share/ament_index/resource_index/packages/rceti_deployment
[1.043s] -- Up-to-date: /home/user/Documents/Capstone/RCETI/install/rceti_deployment/share/rceti_deployment/cmake/rceti_deploymentConfig.cmake
[1.048s] -- Up-to-date: /home/user/Documents/Capstone/RCETI/install/rceti_deployment/share/rceti_deployment/cmake/rceti_deploymentConfig-version.cmake
[1.053s] -- Up-to-date: /home/user/Documents/Capstone/RCETI/install/rceti_deployment/share/rceti_deployment/package.xml
[1.053s] -- Up-to-date: /home/user/Documents/Capstone/RCETI/install/rceti_deployment/share/rceti_deployment/config
[1.056s] -- Up-to-date: /home/user/Documents/Capstone/RCETI/install/rceti_deployment/share/rceti_deployment/config/visualize_description.rviz
[1.056s] -- Up-to-date: /home/user/Documents/Capstone/RCETI/install/rceti_deployment/share/rceti_deployment/launch
[1.056s] -- Up-to-date: /home/user/Documents/Capstone/RCETI/install/rceti_deployment/share/rceti_deployment/launch/rceti_deployment.launch.xml
[1.059s] -- Up-to-date: /home/user/Documents/Capstone/RCETI/install/rceti_deployment/share/rceti_deployment/launch/load_rceti_deployment.launch.xml
[1.059s] -- Up-to-date: /home/user/Documents/Capstone/RCETI/install/rceti_deployment/share/rceti_deployment/meshes
[1.059s] -- Up-to-date: /home/user/Documents/Capstone/RCETI/install/rceti_deployment/share/rceti_deployment/urdf
[1.061s] -- Up-to-date: /home/user/Documents/Capstone/RCETI/install/rceti_deployment/share/rceti_deployment/urdf/scene.urdf.xacro
[1.061s] Invoked command in '/home/user/Documents/Capstone/RCETI/build/rceti_deployment' returned '0': CMAKE_PREFIX_PATH=/opt/ros/humble /usr/bin/cmake --install /home/user/Documents/Capstone/RCETI/build/rceti_deployment
