[2.260s] Invoking command in '/home/user/Documents/Capstone/RCETI/rceti_keyboard': PYTHONPATH=/home/user/Documents/Capstone/RCETI/build/rceti_keyboard/prefix_override:/usr/lib/python3/dist-packages/colcon_core/task/python/colcon_distutils_commands:/home/user/Documents/Capstone/RCETI/install/rceti_keyboard/lib/python3.10/site-packages:${PYTHONPATH} /usr/bin/python3 -W ignore:setup.py install is deprecated -W ignore:easy_install command is deprecated setup.py egg_info --egg-base ../build/rceti_keyboard build --build-base /home/user/Documents/Capstone/RCETI/build/rceti_keyboard/build install --record /home/user/Documents/Capstone/RCETI/build/rceti_keyboard/install.log --single-version-externally-managed install_data
[2.953s] running egg_info
[2.968s] writing ../build/rceti_keyboard/rceti_keyboard.egg-info/PKG-INFO
[2.969s] writing dependency_links to ../build/rceti_keyboard/rceti_keyboard.egg-info/dependency_links.txt
[2.969s] writing entry points to ../build/rceti_keyboard/rceti_keyboard.egg-info/entry_points.txt
[2.969s] writing requirements to ../build/rceti_keyboard/rceti_keyboard.egg-info/requires.txt
[2.969s] writing top-level names to ../build/rceti_keyboard/rceti_keyboard.egg-info/top_level.txt
[2.980s] reading manifest file '../build/rceti_keyboard/rceti_keyboard.egg-info/SOURCES.txt'
[2.980s] adding license file 'LICENSE'
[2.988s] writing manifest file '../build/rceti_keyboard/rceti_keyboard.egg-info/SOURCES.txt'
[2.989s] running build
[2.989s] running build_py
[2.989s] running install
[2.989s] running install_lib
[2.991s] running install_data
[2.992s] running install_egg_info
[3.001s] removing '/home/user/Documents/Capstone/RCETI/install/rceti_keyboard/lib/python3.10/site-packages/rceti_keyboard-0.0.0-py3.10.egg-info' (and everything under it)
[3.003s] Copying ../build/rceti_keyboard/rceti_keyboard.egg-info to /home/user/Documents/Capstone/RCETI/install/rceti_keyboard/lib/python3.10/site-packages/rceti_keyboard-0.0.0-py3.10.egg-info
[3.006s] running install_scripts
[3.068s] Installing rceti_keyboard script to /home/user/Documents/Capstone/RCETI/install/rceti_keyboard/lib/rceti_keyboard
[3.068s] writing list of installed files to '/home/user/Documents/Capstone/RCETI/build/rceti_keyboard/install.log'
[3.127s] Invoked command in '/home/user/Documents/Capstone/RCETI/rceti_keyboard' returned '0': PYTHONPATH=/home/user/Documents/Capstone/RCETI/build/rceti_keyboard/prefix_override:/usr/lib/python3/dist-packages/colcon_core/task/python/colcon_distutils_commands:/home/user/Documents/Capstone/RCETI/install/rceti_keyboard/lib/python3.10/site-packages:${PYTHONPATH} /usr/bin/python3 -W ignore:setup.py install is deprecated -W ignore:easy_install command is deprecated setup.py egg_info --egg-base ../build/rceti_keyboard build --build-base /home/user/Documents/Capstone/RCETI/build/rceti_keyboard/build install --record /home/user/Documents/Capstone/RCETI/build/rceti_keyboard/install.log --single-version-externally-managed install_data
