[0.219s] DEBUG:colcon:Command line arguments: ['/usr/bin/colcon', 'build']
[0.219s] DEBUG:colcon:Parsed command line arguments: Namespace(log_base=None, log_level=None, verb_name='build', build_base='build', install_base='install', merge_install=False, symlink_install=False, test_result_base=None, continue_on_error=False, executor='parallel', parallel_workers=4, event_handlers=None, ignore_user_meta=False, metas=['./colcon.meta'], base_paths=['.'], packages_ignore=None, packages_ignore_regex=None, paths=None, packages_up_to=None, packages_up_to_regex=None, packages_above=None, packages_above_and_dependencies=None, packages_above_depth=None, packages_select_by_dep=None, packages_skip_by_dep=None, packages_skip_up_to=None, packages_select_build_failed=False, packages_skip_build_finished=False, packages_select_test_failures=False, packages_skip_test_passed=False, packages_select=None, packages_skip=None, packages_select_regex=None, packages_skip_regex=None, packages_start=None, packages_end=None, allow_overriding=[], cmake_args=None, cmake_target=None, cmake_target_skip_unavailable=False, cmake_clean_cache=False, cmake_clean_first=False, cmake_force_configure=False, ament_cmake_args=None, catkin_cmake_args=None, catkin_skip_building_tests=False, mixin_files=None, mixin=None, verb_parser=<colcon_mixin.mixin.mixin_argument.MixinArgumentDecorator object at 0x7e45bf1d0340>, verb_extension=<colcon_core.verb.build.BuildVerb object at 0x7e45bf1a3d30>, main=<bound method BuildVerb.main of <colcon_core.verb.build.BuildVerb object at 0x7e45bf1a3d30>>, mixin_verb=('build',))
[0.581s] Level 1:colcon.colcon_core.package_discovery:discover_packages(colcon_meta) check parameters
[0.582s] Level 1:colcon.colcon_core.package_discovery:discover_packages(recursive) check parameters
[0.582s] Level 1:colcon.colcon_core.package_discovery:discover_packages(ignore) check parameters
[0.582s] Level 1:colcon.colcon_core.package_discovery:discover_packages(path) check parameters
[0.582s] Level 1:colcon.colcon_core.package_discovery:discover_packages(colcon_meta) discover
[0.582s] Level 1:colcon.colcon_core.package_discovery:discover_packages(recursive) discover
[0.582s] INFO:colcon.colcon_core.package_discovery:Crawling recursively for packages in '/home/user/Documents/Capstone/RCETI'
[0.582s] Level 1:colcon.colcon_core.package_identification:_identify(.) by extensions ['ignore', 'ignore_ament_install']
[0.583s] Level 1:colcon.colcon_core.package_identification:_identify(.) by extension 'ignore'
[0.583s] Level 1:colcon.colcon_core.package_identification:_identify(.) by extension 'ignore_ament_install'
[0.583s] Level 1:colcon.colcon_core.package_identification:_identify(.) by extensions ['colcon_pkg']
[0.584s] Level 1:colcon.colcon_core.package_identification:_identify(.) by extension 'colcon_pkg'
[0.584s] Level 1:colcon.colcon_core.package_identification:_identify(.) by extensions ['colcon_meta']
[0.584s] Level 1:colcon.colcon_core.package_identification:_identify(.) by extension 'colcon_meta'
[0.584s] Level 1:colcon.colcon_core.package_identification:_identify(.) by extensions ['ros']
[0.584s] Level 1:colcon.colcon_core.package_identification:_identify(.) by extension 'ros'
[0.605s] Level 1:colcon.colcon_core.package_identification:_identify(.) by extensions ['cmake', 'python']
[0.605s] Level 1:colcon.colcon_core.package_identification:_identify(.) by extension 'cmake'
[0.605s] Level 1:colcon.colcon_core.package_identification:_identify(.) by extension 'python'
[0.606s] Level 1:colcon.colcon_core.package_identification:_identify(.) by extensions ['python_setup_py']
[0.606s] Level 1:colcon.colcon_core.package_identification:_identify(.) by extension 'python_setup_py'
[0.606s] Level 1:colcon.colcon_core.package_identification:_identify(build) by extensions ['ignore', 'ignore_ament_install']
[0.607s] Level 1:colcon.colcon_core.package_identification:_identify(build) by extension 'ignore'
[0.607s] Level 1:colcon.colcon_core.package_identification:_identify(build) ignored
[0.608s] Level 1:colcon.colcon_core.package_identification:_identify(install) by extensions ['ignore', 'ignore_ament_install']
[0.608s] Level 1:colcon.colcon_core.package_identification:_identify(install) by extension 'ignore'
[0.609s] Level 1:colcon.colcon_core.package_identification:_identify(install) ignored
[0.609s] Level 1:colcon.colcon_core.package_identification:_identify(log) by extensions ['ignore', 'ignore_ament_install']
[0.609s] Level 1:colcon.colcon_core.package_identification:_identify(log) by extension 'ignore'
[0.610s] Level 1:colcon.colcon_core.package_identification:_identify(log) ignored
[0.610s] Level 1:colcon.colcon_core.package_identification:_identify(rceti_controller) by extensions ['ignore', 'ignore_ament_install']
[0.610s] Level 1:colcon.colcon_core.package_identification:_identify(rceti_controller) by extension 'ignore'
[0.610s] Level 1:colcon.colcon_core.package_identification:_identify(rceti_controller) by extension 'ignore_ament_install'
[0.610s] Level 1:colcon.colcon_core.package_identification:_identify(rceti_controller) by extensions ['colcon_pkg']
[0.610s] Level 1:colcon.colcon_core.package_identification:_identify(rceti_controller) by extension 'colcon_pkg'
[0.610s] Level 1:colcon.colcon_core.package_identification:_identify(rceti_controller) by extensions ['colcon_meta']
[0.611s] Level 1:colcon.colcon_core.package_identification:_identify(rceti_controller) by extension 'colcon_meta'
[0.611s] Level 1:colcon.colcon_core.package_identification:_identify(rceti_controller) by extensions ['ros']
[0.611s] Level 1:colcon.colcon_core.package_identification:_identify(rceti_controller) by extension 'ros'
[0.615s] DEBUG:colcon.colcon_core.package_identification:Package 'rceti_controller' with type 'ros.ament_python' and name 'rceti_controller'
[0.615s] Level 1:colcon.colcon_core.package_identification:_identify(rceti_deployment) by extensions ['ignore', 'ignore_ament_install']
[0.616s] Level 1:colcon.colcon_core.package_identification:_identify(rceti_deployment) by extension 'ignore'
[0.616s] Level 1:colcon.colcon_core.package_identification:_identify(rceti_deployment) by extension 'ignore_ament_install'
[0.616s] Level 1:colcon.colcon_core.package_identification:_identify(rceti_deployment) by extensions ['colcon_pkg']
[0.616s] Level 1:colcon.colcon_core.package_identification:_identify(rceti_deployment) by extension 'colcon_pkg'
[0.617s] Level 1:colcon.colcon_core.package_identification:_identify(rceti_deployment) by extensions ['colcon_meta']
[0.617s] Level 1:colcon.colcon_core.package_identification:_identify(rceti_deployment) by extension 'colcon_meta'
[0.617s] Level 1:colcon.colcon_core.package_identification:_identify(rceti_deployment) by extensions ['ros']
[0.617s] Level 1:colcon.colcon_core.package_identification:_identify(rceti_deployment) by extension 'ros'
[0.618s] DEBUG:colcon.colcon_core.package_identification:Package 'rceti_deployment' with type 'ros.ament_cmake' and name 'rceti_deployment'
[0.618s] Level 1:colcon.colcon_core.package_identification:_identify(rceti_keyboard) by extensions ['ignore', 'ignore_ament_install']
[0.618s] Level 1:colcon.colcon_core.package_identification:_identify(rceti_keyboard) by extension 'ignore'
[0.619s] Level 1:colcon.colcon_core.package_identification:_identify(rceti_keyboard) by extension 'ignore_ament_install'
[0.619s] Level 1:colcon.colcon_core.package_identification:_identify(rceti_keyboard) by extensions ['colcon_pkg']
[0.619s] Level 1:colcon.colcon_core.package_identification:_identify(rceti_keyboard) by extension 'colcon_pkg'
[0.619s] Level 1:colcon.colcon_core.package_identification:_identify(rceti_keyboard) by extensions ['colcon_meta']
[0.619s] Level 1:colcon.colcon_core.package_identification:_identify(rceti_keyboard) by extension 'colcon_meta'
[0.619s] Level 1:colcon.colcon_core.package_identification:_identify(rceti_keyboard) by extensions ['ros']
[0.619s] Level 1:colcon.colcon_core.package_identification:_identify(rceti_keyboard) by extension 'ros'
[0.620s] DEBUG:colcon.colcon_core.package_identification:Package 'rceti_keyboard' with type 'ros.ament_python' and name 'rceti_keyboard'
[0.620s] Level 1:colcon.colcon_core.package_identification:_identify(rceti_support) by extensions ['ignore', 'ignore_ament_install']
[0.621s] Level 1:colcon.colcon_core.package_identification:_identify(rceti_support) by extension 'ignore'
[0.621s] Level 1:colcon.colcon_core.package_identification:_identify(rceti_support) by extension 'ignore_ament_install'
[0.621s] Level 1:colcon.colcon_core.package_identification:_identify(rceti_support) by extensions ['colcon_pkg']
[0.621s] Level 1:colcon.colcon_core.package_identification:_identify(rceti_support) by extension 'colcon_pkg'
[0.621s] Level 1:colcon.colcon_core.package_identification:_identify(rceti_support) by extensions ['colcon_meta']
[0.622s] Level 1:colcon.colcon_core.package_identification:_identify(rceti_support) by extension 'colcon_meta'
[0.622s] Level 1:colcon.colcon_core.package_identification:_identify(rceti_support) by extensions ['ros']
[0.622s] Level 1:colcon.colcon_core.package_identification:_identify(rceti_support) by extension 'ros'
[0.623s] DEBUG:colcon.colcon_core.package_identification:Package 'rceti_support' with type 'ros.ament_cmake' and name 'rceti_support'
[0.623s] Level 1:colcon.colcon_core.package_discovery:discover_packages(recursive) using defaults
[0.623s] Level 1:colcon.colcon_core.package_discovery:discover_packages(ignore) discover
[0.623s] Level 1:colcon.colcon_core.package_discovery:discover_packages(ignore) using defaults
[0.623s] Level 1:colcon.colcon_core.package_discovery:discover_packages(path) discover
[0.623s] Level 1:colcon.colcon_core.package_discovery:discover_packages(path) using defaults
[0.673s] Level 1:colcon.colcon_core.package_discovery:discover_packages(prefix_path) check parameters
[0.673s] Level 1:colcon.colcon_core.package_discovery:discover_packages(prefix_path) discover
[0.678s] DEBUG:colcon.colcon_installed_package_information.package_discovery:Found 271 installed packages in /opt/ros/humble
[0.682s] Level 1:colcon.colcon_core.package_discovery:discover_packages(prefix_path) using defaults
[0.765s] Level 5:colcon.colcon_core.verb:set package 'rceti_controller' build argument 'cmake_args' from command line to 'None'
[0.765s] Level 5:colcon.colcon_core.verb:set package 'rceti_controller' build argument 'cmake_target' from command line to 'None'
[0.766s] Level 5:colcon.colcon_core.verb:set package 'rceti_controller' build argument 'cmake_target_skip_unavailable' from command line to 'False'
[0.766s] Level 5:colcon.colcon_core.verb:set package 'rceti_controller' build argument 'cmake_clean_cache' from command line to 'False'
[0.766s] Level 5:colcon.colcon_core.verb:set package 'rceti_controller' build argument 'cmake_clean_first' from command line to 'False'
[0.766s] Level 5:colcon.colcon_core.verb:set package 'rceti_controller' build argument 'cmake_force_configure' from command line to 'False'
[0.766s] Level 5:colcon.colcon_core.verb:set package 'rceti_controller' build argument 'ament_cmake_args' from command line to 'None'
[0.766s] Level 5:colcon.colcon_core.verb:set package 'rceti_controller' build argument 'catkin_cmake_args' from command line to 'None'
[0.766s] Level 5:colcon.colcon_core.verb:set package 'rceti_controller' build argument 'catkin_skip_building_tests' from command line to 'False'
[0.766s] DEBUG:colcon.colcon_core.verb:Building package 'rceti_controller' with the following arguments: {'ament_cmake_args': None, 'build_base': '/home/user/Documents/Capstone/RCETI/build/rceti_controller', 'catkin_cmake_args': None, 'catkin_skip_building_tests': False, 'cmake_args': None, 'cmake_clean_cache': False, 'cmake_clean_first': False, 'cmake_force_configure': False, 'cmake_target': None, 'cmake_target_skip_unavailable': False, 'install_base': '/home/user/Documents/Capstone/RCETI/install/rceti_controller', 'merge_install': False, 'path': '/home/user/Documents/Capstone/RCETI/rceti_controller', 'symlink_install': False, 'test_result_base': None}
[0.768s] Level 5:colcon.colcon_core.verb:set package 'rceti_deployment' build argument 'cmake_args' from command line to 'None'
[0.768s] Level 5:colcon.colcon_core.verb:set package 'rceti_deployment' build argument 'cmake_target' from command line to 'None'
[0.768s] Level 5:colcon.colcon_core.verb:set package 'rceti_deployment' build argument 'cmake_target_skip_unavailable' from command line to 'False'
[0.768s] Level 5:colcon.colcon_core.verb:set package 'rceti_deployment' build argument 'cmake_clean_cache' from command line to 'False'
[0.768s] Level 5:colcon.colcon_core.verb:set package 'rceti_deployment' build argument 'cmake_clean_first' from command line to 'False'
[0.768s] Level 5:colcon.colcon_core.verb:set package 'rceti_deployment' build argument 'cmake_force_configure' from command line to 'False'
[0.768s] Level 5:colcon.colcon_core.verb:set package 'rceti_deployment' build argument 'ament_cmake_args' from command line to 'None'
[0.768s] Level 5:colcon.colcon_core.verb:set package 'rceti_deployment' build argument 'catkin_cmake_args' from command line to 'None'
[0.768s] Level 5:colcon.colcon_core.verb:set package 'rceti_deployment' build argument 'catkin_skip_building_tests' from command line to 'False'
[0.768s] DEBUG:colcon.colcon_core.verb:Building package 'rceti_deployment' with the following arguments: {'ament_cmake_args': None, 'build_base': '/home/user/Documents/Capstone/RCETI/build/rceti_deployment', 'catkin_cmake_args': None, 'catkin_skip_building_tests': False, 'cmake_args': None, 'cmake_clean_cache': False, 'cmake_clean_first': False, 'cmake_force_configure': False, 'cmake_target': None, 'cmake_target_skip_unavailable': False, 'install_base': '/home/user/Documents/Capstone/RCETI/install/rceti_deployment', 'merge_install': False, 'path': '/home/user/Documents/Capstone/RCETI/rceti_deployment', 'symlink_install': False, 'test_result_base': None}
[0.769s] Level 5:colcon.colcon_core.verb:set package 'rceti_keyboard' build argument 'cmake_args' from command line to 'None'
[0.770s] Level 5:colcon.colcon_core.verb:set package 'rceti_keyboard' build argument 'cmake_target' from command line to 'None'
[0.770s] Level 5:colcon.colcon_core.verb:set package 'rceti_keyboard' build argument 'cmake_target_skip_unavailable' from command line to 'False'
[0.770s] Level 5:colcon.colcon_core.verb:set package 'rceti_keyboard' build argument 'cmake_clean_cache' from command line to 'False'
[0.770s] Level 5:colcon.colcon_core.verb:set package 'rceti_keyboard' build argument 'cmake_clean_first' from command line to 'False'
[0.770s] Level 5:colcon.colcon_core.verb:set package 'rceti_keyboard' build argument 'cmake_force_configure' from command line to 'False'
[0.770s] Level 5:colcon.colcon_core.verb:set package 'rceti_keyboard' build argument 'ament_cmake_args' from command line to 'None'
[0.770s] Level 5:colcon.colcon_core.verb:set package 'rceti_keyboard' build argument 'catkin_cmake_args' from command line to 'None'
[0.770s] Level 5:colcon.colcon_core.verb:set package 'rceti_keyboard' build argument 'catkin_skip_building_tests' from command line to 'False'
[0.770s] DEBUG:colcon.colcon_core.verb:Building package 'rceti_keyboard' with the following arguments: {'ament_cmake_args': None, 'build_base': '/home/user/Documents/Capstone/RCETI/build/rceti_keyboard', 'catkin_cmake_args': None, 'catkin_skip_building_tests': False, 'cmake_args': None, 'cmake_clean_cache': False, 'cmake_clean_first': False, 'cmake_force_configure': False, 'cmake_target': None, 'cmake_target_skip_unavailable': False, 'install_base': '/home/user/Documents/Capstone/RCETI/install/rceti_keyboard', 'merge_install': False, 'path': '/home/user/Documents/Capstone/RCETI/rceti_keyboard', 'symlink_install': False, 'test_result_base': None}
[0.771s] Level 5:colcon.colcon_core.verb:set package 'rceti_support' build argument 'cmake_args' from command line to 'None'
[0.771s] Level 5:colcon.colcon_core.verb:set package 'rceti_support' build argument 'cmake_target' from command line to 'None'
[0.771s] Level 5:colcon.colcon_core.verb:set package 'rceti_support' build argument 'cmake_target_skip_unavailable' from command line to 'False'
[0.771s] Level 5:colcon.colcon_core.verb:set package 'rceti_support' build argument 'cmake_clean_cache' from command line to 'False'
[0.771s] Level 5:colcon.colcon_core.verb:set package 'rceti_support' build argument 'cmake_clean_first' from command line to 'False'
[0.771s] Level 5:colcon.colcon_core.verb:set package 'rceti_support' build argument 'cmake_force_configure' from command line to 'False'
[0.771s] Level 5:colcon.colcon_core.verb:set package 'rceti_support' build argument 'ament_cmake_args' from command line to 'None'
[0.771s] Level 5:colcon.colcon_core.verb:set package 'rceti_support' build argument 'catkin_cmake_args' from command line to 'None'
[0.771s] Level 5:colcon.colcon_core.verb:set package 'rceti_support' build argument 'catkin_skip_building_tests' from command line to 'False'
[0.771s] DEBUG:colcon.colcon_core.verb:Building package 'rceti_support' with the following arguments: {'ament_cmake_args': None, 'build_base': '/home/user/Documents/Capstone/RCETI/build/rceti_support', 'catkin_cmake_args': None, 'catkin_skip_building_tests': False, 'cmake_args': None, 'cmake_clean_cache': False, 'cmake_clean_first': False, 'cmake_force_configure': False, 'cmake_target': None, 'cmake_target_skip_unavailable': False, 'install_base': '/home/user/Documents/Capstone/RCETI/install/rceti_support', 'merge_install': False, 'path': '/home/user/Documents/Capstone/RCETI/rceti_support', 'symlink_install': False, 'test_result_base': None}
[0.772s] INFO:colcon.colcon_core.executor:Executing jobs using 'parallel' executor
[0.774s] DEBUG:colcon.colcon_parallel_executor.executor.parallel:run_until_complete
[0.775s] INFO:colcon.colcon_ros.task.ament_python.build:Building ROS package in '/home/user/Documents/Capstone/RCETI/rceti_controller' with build type 'ament_python'
[0.776s] Level 1:colcon.colcon_core.shell:create_environment_hook('rceti_controller', 'ament_prefix_path')
[0.779s] INFO:colcon.colcon_core.plugin_system:Skipping extension 'colcon_core.shell.bat': Not used on non-Windows systems
[0.780s] INFO:colcon.colcon_core.shell:Creating environment hook '/home/user/Documents/Capstone/RCETI/install/rceti_controller/share/rceti_controller/hook/ament_prefix_path.ps1'
[0.781s] INFO:colcon.colcon_core.shell:Creating environment descriptor '/home/user/Documents/Capstone/RCETI/install/rceti_controller/share/rceti_controller/hook/ament_prefix_path.dsv'
[0.782s] INFO:colcon.colcon_core.shell:Creating environment hook '/home/user/Documents/Capstone/RCETI/install/rceti_controller/share/rceti_controller/hook/ament_prefix_path.sh'
[0.784s] INFO:colcon.colcon_core.shell:Skip shell extension 'powershell' for command environment: Not usable outside of PowerShell
[0.784s] DEBUG:colcon.colcon_core.shell:Skip shell extension 'dsv' for command environment
[0.791s] INFO:colcon.colcon_ros.task.ament_cmake.build:Building ROS package in '/home/user/Documents/Capstone/RCETI/rceti_deployment' with build type 'ament_cmake'
[0.792s] INFO:colcon.colcon_cmake.task.cmake.build:Building CMake package in '/home/user/Documents/Capstone/RCETI/rceti_deployment'
[0.792s] INFO:colcon.colcon_core.shell:Skip shell extension 'powershell' for command environment: Not usable outside of PowerShell
[0.793s] DEBUG:colcon.colcon_core.shell:Skip shell extension 'dsv' for command environment
[0.800s] INFO:colcon.colcon_ros.task.ament_python.build:Building ROS package in '/home/user/Documents/Capstone/RCETI/rceti_keyboard' with build type 'ament_python'
[0.802s] Level 1:colcon.colcon_core.shell:create_environment_hook('rceti_keyboard', 'ament_prefix_path')
[0.802s] INFO:colcon.colcon_core.shell:Creating environment hook '/home/user/Documents/Capstone/RCETI/install/rceti_keyboard/share/rceti_keyboard/hook/ament_prefix_path.ps1'
[0.803s] INFO:colcon.colcon_core.shell:Creating environment descriptor '/home/user/Documents/Capstone/RCETI/install/rceti_keyboard/share/rceti_keyboard/hook/ament_prefix_path.dsv'
[0.804s] INFO:colcon.colcon_core.shell:Creating environment hook '/home/user/Documents/Capstone/RCETI/install/rceti_keyboard/share/rceti_keyboard/hook/ament_prefix_path.sh'
[0.806s] INFO:colcon.colcon_core.shell:Skip shell extension 'powershell' for command environment: Not usable outside of PowerShell
[0.806s] DEBUG:colcon.colcon_core.shell:Skip shell extension 'dsv' for command environment
[0.813s] INFO:colcon.colcon_ros.task.ament_cmake.build:Building ROS package in '/home/user/Documents/Capstone/RCETI/rceti_support' with build type 'ament_cmake'
[0.814s] INFO:colcon.colcon_cmake.task.cmake.build:Building CMake package in '/home/user/Documents/Capstone/RCETI/rceti_support'
[0.815s] INFO:colcon.colcon_core.shell:Skip shell extension 'powershell' for command environment: Not usable outside of PowerShell
[0.815s] DEBUG:colcon.colcon_core.shell:Skip shell extension 'dsv' for command environment
[1.306s] INFO:colcon.colcon_core.task.python.build:Building Python package in '/home/user/Documents/Capstone/RCETI/rceti_controller'
[1.317s] INFO:colcon.colcon_core.shell:Skip shell extension 'powershell' for command environment: Not usable outside of PowerShell
[1.317s] DEBUG:colcon.colcon_core.shell:Skip shell extension 'dsv' for command environment
[1.337s] DEBUG:colcon.colcon_core.event_handler.log_command:Invoking command in '/home/user/Documents/Capstone/RCETI/build/rceti_deployment': CMAKE_PREFIX_PATH=/opt/ros/humble /usr/bin/cmake /home/user/Documents/Capstone/RCETI/rceti_deployment -DCMAKE_INSTALL_PREFIX=/home/user/Documents/Capstone/RCETI/install/rceti_deployment
[2.022s] INFO:colcon.colcon_core.task.python.build:Building Python package in '/home/user/Documents/Capstone/RCETI/rceti_keyboard'
[2.024s] INFO:colcon.colcon_core.shell:Skip shell extension 'powershell' for command environment: Not usable outside of PowerShell
[2.024s] DEBUG:colcon.colcon_core.shell:Skip shell extension 'dsv' for command environment
[2.068s] DEBUG:colcon.colcon_core.event_handler.log_command:Invoking command in '/home/user/Documents/Capstone/RCETI/build/rceti_support': CMAKE_PREFIX_PATH=/opt/ros/humble /usr/bin/cmake /home/user/Documents/Capstone/RCETI/rceti_support -DCMAKE_INSTALL_PREFIX=/home/user/Documents/Capstone/RCETI/install/rceti_support
[2.956s] DEBUG:colcon.colcon_core.event_handler.log_command:Invoked command in '/home/user/Documents/Capstone/RCETI/build/rceti_deployment' returned '0': CMAKE_PREFIX_PATH=/opt/ros/humble /usr/bin/cmake /home/user/Documents/Capstone/RCETI/rceti_deployment -DCMAKE_INSTALL_PREFIX=/home/user/Documents/Capstone/RCETI/install/rceti_deployment
[2.957s] DEBUG:colcon.colcon_core.event_handler.log_command:Invoking command in '/home/user/Documents/Capstone/RCETI/build/rceti_deployment': CMAKE_PREFIX_PATH=/opt/ros/humble /usr/bin/cmake --build /home/user/Documents/Capstone/RCETI/build/rceti_deployment -- -j4 -l4
[2.980s] DEBUG:colcon.colcon_core.event_handler.log_command:Invoking command in '/home/user/Documents/Capstone/RCETI/rceti_controller': PYTHONPATH=/home/user/Documents/Capstone/RCETI/build/rceti_controller/prefix_override:/usr/lib/python3/dist-packages/colcon_core/task/python/colcon_distutils_commands:/home/user/Documents/Capstone/RCETI/install/rceti_controller/lib/python3.10/site-packages:${PYTHONPATH} /usr/bin/python3 -W ignore:setup.py install is deprecated -W ignore:easy_install command is deprecated setup.py egg_info --egg-base ../build/rceti_controller build --build-base /home/user/Documents/Capstone/RCETI/build/rceti_controller/build install --record /home/user/Documents/Capstone/RCETI/build/rceti_controller/install.log --single-version-externally-managed install_data
[3.006s] DEBUG:colcon.colcon_core.event_handler.log_command:Invoking command in '/home/user/Documents/Capstone/RCETI/rceti_keyboard': PYTHONPATH=/home/user/Documents/Capstone/RCETI/build/rceti_keyboard/prefix_override:/usr/lib/python3/dist-packages/colcon_core/task/python/colcon_distutils_commands:/home/user/Documents/Capstone/RCETI/install/rceti_keyboard/lib/python3.10/site-packages:${PYTHONPATH} /usr/bin/python3 -W ignore:setup.py install is deprecated -W ignore:easy_install command is deprecated setup.py egg_info --egg-base ../build/rceti_keyboard build --build-base /home/user/Documents/Capstone/RCETI/build/rceti_keyboard/build install --record /home/user/Documents/Capstone/RCETI/build/rceti_keyboard/install.log --single-version-externally-managed install_data
[3.055s] DEBUG:colcon.colcon_core.event_handler.log_command:Invoked command in '/home/user/Documents/Capstone/RCETI/build/rceti_deployment' returned '0': CMAKE_PREFIX_PATH=/opt/ros/humble /usr/bin/cmake --build /home/user/Documents/Capstone/RCETI/build/rceti_deployment -- -j4 -l4
[3.086s] DEBUG:colcon.colcon_core.event_handler.log_command:Invoking command in '/home/user/Documents/Capstone/RCETI/build/rceti_deployment': CMAKE_PREFIX_PATH=/opt/ros/humble /usr/bin/cmake --install /home/user/Documents/Capstone/RCETI/build/rceti_deployment
[3.126s] Level 1:colcon.colcon_core.environment:create_environment_scripts_only(rceti_deployment)
[3.128s] DEBUG:colcon.colcon_core.event_handler.log_command:Invoked command in '/home/user/Documents/Capstone/RCETI/build/rceti_deployment' returned '1': CMAKE_PREFIX_PATH=/opt/ros/humble /usr/bin/cmake --install /home/user/Documents/Capstone/RCETI/build/rceti_deployment
[3.131s] Level 1:colcon.colcon_core.environment:checking '/home/user/Documents/Capstone/RCETI/install/rceti_deployment' for CMake module files
[3.132s] Level 1:colcon.colcon_core.environment:checking '/home/user/Documents/Capstone/RCETI/install/rceti_deployment' for CMake config files
[3.134s] Level 1:colcon.colcon_core.shell:create_environment_hook('rceti_deployment', 'cmake_prefix_path')
[3.135s] INFO:colcon.colcon_core.shell:Creating environment hook '/home/user/Documents/Capstone/RCETI/install/rceti_deployment/share/rceti_deployment/hook/cmake_prefix_path.ps1'
[3.136s] INFO:colcon.colcon_core.shell:Creating environment descriptor '/home/user/Documents/Capstone/RCETI/install/rceti_deployment/share/rceti_deployment/hook/cmake_prefix_path.dsv'
[3.137s] INFO:colcon.colcon_core.shell:Creating environment hook '/home/user/Documents/Capstone/RCETI/install/rceti_deployment/share/rceti_deployment/hook/cmake_prefix_path.sh'
[3.138s] Level 1:colcon.colcon_core.environment:checking '/home/user/Documents/Capstone/RCETI/install/rceti_deployment/bin'
[3.138s] Level 1:colcon.colcon_core.environment:checking '/home/user/Documents/Capstone/RCETI/install/rceti_deployment/lib/pkgconfig/rceti_deployment.pc'
[3.139s] Level 1:colcon.colcon_core.environment:checking '/home/user/Documents/Capstone/RCETI/install/rceti_deployment/lib/python3.10/site-packages'
[3.139s] Level 1:colcon.colcon_core.environment:checking '/home/user/Documents/Capstone/RCETI/install/rceti_deployment/bin'
[3.140s] INFO:colcon.colcon_core.shell:Creating package script '/home/user/Documents/Capstone/RCETI/install/rceti_deployment/share/rceti_deployment/package.ps1'
[3.141s] INFO:colcon.colcon_core.shell:Creating package descriptor '/home/user/Documents/Capstone/RCETI/install/rceti_deployment/share/rceti_deployment/package.dsv'
[3.143s] INFO:colcon.colcon_core.shell:Creating package script '/home/user/Documents/Capstone/RCETI/install/rceti_deployment/share/rceti_deployment/package.sh'
[3.146s] INFO:colcon.colcon_core.shell:Creating package script '/home/user/Documents/Capstone/RCETI/install/rceti_deployment/share/rceti_deployment/package.bash'
[3.150s] INFO:colcon.colcon_core.shell:Creating package script '/home/user/Documents/Capstone/RCETI/install/rceti_deployment/share/rceti_deployment/package.zsh'
[3.153s] Level 1:colcon.colcon_core.environment:create_file_with_runtime_dependencies(/home/user/Documents/Capstone/RCETI/install/rceti_deployment/share/colcon-core/packages/rceti_deployment)
[3.793s] DEBUG:colcon.colcon_parallel_executor.executor.parallel:closing loop
[3.793s] DEBUG:colcon.colcon_parallel_executor.executor.parallel:loop closed
[3.795s] DEBUG:colcon.colcon_parallel_executor.executor.parallel:run_until_complete finished with '1'
[3.797s] DEBUG:colcon.colcon_core.event_reactor:joining thread
[3.808s] INFO:colcon.colcon_core.plugin_system:Skipping extension 'colcon_notification.desktop_notification.terminal_notifier': Not used on non-Darwin systems
[3.809s] INFO:colcon.colcon_core.plugin_system:Skipping extension 'colcon_notification.desktop_notification.win32': Not used on non-Windows systems
[3.809s] INFO:colcon.colcon_notification.desktop_notification:Sending desktop notification using 'notify2'
[3.840s] DEBUG:colcon.colcon_core.event_reactor:joined thread
[3.841s] INFO:colcon.colcon_core.shell:Creating prefix script '/home/user/Documents/Capstone/RCETI/install/local_setup.ps1'
[3.843s] INFO:colcon.colcon_core.shell:Creating prefix util module '/home/user/Documents/Capstone/RCETI/install/_local_setup_util_ps1.py'
[3.846s] INFO:colcon.colcon_core.shell:Creating prefix chain script '/home/user/Documents/Capstone/RCETI/install/setup.ps1'
[3.848s] INFO:colcon.colcon_core.shell:Creating prefix script '/home/user/Documents/Capstone/RCETI/install/local_setup.sh'
[3.850s] INFO:colcon.colcon_core.shell:Creating prefix util module '/home/user/Documents/Capstone/RCETI/install/_local_setup_util_sh.py'
[3.851s] INFO:colcon.colcon_core.shell:Creating prefix chain script '/home/user/Documents/Capstone/RCETI/install/setup.sh'
[3.853s] INFO:colcon.colcon_core.shell:Creating prefix script '/home/user/Documents/Capstone/RCETI/install/local_setup.bash'
[3.854s] INFO:colcon.colcon_core.shell:Creating prefix chain script '/home/user/Documents/Capstone/RCETI/install/setup.bash'
[3.857s] INFO:colcon.colcon_core.shell:Creating prefix script '/home/user/Documents/Capstone/RCETI/install/local_setup.zsh'
[3.858s] INFO:colcon.colcon_core.shell:Creating prefix chain script '/home/user/Documents/Capstone/RCETI/install/setup.zsh'
