[0.792s] Invoking command in '/home/user/Documents/Capstone/RCETI/build/rceti_support': CMAKE_PREFIX_PATH=${CMAKE_PREFIX_PATH}:/home/user/Documents/Capstone/RCETI/install/rceti_keyboard:/home/user/Documents/Capstone/RCETI/install/rceti_controller:/opt/ros/humble /usr/bin/cmake --build /home/user/Documents/Capstone/RCETI/build/rceti_support -- -j4 -l4
[0.891s] Invoked command in '/home/user/Documents/Capstone/RCETI/build/rceti_support' returned '0': CMAKE_PREFIX_PATH=${CMAKE_PREFIX_PATH}:/home/user/Documents/Capstone/RCETI/install/rceti_keyboard:/home/user/Documents/Capstone/RCETI/install/rceti_controller:/opt/ros/humble /usr/bin/cmake --build /home/user/Documents/Capstone/RCETI/build/rceti_support -- -j4 -l4
[0.895s] Invoking command in '/home/user/Documents/Capstone/RCETI/build/rceti_support': CMAKE_PREFIX_PATH=${CMAKE_PREFIX_PATH}:/home/user/Documents/Capstone/RCETI/install/rceti_keyboard:/home/user/Documents/Capstone/RCETI/install/rceti_controller:/opt/ros/humble /usr/bin/cmake --install /home/user/Documents/Capstone/RCETI/build/rceti_support
[0.908s] -- Install configuration: ""
[0.909s] -- Up-to-date: /home/user/Documents/Capstone/RCETI/install/rceti_support/share/rceti_support/config
[0.909s] -- Up-to-date: /home/user/Documents/Capstone/RCETI/install/rceti_support/share/rceti_support/config/visualize_description.rviz
[0.909s] -- Up-to-date: /home/user/Documents/Capstone/RCETI/install/rceti_support/share/rceti_support/launch
[0.909s] -- Up-to-date: /home/user/Documents/Capstone/RCETI/install/rceti_support/share/rceti_support/launch/load_rceti.launch.xml
[0.909s] -- Up-to-date: /home/user/Documents/Capstone/RCETI/install/rceti_support/share/rceti_support/launch/test_rceti.launch.xml
[0.909s] -- Up-to-date: /home/user/Documents/Capstone/RCETI/install/rceti_support/share/rceti_support/meshes
[0.909s] -- Up-to-date: /home/user/Documents/Capstone/RCETI/install/rceti_support/share/rceti_support/meshes/visual
[0.909s] -- Up-to-date: /home/user/Documents/Capstone/RCETI/install/rceti_support/share/rceti_support/meshes/visual/IF_body_frame_m.STL
[0.909s] -- Up-to-date: /home/user/Documents/Capstone/RCETI/install/rceti_support/share/rceti_support/meshes/visual/LA_slider_m.stl
[0.910s] -- Up-to-date: /home/user/Documents/Capstone/RCETI/install/rceti_support/share/rceti_support/meshes/visual/LA_rail.stl
[0.910s] -- Up-to-date: /home/user/Documents/Capstone/RCETI/install/rceti_support/share/rceti_support/meshes/visual/rot_m.STL
[0.910s] -- Up-to-date: /home/user/Documents/Capstone/RCETI/install/rceti_support/share/rceti_support/meshes/visual/rot_mot_m.STL
[0.910s] -- Up-to-date: /home/user/Documents/Capstone/RCETI/install/rceti_support/share/rceti_support/meshes/visual/IF_camera_frame_m.STL
[0.910s] -- Up-to-date: /home/user/Documents/Capstone/RCETI/install/rceti_support/share/rceti_support/urdf
[0.910s] -- Up-to-date: /home/user/Documents/Capstone/RCETI/install/rceti_support/share/rceti_support/urdf/rceti.xacro
[0.910s] -- Up-to-date: /home/user/Documents/Capstone/RCETI/install/rceti_support/share/rceti_support/urdf/rceti_macro.xacro
[0.911s] -- Up-to-date: /home/user/Documents/Capstone/RCETI/install/rceti_support/share/ament_index/resource_index/package_run_dependencies/rceti_support
[0.911s] -- Up-to-date: /home/user/Documents/Capstone/RCETI/install/rceti_support/share/ament_index/resource_index/parent_prefix_path/rceti_support
[0.911s] -- Up-to-date: /home/user/Documents/Capstone/RCETI/install/rceti_support/share/rceti_support/environment/ament_prefix_path.sh
[0.911s] -- Up-to-date: /home/user/Documents/Capstone/RCETI/install/rceti_support/share/rceti_support/environment/ament_prefix_path.dsv
[0.911s] -- Up-to-date: /home/user/Documents/Capstone/RCETI/install/rceti_support/share/rceti_support/environment/path.sh
[0.911s] -- Up-to-date: /home/user/Documents/Capstone/RCETI/install/rceti_support/share/rceti_support/environment/path.dsv
[0.911s] -- Up-to-date: /home/user/Documents/Capstone/RCETI/install/rceti_support/share/rceti_support/local_setup.bash
[0.911s] -- Up-to-date: /home/user/Documents/Capstone/RCETI/install/rceti_support/share/rceti_support/local_setup.sh
[0.912s] -- Up-to-date: /home/user/Documents/Capstone/RCETI/install/rceti_support/share/rceti_support/local_setup.zsh
[0.912s] -- Up-to-date: /home/user/Documents/Capstone/RCETI/install/rceti_support/share/rceti_support/local_setup.dsv
[0.912s] -- Installing: /home/user/Documents/Capstone/RCETI/install/rceti_support/share/rceti_support/package.dsv
[0.912s] -- Up-to-date: /home/user/Documents/Capstone/RCETI/install/rceti_support/share/ament_index/resource_index/packages/rceti_support
[0.912s] -- Up-to-date: /home/user/Documents/Capstone/RCETI/install/rceti_support/share/rceti_support/cmake/rceti_supportConfig.cmake
[0.912s] -- Up-to-date: /home/user/Documents/Capstone/RCETI/install/rceti_support/share/rceti_support/cmake/rceti_supportConfig-version.cmake
[0.912s] -- Up-to-date: /home/user/Documents/Capstone/RCETI/install/rceti_support/share/rceti_support/package.xml
[0.920s] Invoked command in '/home/user/Documents/Capstone/RCETI/build/rceti_support' returned '0': CMAKE_PREFIX_PATH=${CMAKE_PREFIX_PATH}:/home/user/Documents/Capstone/RCETI/install/rceti_keyboard:/home/user/Documents/Capstone/RCETI/install/rceti_controller:/opt/ros/humble /usr/bin/cmake --install /home/user/Documents/Capstone/RCETI/build/rceti_support
