running egg_info
writing ../build/rceti_controller/rceti_controller.egg-info/PKG-INFO
writing dependency_links to ../build/rceti_controller/rceti_controller.egg-info/dependency_links.txt
writing entry points to ../build/rceti_controller/rceti_controller.egg-info/entry_points.txt
writing requirements to ../build/rceti_controller/rceti_controller.egg-info/requires.txt
writing top-level names to ../build/rceti_controller/rceti_controller.egg-info/top_level.txt
reading manifest file '../build/rceti_controller/rceti_controller.egg-info/SOURCES.txt'
adding license file 'LICENSE'
writing manifest file '../build/rceti_controller/rceti_controller.egg-info/SOURCES.txt'
running build
running build_py
running install
running install_lib
running install_data
running install_egg_info
removing '/home/user/Documents/Capstone/RCETI/install/rceti_controller/lib/python3.10/site-packages/rceti_controller-0.0.0-py3.10.egg-info' (and everything under it)
Copying ../build/rceti_controller/rceti_controller.egg-info to /home/user/Documents/Capstone/RCETI/install/rceti_controller/lib/python3.10/site-packages/rceti_controller-0.0.0-py3.10.egg-info
running install_scripts
Installing rceti_controller script to /home/user/Documents/Capstone/RCETI/install/rceti_controller/lib/rceti_controller
writing list of installed files to '/home/user/Documents/Capstone/RCETI/build/rceti_controller/install.log'
