[1.288s] Invoking command in '/home/user/Documents/Capstone/RCETI/rceti_controller': PYTHONPATH=/home/user/Documents/Capstone/RCETI/build/rceti_controller/prefix_override:/usr/lib/python3/dist-packages/colcon_core/task/python/colcon_distutils_commands:/home/user/Documents/Capstone/RCETI/install/rceti_controller/lib/python3.10/site-packages:${PYTHONPATH} /usr/bin/python3 -W ignore:setup.py install is deprecated -W ignore:easy_install command is deprecated setup.py egg_info --egg-base ../build/rceti_controller build --build-base /home/user/Documents/Capstone/RCETI/build/rceti_controller/build install --record /home/user/Documents/Capstone/RCETI/build/rceti_controller/install.log --single-version-externally-managed install_data
[1.626s] running egg_info
[1.626s] writing ../build/rceti_controller/rceti_controller.egg-info/PKG-INFO
[1.629s] writing dependency_links to ../build/rceti_controller/rceti_controller.egg-info/dependency_links.txt
[1.632s] writing entry points to ../build/rceti_controller/rceti_controller.egg-info/entry_points.txt
[1.633s] writing requirements to ../build/rceti_controller/rceti_controller.egg-info/requires.txt
[1.633s] writing top-level names to ../build/rceti_controller/rceti_controller.egg-info/top_level.txt
[1.634s] reading manifest file '../build/rceti_controller/rceti_controller.egg-info/SOURCES.txt'
[1.635s] adding license file 'LICENSE'
[1.635s] writing manifest file '../build/rceti_controller/rceti_controller.egg-info/SOURCES.txt'
[1.636s] running build
[1.637s] running build_py
[1.637s] running install
[1.637s] running install_lib
[1.638s] running install_data
[1.638s] running install_egg_info
[1.641s] removing '/home/user/Documents/Capstone/RCETI/install/rceti_controller/lib/python3.10/site-packages/rceti_controller-0.0.0-py3.10.egg-info' (and everything under it)
[1.642s] Copying ../build/rceti_controller/rceti_controller.egg-info to /home/user/Documents/Capstone/RCETI/install/rceti_controller/lib/python3.10/site-packages/rceti_controller-0.0.0-py3.10.egg-info
[1.643s] running install_scripts
[1.671s] Installing rceti_controller script to /home/user/Documents/Capstone/RCETI/install/rceti_controller/lib/rceti_controller
[1.671s] writing list of installed files to '/home/user/Documents/Capstone/RCETI/build/rceti_controller/install.log'
[1.712s] Invoked command in '/home/user/Documents/Capstone/RCETI/rceti_controller' returned '0': PYTHONPATH=/home/user/Documents/Capstone/RCETI/build/rceti_controller/prefix_override:/usr/lib/python3/dist-packages/colcon_core/task/python/colcon_distutils_commands:/home/user/Documents/Capstone/RCETI/install/rceti_controller/lib/python3.10/site-packages:${PYTHONPATH} /usr/bin/python3 -W ignore:setup.py install is deprecated -W ignore:easy_install command is deprecated setup.py egg_info --egg-base ../build/rceti_controller build --build-base /home/user/Documents/Capstone/RCETI/build/rceti_controller/build install --record /home/user/Documents/Capstone/RCETI/build/rceti_controller/install.log --single-version-externally-managed install_data
