[0.772s] Invoking command in '/home/user/Documents/Capstone/RCETI/build/rceti_deployment': CMAKE_PREFIX_PATH=/opt/ros/humble /usr/bin/cmake --build /home/user/Documents/Capstone/RCETI/build/rceti_deployment -- -j4 -l4
[1.416s] Invoked command in '/home/user/Documents/Capstone/RCETI/build/rceti_deployment' returned '0': CMAKE_PREFIX_PATH=/opt/ros/humble /usr/bin/cmake --build /home/user/Documents/Capstone/RCETI/build/rceti_deployment -- -j4 -l4
[1.460s] Invoking command in '/home/user/Documents/Capstone/RCETI/build/rceti_deployment': CMAKE_PREFIX_PATH=/opt/ros/humble /usr/bin/cmake --install /home/user/Documents/Capstone/RCETI/build/rceti_deployment
[1.493s] -- Install configuration: ""
[1.495s] -- Up-to-date: /home/user/Documents/Capstone/RCETI/install/rceti_deployment/share/ament_index/resource_index/package_run_dependencies/rceti_deployment
[1.496s] -- Up-to-date: /home/user/Documents/Capstone/RCETI/install/rceti_deployment/share/ament_index/resource_index/parent_prefix_path/rceti_deployment
[1.496s] -- Up-to-date: /home/user/Documents/Capstone/RCETI/install/rceti_deployment/share/rceti_deployment/environment/ament_prefix_path.sh
[1.496s] -- Up-to-date: /home/user/Documents/Capstone/RCETI/install/rceti_deployment/share/rceti_deployment/environment/ament_prefix_path.dsv
[1.497s] -- Up-to-date: /home/user/Documents/Capstone/RCETI/install/rceti_deployment/share/rceti_deployment/environment/path.sh
[1.497s] -- Up-to-date: /home/user/Documents/Capstone/RCETI/install/rceti_deployment/share/rceti_deployment/environment/path.dsv
[1.498s] -- Up-to-date: /home/user/Documents/Capstone/RCETI/install/rceti_deployment/share/rceti_deployment/local_setup.bash
[1.500s] -- Up-to-date: /home/user/Documents/Capstone/RCETI/install/rceti_deployment/share/rceti_deployment/local_setup.sh
[1.501s] -- Up-to-date: /home/user/Documents/Capstone/RCETI/install/rceti_deployment/share/rceti_deployment/local_setup.zsh
[1.501s] -- Up-to-date: /home/user/Documents/Capstone/RCETI/install/rceti_deployment/share/rceti_deployment/local_setup.dsv
[1.501s] -- Installing: /home/user/Documents/Capstone/RCETI/install/rceti_deployment/share/rceti_deployment/package.dsv
[1.501s] -- Up-to-date: /home/user/Documents/Capstone/RCETI/install/rceti_deployment/share/ament_index/resource_index/packages/rceti_deployment
[1.502s] -- Up-to-date: /home/user/Documents/Capstone/RCETI/install/rceti_deployment/share/rceti_deployment/cmake/rceti_deploymentConfig.cmake
[1.502s] -- Up-to-date: /home/user/Documents/Capstone/RCETI/install/rceti_deployment/share/rceti_deployment/cmake/rceti_deploymentConfig-version.cmake
[1.506s] -- Up-to-date: /home/user/Documents/Capstone/RCETI/install/rceti_deployment/share/rceti_deployment/package.xml
[1.506s] -- Up-to-date: /home/user/Documents/Capstone/RCETI/install/rceti_deployment/share/rceti_deployment/config
[1.507s] -- Up-to-date: /home/user/Documents/Capstone/RCETI/install/rceti_deployment/share/rceti_deployment/config/visualize_description.rviz
[1.507s] -- Up-to-date: /home/user/Documents/Capstone/RCETI/install/rceti_deployment/share/rceti_deployment/launch
[1.508s] -- Up-to-date: /home/user/Documents/Capstone/RCETI/install/rceti_deployment/share/rceti_deployment/launch/rceti_deployment.launch.xml
[1.508s] -- Up-to-date: /home/user/Documents/Capstone/RCETI/install/rceti_deployment/share/rceti_deployment/launch/load_rceti_deployment.launch.xml
[1.523s] [31mCMake Error at cmake_install.cmake:105 (file):
[1.523s]   file INSTALL cannot find
[1.523s]   "/home/user/Documents/Capstone/RCETI/rceti_deployment/meshes": No such file
[1.523s]   or directory.
[1.523s] 
[1.523s] [0m
[1.524s] Invoked command in '/home/user/Documents/Capstone/RCETI/build/rceti_deployment' returned '1': CMAKE_PREFIX_PATH=/opt/ros/humble /usr/bin/cmake --install /home/user/Documents/Capstone/RCETI/build/rceti_deployment
