running egg_info
writing ../build/rceti_controller/rceti_controller.egg-info/PKG-INFO
writing dependency_links to ../build/rceti_controller/rceti_controller.egg-info/dependency_links.txt
writing entry points to ../build/rceti_controller/rceti_controller.egg-info/entry_points.txt
writing requirements to ../build/rceti_controller/rceti_controller.egg-info/requires.txt
writing top-level names to ../build/rceti_controller/rceti_controller.egg-info/top_level.txt
writing manifest file '../build/rceti_controller/rceti_controller.egg-info/SOURCES.txt'
reading manifest file '../build/rceti_controller/rceti_controller.egg-info/SOURCES.txt'
adding license file 'LICENSE'
writing manifest file '../build/rceti_controller/rceti_controller.egg-info/SOURCES.txt'
running build
running build_py
copying rceti_controller/rceti_robot_controller.py -> /home/user/Documents/Capstone/RCETI/build/rceti_controller/build/lib/rceti_controller
copying rceti_controller/__init__.py -> /home/user/Documents/Capstone/RCETI/build/rceti_controller/build/lib/rceti_controller
running install
running install_lib
copying /home/user/Documents/Capstone/RCETI/build/rceti_controller/build/lib/rceti_controller/rceti_robot_controller.py -> /home/user/Documents/Capstone/RCETI/install/rceti_controller/lib/python3.10/site-packages/rceti_controller
copying /home/user/Documents/Capstone/RCETI/build/rceti_controller/build/lib/rceti_controller/__init__.py -> /home/user/Documents/Capstone/RCETI/install/rceti_controller/lib/python3.10/site-packages/rceti_controller
byte-compiling /home/user/Documents/Capstone/RCETI/install/rceti_controller/lib/python3.10/site-packages/rceti_controller/rceti_robot_controller.py to rceti_robot_controller.cpython-310.pyc
byte-compiling /home/user/Documents/Capstone/RCETI/install/rceti_controller/lib/python3.10/site-packages/rceti_controller/__init__.py to __init__.cpython-310.pyc
running install_data
copying resource/rceti_controller -> /home/user/Documents/Capstone/RCETI/install/rceti_controller/share/ament_index/resource_index/packages
copying package.xml -> /home/user/Documents/Capstone/RCETI/install/rceti_controller/share/rceti_controller
running install_egg_info
removing '/home/user/Documents/Capstone/RCETI/install/rceti_controller/lib/python3.10/site-packages/rceti_controller-0.0.0-py3.10.egg-info' (and everything under it)
Copying ../build/rceti_controller/rceti_controller.egg-info to /home/user/Documents/Capstone/RCETI/install/rceti_controller/lib/python3.10/site-packages/rceti_controller-0.0.0-py3.10.egg-info
running install_scripts
Installing rceti_controller script to /home/user/Documents/Capstone/RCETI/install/rceti_controller/lib/rceti_controller
writing list of installed files to '/home/user/Documents/Capstone/RCETI/build/rceti_controller/install.log'
